file_path: C:\akcijanje\nauka\moji radovi\aktivno\wtdp\instances\Snap\raw-weighted\facebook_combined.wtdp
num_iters: 3900
time_seconds: 18000
kmin: 20
kmax_func: ndiv5
kmax_max: 40
perform_ls2: False
solution_value: 0.04386982107442047
cost: 4048
num_incorrect_nodes: 0
time_elapsed: 3.5527512000000003
solution_nodes:
107
1827
3098
4011
349
1821
1831
1843
352
348
0
351
solution_internal_edges:
(0, 107, 1)
(107, 349, 1)
(107, 348, 1)
(107, 0, 1)
(107, 351, 1)
(348, 107, 1)
(348, 349, 1)
(349, 107, 1)
(349, 348, 1)
(351, 107, 1)
(352, 3098, 1)
(1821, 1843, 1)
(1827, 4011, 1)
(1831, 1843, 1)
(1843, 1821, 1)
(1843, 1831, 1)
(3098, 352, 1)
(4011, 1827, 1)
solution_external_edges:
(1, 0, 1)
(2, 0, 1)
(3, 0, 1)
(4, 0, 1)
(5, 0, 1)
(6, 0, 1)
(7, 0, 1)
(8, 0, 1)
(9, 0, 1)
(10, 0, 1)
(11, 0, 1)
(12, 0, 1)
(13, 0, 1)
(14, 0, 1)
(15, 0, 1)
(16, 0, 1)
(17, 0, 1)
(18, 0, 1)
(19, 0, 1)
(20, 0, 1)
(21, 0, 1)
(22, 0, 1)
(23, 0, 1)
(24, 0, 1)
(25, 0, 1)
(26, 0, 1)
(27, 0, 1)
(28, 0, 1)
(29, 0, 1)
(30, 0, 1)
(31, 0, 1)
(32, 0, 1)
(33, 0, 1)
(34, 349, 1)
(35, 0, 1)
(36, 0, 1)
(37, 0, 1)
(38, 0, 1)
(39, 0, 1)
(40, 0, 1)
(41, 0, 1)
(42, 0, 1)
(43, 0, 1)
(44, 0, 1)
(45, 0, 1)
(46, 0, 1)
(47, 0, 1)
(48, 0, 1)
(49, 0, 1)
(50, 0, 1)
(51, 0, 1)
(52, 0, 1)
(53, 0, 1)
(54, 0, 1)
(55, 0, 1)
(56, 0, 1)
(57, 0, 1)
(58, 107, 1)
(59, 0, 1)
(60, 0, 1)
(61, 0, 1)
(62, 0, 1)
(63, 0, 1)
(64, 0, 1)
(65, 0, 1)
(66, 0, 1)
(67, 0, 1)
(68, 0, 1)
(69, 0, 1)
(70, 0, 1)
(71, 0, 1)
(72, 0, 1)
(73, 0, 1)
(74, 0, 1)
(75, 0, 1)
(76, 0, 1)
(77, 0, 1)
(78, 0, 1)
(79, 0, 1)
(80, 0, 1)
(81, 0, 1)
(82, 0, 1)
(83, 0, 1)
(84, 0, 1)
(85, 0, 1)
(86, 0, 1)
(87, 0, 1)
(88, 0, 1)
(89, 0, 1)
(90, 0, 1)
(91, 0, 1)
(92, 0, 1)
(93, 0, 1)
(94, 0, 1)
(95, 0, 1)
(96, 0, 1)
(97, 0, 1)
(98, 0, 1)
(99, 0, 1)
(100, 0, 1)
(101, 0, 1)
(102, 0, 1)
(103, 0, 1)
(104, 0, 1)
(105, 0, 1)
(106, 0, 1)
(108, 0, 1)
(109, 0, 1)
(110, 0, 1)
(111, 0, 1)
(112, 0, 1)
(113, 0, 1)
(114, 0, 1)
(115, 0, 1)
(116, 0, 1)
(117, 0, 1)
(118, 0, 1)
(119, 0, 1)
(120, 0, 1)
(121, 0, 1)
(122, 0, 1)
(123, 0, 1)
(124, 0, 1)
(125, 0, 1)
(126, 0, 1)
(127, 0, 1)
(128, 0, 1)
(129, 0, 1)
(130, 0, 1)
(131, 0, 1)
(132, 0, 1)
(133, 0, 1)
(134, 0, 1)
(135, 0, 1)
(136, 352, 1)
(137, 0, 1)
(138, 0, 1)
(139, 0, 1)
(140, 0, 1)
(141, 0, 1)
(142, 0, 1)
(143, 0, 1)
(144, 0, 1)
(145, 0, 1)
(146, 0, 1)
(147, 0, 1)
(148, 0, 1)
(149, 0, 1)
(150, 0, 1)
(151, 0, 1)
(152, 0, 1)
(153, 0, 1)
(154, 0, 1)
(155, 0, 1)
(156, 0, 1)
(157, 0, 1)
(158, 0, 1)
(159, 0, 1)
(160, 0, 1)
(161, 0, 1)
(162, 0, 1)
(163, 0, 1)
(164, 0, 1)
(165, 0, 1)
(166, 0, 1)
(167, 0, 1)
(168, 0, 1)
(169, 0, 1)
(170, 0, 1)
(171, 107, 1)
(172, 0, 1)
(173, 349, 1)
(174, 0, 1)
(175, 0, 1)
(176, 0, 1)
(177, 0, 1)
(178, 0, 1)
(179, 0, 1)
(180, 0, 1)
(181, 0, 1)
(182, 0, 1)
(183, 0, 1)
(184, 0, 1)
(185, 0, 1)
(186, 0, 1)
(187, 0, 1)
(188, 0, 1)
(189, 0, 1)
(190, 0, 1)
(191, 0, 1)
(192, 0, 1)
(193, 0, 1)
(194, 0, 1)
(195, 0, 1)
(196, 0, 1)
(197, 0, 1)
(198, 348, 1)
(199, 0, 1)
(200, 0, 1)
(201, 0, 1)
(202, 0, 1)
(203, 0, 1)
(204, 0, 1)
(205, 0, 1)
(206, 0, 1)
(207, 0, 1)
(208, 0, 1)
(209, 0, 1)
(210, 0, 1)
(211, 0, 1)
(212, 0, 1)
(213, 0, 1)
(214, 0, 1)
(215, 0, 1)
(216, 0, 1)
(217, 0, 1)
(218, 0, 1)
(219, 0, 1)
(220, 0, 1)
(221, 0, 1)
(222, 0, 1)
(223, 0, 1)
(224, 0, 1)
(225, 0, 1)
(226, 0, 1)
(227, 0, 1)
(228, 0, 1)
(229, 0, 1)
(230, 0, 1)
(231, 0, 1)
(232, 0, 1)
(233, 0, 1)
(234, 0, 1)
(235, 0, 1)
(236, 0, 1)
(237, 0, 1)
(238, 0, 1)
(239, 0, 1)
(240, 0, 1)
(241, 0, 1)
(242, 0, 1)
(243, 0, 1)
(244, 0, 1)
(245, 0, 1)
(246, 0, 1)
(247, 0, 1)
(248, 0, 1)
(249, 0, 1)
(250, 0, 1)
(251, 0, 1)
(252, 0, 1)
(253, 0, 1)
(254, 0, 1)
(255, 0, 1)
(256, 0, 1)
(257, 0, 1)
(258, 0, 1)
(259, 0, 1)
(260, 0, 1)
(261, 0, 1)
(262, 0, 1)
(263, 0, 1)
(264, 0, 1)
(265, 0, 1)
(266, 0, 1)
(267, 0, 1)
(268, 0, 1)
(269, 0, 1)
(270, 0, 1)
(271, 0, 1)
(272, 0, 1)
(273, 0, 1)
(274, 0, 1)
(275, 0, 1)
(276, 0, 1)
(277, 0, 1)
(278, 0, 1)
(279, 0, 1)
(280, 0, 1)
(281, 0, 1)
(282, 0, 1)
(283, 0, 1)
(284, 0, 1)
(285, 0, 1)
(286, 0, 1)
(287, 0, 1)
(288, 0, 1)
(289, 0, 1)
(290, 0, 1)
(291, 0, 1)
(292, 0, 1)
(293, 0, 1)
(294, 0, 1)
(295, 0, 1)
(296, 0, 1)
(297, 0, 1)
(298, 0, 1)
(299, 0, 1)
(300, 0, 1)
(301, 0, 1)
(302, 0, 1)
(303, 0, 1)
(304, 0, 1)
(305, 0, 1)
(306, 0, 1)
(307, 0, 1)
(308, 0, 1)
(309, 0, 1)
(310, 0, 1)
(311, 0, 1)
(312, 0, 1)
(313, 0, 1)
(314, 0, 1)
(315, 0, 1)
(316, 0, 1)
(317, 0, 1)
(318, 0, 1)
(319, 0, 1)
(320, 0, 1)
(321, 0, 1)
(322, 0, 1)
(323, 0, 1)
(324, 0, 1)
(325, 0, 1)
(326, 0, 1)
(327, 0, 1)
(328, 0, 1)
(329, 0, 1)
(330, 0, 1)
(331, 0, 1)
(332, 0, 1)
(333, 0, 1)
(334, 0, 1)
(335, 0, 1)
(336, 0, 1)
(337, 0, 1)
(338, 0, 1)
(339, 0, 1)
(340, 0, 1)
(341, 0, 1)
(342, 0, 1)
(343, 0, 1)
(344, 0, 1)
(345, 0, 1)
(346, 0, 1)
(347, 0, 1)
(350, 107, 1)
(353, 351, 1)
(354, 351, 1)
(355, 351, 1)
(356, 351, 1)
(357, 351, 1)
(358, 351, 1)
(359, 107, 1)
(360, 107, 1)
(361, 107, 1)
(362, 107, 1)
(363, 107, 1)
(364, 107, 1)
(365, 107, 1)
(366, 107, 1)
(367, 107, 1)
(368, 107, 1)
(369, 107, 1)
(370, 107, 1)
(371, 107, 1)
(372, 107, 1)
(373, 107, 1)
(374, 107, 1)
(375, 107, 1)
(376, 107, 1)
(377, 107, 1)
(378, 107, 1)
(379, 107, 1)
(380, 107, 1)
(381, 107, 1)
(382, 107, 1)
(383, 107, 1)
(384, 107, 1)
(385, 107, 1)
(386, 107, 1)
(387, 107, 1)
(388, 107, 1)
(389, 107, 1)
(390, 107, 1)
(391, 107, 1)
(392, 107, 1)
(393, 107, 1)
(394, 107, 1)
(395, 107, 1)
(396, 107, 1)
(397, 107, 1)
(398, 107, 1)
(399, 107, 1)
(400, 107, 1)
(401, 107, 1)
(402, 107, 1)
(403, 107, 1)
(404, 107, 1)
(405, 107, 1)
(406, 107, 1)
(407, 107, 1)
(408, 107, 1)
(409, 107, 1)
(410, 107, 1)
(411, 107, 1)
(412, 107, 1)
(413, 107, 1)
(414, 107, 1)
(415, 107, 1)
(416, 107, 1)
(417, 107, 1)
(418, 107, 1)
(419, 107, 1)
(420, 107, 1)
(421, 107, 1)
(422, 107, 1)
(423, 107, 1)
(424, 107, 1)
(425, 107, 1)
(426, 107, 1)
(427, 107, 1)
(428, 107, 1)
(429, 107, 1)
(430, 107, 1)
(431, 107, 1)
(432, 107, 1)
(433, 107, 1)
(434, 107, 1)
(435, 107, 1)
(436, 107, 1)
(437, 107, 1)
(438, 107, 1)
(439, 107, 1)
(440, 107, 1)
(441, 107, 1)
(442, 107, 1)
(443, 107, 1)
(444, 107, 1)
(445, 107, 1)
(446, 107, 1)
(447, 107, 1)
(448, 107, 1)
(449, 107, 1)
(450, 107, 1)
(451, 107, 1)
(452, 107, 1)
(453, 107, 1)
(454, 107, 1)
(455, 107, 1)
(456, 107, 1)
(457, 107, 1)
(458, 107, 1)
(459, 107, 1)
(460, 107, 1)
(461, 107, 1)
(462, 107, 1)
(463, 107, 1)
(464, 107, 1)
(465, 107, 1)
(466, 107, 1)
(467, 107, 1)
(468, 107, 1)
(469, 107, 1)
(470, 107, 1)
(471, 107, 1)
(472, 107, 1)
(473, 107, 1)
(474, 107, 1)
(475, 107, 1)
(476, 107, 1)
(477, 107, 1)
(478, 107, 1)
(479, 107, 1)
(480, 107, 1)
(481, 107, 1)
(482, 107, 1)
(483, 107, 1)
(484, 107, 1)
(485, 107, 1)
(486, 107, 1)
(487, 107, 1)
(488, 107, 1)
(489, 107, 1)
(490, 107, 1)
(491, 107, 1)
(492, 107, 1)
(493, 107, 1)
(494, 107, 1)
(495, 107, 1)
(496, 107, 1)
(497, 107, 1)
(498, 107, 1)
(499, 107, 1)
(500, 107, 1)
(501, 107, 1)
(502, 107, 1)
(503, 107, 1)
(504, 107, 1)
(505, 107, 1)
(506, 107, 1)
(507, 107, 1)
(508, 107, 1)
(509, 107, 1)
(510, 107, 1)
(511, 107, 1)
(512, 107, 1)
(513, 107, 1)
(514, 107, 1)
(515, 107, 1)
(516, 107, 1)
(517, 107, 1)
(518, 107, 1)
(519, 107, 1)
(520, 107, 1)
(521, 107, 1)
(522, 107, 1)
(523, 107, 1)
(524, 107, 1)
(525, 107, 1)
(526, 107, 1)
(527, 107, 1)
(528, 107, 1)
(529, 107, 1)
(530, 107, 1)
(531, 107, 1)
(532, 107, 1)
(533, 107, 1)
(534, 107, 1)
(535, 107, 1)
(536, 107, 1)
(537, 107, 1)
(538, 107, 1)
(539, 107, 1)
(540, 107, 1)
(541, 107, 1)
(542, 107, 1)
(543, 107, 1)
(544, 107, 1)
(545, 107, 1)
(546, 107, 1)
(547, 107, 1)
(548, 107, 1)
(549, 107, 1)
(550, 107, 1)
(551, 107, 1)
(552, 107, 1)
(553, 107, 1)
(554, 107, 1)
(555, 107, 1)
(556, 107, 1)
(557, 107, 1)
(558, 107, 1)
(559, 107, 1)
(560, 107, 1)
(561, 107, 1)
(562, 107, 1)
(563, 107, 1)
(564, 107, 1)
(565, 107, 1)
(566, 107, 1)
(567, 107, 1)
(568, 107, 1)
(569, 107, 1)
(570, 107, 1)
(571, 107, 1)
(572, 107, 1)
(573, 107, 1)
(574, 107, 1)
(575, 107, 1)
(576, 107, 1)
(577, 107, 1)
(578, 107, 1)
(579, 107, 1)
(580, 107, 1)
(581, 107, 1)
(582, 107, 1)
(583, 107, 1)
(584, 107, 1)
(585, 107, 1)
(586, 107, 1)
(587, 107, 1)
(588, 107, 1)
(589, 107, 1)
(590, 107, 1)
(591, 107, 1)
(592, 107, 1)
(593, 107, 1)
(594, 107, 1)
(595, 107, 1)
(596, 107, 1)
(597, 107, 1)
(598, 107, 1)
(599, 107, 1)
(600, 107, 1)
(601, 107, 1)
(602, 107, 1)
(603, 107, 1)
(604, 107, 1)
(605, 107, 1)
(606, 107, 1)
(607, 107, 1)
(608, 107, 1)
(609, 107, 1)
(610, 107, 1)
(611, 107, 1)
(612, 107, 1)
(613, 107, 1)
(614, 107, 1)
(615, 107, 1)
(616, 107, 1)
(617, 107, 1)
(618, 107, 1)
(619, 107, 1)
(620, 107, 1)
(621, 107, 1)
(622, 107, 1)
(623, 107, 1)
(624, 107, 1)
(625, 107, 1)
(626, 107, 1)
(627, 107, 1)
(628, 107, 1)
(629, 107, 1)
(630, 107, 1)
(631, 107, 1)
(632, 107, 1)
(633, 107, 1)
(634, 107, 1)
(635, 107, 1)
(636, 107, 1)
(637, 107, 1)
(638, 107, 1)
(639, 107, 1)
(640, 107, 1)
(641, 107, 1)
(642, 107, 1)
(643, 107, 1)
(644, 107, 1)
(645, 107, 1)
(646, 107, 1)
(647, 107, 1)
(648, 107, 1)
(649, 107, 1)
(650, 107, 1)
(651, 107, 1)
(652, 107, 1)
(653, 107, 1)
(654, 107, 1)
(655, 107, 1)
(656, 107, 1)
(657, 107, 1)
(658, 107, 1)
(659, 107, 1)
(660, 107, 1)
(661, 107, 1)
(662, 107, 1)
(663, 107, 1)
(664, 107, 1)
(665, 107, 1)
(666, 107, 1)
(667, 107, 1)
(668, 107, 1)
(669, 107, 1)
(670, 107, 1)
(671, 107, 1)
(672, 107, 1)
(673, 107, 1)
(674, 107, 1)
(675, 107, 1)
(676, 107, 1)
(677, 107, 1)
(678, 107, 1)
(679, 107, 1)
(680, 107, 1)
(681, 107, 1)
(682, 107, 1)
(683, 107, 1)
(684, 107, 1)
(685, 107, 1)
(686, 107, 1)
(687, 107, 1)
(688, 107, 1)
(689, 107, 1)
(690, 107, 1)
(691, 107, 1)
(692, 107, 1)
(693, 107, 1)
(694, 107, 1)
(695, 107, 1)
(696, 107, 1)
(697, 107, 1)
(698, 107, 1)
(699, 107, 1)
(700, 107, 1)
(701, 107, 1)
(702, 107, 1)
(703, 107, 1)
(704, 107, 1)
(705, 107, 1)
(706, 107, 1)
(707, 107, 1)
(708, 107, 1)
(709, 107, 1)
(710, 107, 1)
(711, 107, 1)
(712, 107, 1)
(713, 107, 1)
(714, 107, 1)
(715, 107, 1)
(716, 107, 1)
(717, 107, 1)
(718, 107, 1)
(719, 107, 1)
(720, 107, 1)
(721, 107, 1)
(722, 107, 1)
(723, 107, 1)
(724, 107, 1)
(725, 107, 1)
(726, 107, 1)
(727, 107, 1)
(728, 107, 1)
(729, 107, 1)
(730, 107, 1)
(731, 107, 1)
(732, 107, 1)
(733, 107, 1)
(734, 107, 1)
(735, 107, 1)
(736, 107, 1)
(737, 107, 1)
(738, 107, 1)
(739, 107, 1)
(740, 107, 1)
(741, 107, 1)
(742, 107, 1)
(743, 107, 1)
(744, 107, 1)
(745, 107, 1)
(746, 107, 1)
(747, 107, 1)
(748, 107, 1)
(749, 107, 1)
(750, 107, 1)
(751, 107, 1)
(752, 107, 1)
(753, 107, 1)
(754, 107, 1)
(755, 107, 1)
(756, 107, 1)
(757, 107, 1)
(758, 107, 1)
(759, 107, 1)
(760, 107, 1)
(761, 107, 1)
(762, 107, 1)
(763, 107, 1)
(764, 107, 1)
(765, 107, 1)
(766, 107, 1)
(767, 107, 1)
(768, 107, 1)
(769, 107, 1)
(770, 107, 1)
(771, 107, 1)
(772, 107, 1)
(773, 107, 1)
(774, 107, 1)
(775, 107, 1)
(776, 107, 1)
(777, 107, 1)
(778, 107, 1)
(779, 107, 1)
(780, 107, 1)
(781, 107, 1)
(782, 107, 1)
(783, 107, 1)
(784, 107, 1)
(785, 107, 1)
(786, 107, 1)
(787, 107, 1)
(788, 107, 1)
(789, 107, 1)
(790, 107, 1)
(791, 107, 1)
(792, 107, 1)
(793, 107, 1)
(794, 107, 1)
(795, 107, 1)
(796, 107, 1)
(797, 107, 1)
(798, 107, 1)
(799, 107, 1)
(800, 107, 1)
(801, 107, 1)
(802, 107, 1)
(803, 107, 1)
(804, 107, 1)
(805, 107, 1)
(806, 107, 1)
(807, 107, 1)
(808, 107, 1)
(809, 107, 1)
(810, 107, 1)
(811, 107, 1)
(812, 107, 1)
(813, 107, 1)
(814, 107, 1)
(815, 107, 1)
(816, 107, 1)
(817, 107, 1)
(818, 107, 1)
(819, 107, 1)
(820, 107, 1)
(821, 107, 1)
(822, 107, 1)
(823, 107, 1)
(824, 107, 1)
(825, 107, 1)
(826, 107, 1)
(827, 107, 1)
(828, 107, 1)
(829, 107, 1)
(830, 107, 1)
(831, 107, 1)
(832, 107, 1)
(833, 107, 1)
(834, 107, 1)
(835, 107, 1)
(836, 107, 1)
(837, 107, 1)
(838, 107, 1)
(839, 107, 1)
(840, 107, 1)
(841, 107, 1)
(842, 107, 1)
(843, 107, 1)
(844, 107, 1)
(845, 107, 1)
(846, 107, 1)
(847, 107, 1)
(848, 107, 1)
(849, 107, 1)
(850, 107, 1)
(851, 107, 1)
(852, 107, 1)
(853, 107, 1)
(854, 107, 1)
(855, 107, 1)
(856, 107, 1)
(857, 107, 1)
(858, 107, 1)
(859, 107, 1)
(860, 107, 1)
(861, 107, 1)
(862, 107, 1)
(863, 107, 1)
(864, 107, 1)
(865, 107, 1)
(866, 107, 1)
(867, 107, 1)
(868, 107, 1)
(869, 107, 1)
(870, 107, 1)
(871, 107, 1)
(872, 107, 1)
(873, 107, 1)
(874, 107, 1)
(875, 107, 1)
(876, 107, 1)
(877, 107, 1)
(878, 107, 1)
(879, 107, 1)
(880, 107, 1)
(881, 107, 1)
(882, 107, 1)
(883, 107, 1)
(884, 107, 1)
(885, 107, 1)
(886, 107, 1)
(887, 107, 1)
(888, 107, 1)
(889, 107, 1)
(890, 107, 1)
(891, 107, 1)
(892, 107, 1)
(893, 107, 1)
(894, 107, 1)
(895, 107, 1)
(896, 107, 1)
(897, 107, 1)
(898, 107, 1)
(899, 107, 1)
(900, 107, 1)
(901, 107, 1)
(902, 107, 1)
(903, 107, 1)
(904, 107, 1)
(905, 107, 1)
(906, 107, 1)
(907, 107, 1)
(908, 107, 1)
(909, 107, 1)
(910, 107, 1)
(911, 107, 1)
(912, 107, 1)
(913, 107, 1)
(914, 107, 1)
(915, 107, 1)
(916, 107, 1)
(917, 107, 1)
(918, 107, 1)
(919, 107, 1)
(920, 107, 1)
(921, 107, 1)
(922, 107, 1)
(923, 107, 1)
(924, 107, 1)
(925, 107, 1)
(926, 107, 1)
(927, 107, 1)
(928, 107, 1)
(929, 107, 1)
(930, 107, 1)
(931, 107, 1)
(932, 107, 1)
(933, 107, 1)
(934, 107, 1)
(935, 107, 1)
(936, 107, 1)
(937, 107, 1)
(938, 107, 1)
(939, 107, 1)
(940, 107, 1)
(941, 107, 1)
(942, 107, 1)
(943, 107, 1)
(944, 107, 1)
(945, 107, 1)
(946, 107, 1)
(947, 107, 1)
(948, 107, 1)
(949, 107, 1)
(950, 107, 1)
(951, 107, 1)
(952, 107, 1)
(953, 107, 1)
(954, 107, 1)
(955, 107, 1)
(956, 107, 1)
(957, 107, 1)
(958, 107, 1)
(959, 107, 1)
(960, 107, 1)
(961, 107, 1)
(962, 107, 1)
(963, 107, 1)
(964, 107, 1)
(965, 107, 1)
(966, 107, 1)
(967, 107, 1)
(968, 107, 1)
(969, 107, 1)
(970, 107, 1)
(971, 107, 1)
(972, 107, 1)
(973, 107, 1)
(974, 107, 1)
(975, 107, 1)
(976, 107, 1)
(977, 107, 1)
(978, 107, 1)
(979, 107, 1)
(980, 107, 1)
(981, 107, 1)
(982, 107, 1)
(983, 107, 1)
(984, 107, 1)
(985, 107, 1)
(986, 107, 1)
(987, 107, 1)
(988, 107, 1)
(989, 107, 1)
(990, 107, 1)
(991, 107, 1)
(992, 107, 1)
(993, 107, 1)
(994, 107, 1)
(995, 107, 1)
(996, 107, 1)
(997, 107, 1)
(998, 107, 1)
(999, 107, 1)
(1000, 107, 1)
(1001, 107, 1)
(1002, 107, 1)
(1003, 107, 1)
(1004, 107, 1)
(1005, 107, 1)
(1006, 107, 1)
(1007, 107, 1)
(1008, 107, 1)
(1009, 107, 1)
(1010, 107, 1)
(1011, 107, 1)
(1012, 107, 1)
(1013, 107, 1)
(1014, 107, 1)
(1015, 107, 1)
(1016, 107, 1)
(1017, 107, 1)
(1018, 107, 1)
(1019, 107, 1)
(1020, 107, 1)
(1021, 107, 1)
(1022, 107, 1)
(1023, 107, 1)
(1024, 107, 1)
(1025, 107, 1)
(1026, 107, 1)
(1027, 107, 1)
(1028, 107, 1)
(1029, 107, 1)
(1030, 107, 1)
(1031, 107, 1)
(1032, 107, 1)
(1033, 107, 1)
(1034, 107, 1)
(1035, 107, 1)
(1036, 107, 1)
(1037, 107, 1)
(1038, 107, 1)
(1039, 107, 1)
(1040, 107, 1)
(1041, 107, 1)
(1042, 107, 1)
(1043, 107, 1)
(1044, 107, 1)
(1045, 107, 1)
(1046, 107, 1)
(1047, 107, 1)
(1048, 107, 1)
(1049, 107, 1)
(1050, 107, 1)
(1051, 107, 1)
(1052, 107, 1)
(1053, 107, 1)
(1054, 107, 1)
(1055, 107, 1)
(1056, 107, 1)
(1057, 107, 1)
(1058, 107, 1)
(1059, 107, 1)
(1060, 107, 1)
(1061, 107, 1)
(1062, 107, 1)
(1063, 107, 1)
(1064, 107, 1)
(1065, 107, 1)
(1066, 107, 1)
(1067, 107, 1)
(1068, 107, 1)
(1069, 107, 1)
(1070, 107, 1)
(1071, 107, 1)
(1072, 107, 1)
(1073, 107, 1)
(1074, 107, 1)
(1075, 107, 1)
(1076, 107, 1)
(1077, 107, 1)
(1078, 107, 1)
(1079, 107, 1)
(1080, 107, 1)
(1081, 107, 1)
(1082, 107, 1)
(1083, 107, 1)
(1084, 107, 1)
(1085, 107, 1)
(1086, 107, 1)
(1087, 107, 1)
(1088, 107, 1)
(1089, 107, 1)
(1090, 107, 1)
(1091, 107, 1)
(1092, 107, 1)
(1093, 107, 1)
(1094, 107, 1)
(1095, 107, 1)
(1096, 107, 1)
(1097, 107, 1)
(1098, 107, 1)
(1099, 107, 1)
(1100, 107, 1)
(1101, 107, 1)
(1102, 107, 1)
(1103, 107, 1)
(1104, 107, 1)
(1105, 107, 1)
(1106, 107, 1)
(1107, 107, 1)
(1108, 107, 1)
(1109, 107, 1)
(1110, 107, 1)
(1111, 107, 1)
(1112, 107, 1)
(1113, 107, 1)
(1114, 107, 1)
(1115, 107, 1)
(1116, 107, 1)
(1117, 107, 1)
(1118, 107, 1)
(1119, 107, 1)
(1120, 107, 1)
(1121, 107, 1)
(1122, 107, 1)
(1123, 107, 1)
(1124, 107, 1)
(1125, 107, 1)
(1126, 107, 1)
(1127, 107, 1)
(1128, 107, 1)
(1129, 107, 1)
(1130, 107, 1)
(1131, 107, 1)
(1132, 107, 1)
(1133, 107, 1)
(1134, 107, 1)
(1135, 107, 1)
(1136, 107, 1)
(1137, 107, 1)
(1138, 107, 1)
(1139, 107, 1)
(1140, 107, 1)
(1141, 107, 1)
(1142, 107, 1)
(1143, 107, 1)
(1144, 107, 1)
(1145, 107, 1)
(1146, 107, 1)
(1147, 107, 1)
(1148, 107, 1)
(1149, 107, 1)
(1150, 107, 1)
(1151, 107, 1)
(1152, 107, 1)
(1153, 107, 1)
(1154, 107, 1)
(1155, 107, 1)
(1156, 107, 1)
(1157, 107, 1)
(1158, 107, 1)
(1159, 107, 1)
(1160, 107, 1)
(1161, 107, 1)
(1162, 107, 1)
(1163, 107, 1)
(1164, 107, 1)
(1165, 107, 1)
(1166, 107, 1)
(1167, 107, 1)
(1168, 107, 1)
(1169, 107, 1)
(1170, 107, 1)
(1171, 107, 1)
(1172, 107, 1)
(1173, 107, 1)
(1174, 107, 1)
(1175, 107, 1)
(1176, 107, 1)
(1177, 107, 1)
(1178, 107, 1)
(1179, 107, 1)
(1180, 107, 1)
(1181, 107, 1)
(1182, 107, 1)
(1183, 107, 1)
(1184, 107, 1)
(1185, 107, 1)
(1186, 107, 1)
(1187, 107, 1)
(1188, 107, 1)
(1189, 107, 1)
(1190, 107, 1)
(1191, 107, 1)
(1192, 107, 1)
(1193, 107, 1)
(1194, 107, 1)
(1195, 107, 1)
(1196, 107, 1)
(1197, 107, 1)
(1198, 107, 1)
(1199, 107, 1)
(1200, 107, 1)
(1201, 107, 1)
(1202, 107, 1)
(1203, 107, 1)
(1204, 107, 1)
(1205, 107, 1)
(1206, 107, 1)
(1207, 107, 1)
(1208, 107, 1)
(1209, 107, 1)
(1210, 107, 1)
(1211, 107, 1)
(1212, 107, 1)
(1213, 107, 1)
(1214, 107, 1)
(1215, 107, 1)
(1216, 107, 1)
(1217, 107, 1)
(1218, 107, 1)
(1219, 107, 1)
(1220, 107, 1)
(1221, 107, 1)
(1222, 107, 1)
(1223, 107, 1)
(1224, 107, 1)
(1225, 107, 1)
(1226, 107, 1)
(1227, 107, 1)
(1228, 107, 1)
(1229, 107, 1)
(1230, 107, 1)
(1231, 107, 1)
(1232, 107, 1)
(1233, 107, 1)
(1234, 107, 1)
(1235, 107, 1)
(1236, 107, 1)
(1237, 107, 1)
(1238, 107, 1)
(1239, 107, 1)
(1240, 107, 1)
(1241, 107, 1)
(1242, 107, 1)
(1243, 107, 1)
(1244, 107, 1)
(1245, 107, 1)
(1246, 107, 1)
(1247, 107, 1)
(1248, 107, 1)
(1249, 107, 1)
(1250, 107, 1)
(1251, 107, 1)
(1252, 107, 1)
(1253, 107, 1)
(1254, 107, 1)
(1255, 107, 1)
(1256, 107, 1)
(1257, 107, 1)
(1258, 107, 1)
(1259, 107, 1)
(1260, 107, 1)
(1261, 107, 1)
(1262, 107, 1)
(1263, 107, 1)
(1264, 107, 1)
(1265, 107, 1)
(1266, 107, 1)
(1267, 107, 1)
(1268, 107, 1)
(1269, 107, 1)
(1270, 107, 1)
(1271, 107, 1)
(1272, 107, 1)
(1273, 107, 1)
(1274, 107, 1)
(1275, 107, 1)
(1276, 107, 1)
(1277, 107, 1)
(1278, 107, 1)
(1279, 107, 1)
(1280, 107, 1)
(1281, 107, 1)
(1282, 107, 1)
(1283, 107, 1)
(1284, 107, 1)
(1285, 107, 1)
(1286, 107, 1)
(1287, 107, 1)
(1288, 107, 1)
(1289, 107, 1)
(1290, 107, 1)
(1291, 107, 1)
(1292, 107, 1)
(1293, 107, 1)
(1294, 107, 1)
(1295, 107, 1)
(1296, 107, 1)
(1297, 107, 1)
(1298, 107, 1)
(1299, 107, 1)
(1300, 107, 1)
(1301, 107, 1)
(1302, 107, 1)
(1303, 107, 1)
(1304, 107, 1)
(1305, 107, 1)
(1306, 107, 1)
(1307, 107, 1)
(1308, 107, 1)
(1309, 107, 1)
(1310, 107, 1)
(1311, 107, 1)
(1312, 107, 1)
(1313, 107, 1)
(1314, 107, 1)
(1315, 107, 1)
(1316, 107, 1)
(1317, 107, 1)
(1318, 107, 1)
(1319, 107, 1)
(1320, 107, 1)
(1321, 107, 1)
(1322, 107, 1)
(1323, 107, 1)
(1324, 107, 1)
(1325, 107, 1)
(1326, 107, 1)
(1327, 107, 1)
(1328, 107, 1)
(1329, 107, 1)
(1330, 107, 1)
(1331, 107, 1)
(1332, 107, 1)
(1333, 107, 1)
(1334, 107, 1)
(1335, 107, 1)
(1336, 107, 1)
(1337, 107, 1)
(1338, 107, 1)
(1339, 107, 1)
(1340, 107, 1)
(1341, 107, 1)
(1342, 107, 1)
(1343, 107, 1)
(1344, 107, 1)
(1345, 107, 1)
(1346, 107, 1)
(1347, 107, 1)
(1348, 107, 1)
(1349, 107, 1)
(1350, 107, 1)
(1351, 107, 1)
(1352, 107, 1)
(1353, 107, 1)
(1354, 107, 1)
(1355, 107, 1)
(1356, 107, 1)
(1357, 107, 1)
(1358, 107, 1)
(1359, 107, 1)
(1360, 107, 1)
(1361, 107, 1)
(1362, 107, 1)
(1363, 107, 1)
(1364, 107, 1)
(1365, 107, 1)
(1366, 107, 1)
(1367, 107, 1)
(1368, 107, 1)
(1369, 107, 1)
(1370, 107, 1)
(1371, 107, 1)
(1372, 107, 1)
(1373, 107, 1)
(1374, 107, 1)
(1375, 107, 1)
(1376, 107, 1)
(1377, 107, 1)
(1378, 107, 1)
(1379, 107, 1)
(1380, 107, 1)
(1381, 107, 1)
(1382, 107, 1)
(1383, 107, 1)
(1384, 107, 1)
(1385, 107, 1)
(1386, 107, 1)
(1387, 107, 1)
(1388, 107, 1)
(1389, 107, 1)
(1390, 107, 1)
(1391, 107, 1)
(1392, 107, 1)
(1393, 107, 1)
(1394, 107, 1)
(1395, 107, 1)
(1396, 107, 1)
(1397, 352, 1)
(1398, 352, 1)
(1399, 352, 1)
(1400, 352, 1)
(1401, 352, 1)
(1402, 352, 1)
(1403, 352, 1)
(1404, 352, 1)
(1405, 352, 1)
(1406, 352, 1)
(1407, 352, 1)
(1408, 352, 1)
(1409, 352, 1)
(1410, 352, 1)
(1411, 352, 1)
(1412, 352, 1)
(1413, 352, 1)
(1414, 352, 1)
(1415, 352, 1)
(1416, 352, 1)
(1417, 352, 1)
(1418, 352, 1)
(1419, 352, 1)
(1420, 352, 1)
(1421, 352, 1)
(1422, 352, 1)
(1423, 352, 1)
(1424, 352, 1)
(1425, 352, 1)
(1426, 352, 1)
(1427, 352, 1)
(1428, 3098, 1)
(1429, 352, 1)
(1430, 352, 1)
(1431, 352, 1)
(1432, 352, 1)
(1433, 352, 1)
(1434, 352, 1)
(1435, 352, 1)
(1436, 352, 1)
(1437, 352, 1)
(1438, 352, 1)
(1439, 352, 1)
(1440, 352, 1)
(1441, 352, 1)
(1442, 352, 1)
(1443, 352, 1)
(1444, 352, 1)
(1445, 352, 1)
(1446, 352, 1)
(1447, 352, 1)
(1448, 352, 1)
(1449, 352, 1)
(1450, 352, 1)
(1451, 352, 1)
(1452, 352, 1)
(1453, 352, 1)
(1454, 352, 1)
(1455, 3098, 1)
(1456, 352, 1)
(1457, 352, 1)
(1458, 352, 1)
(1459, 352, 1)
(1460, 352, 1)
(1461, 352, 1)
(1462, 352, 1)
(1463, 352, 1)
(1464, 352, 1)
(1465, 352, 1)
(1466, 352, 1)
(1467, 352, 1)
(1468, 352, 1)
(1469, 352, 1)
(1470, 352, 1)
(1471, 352, 1)
(1472, 352, 1)
(1473, 352, 1)
(1474, 352, 1)
(1475, 352, 1)
(1476, 352, 1)
(1477, 352, 1)
(1478, 352, 1)
(1479, 352, 1)
(1480, 352, 1)
(1481, 352, 1)
(1482, 352, 1)
(1483, 352, 1)
(1484, 352, 1)
(1485, 352, 1)
(1486, 352, 1)
(1487, 352, 1)
(1488, 352, 1)
(1489, 352, 1)
(1490, 352, 1)
(1491, 352, 1)
(1492, 352, 1)
(1493, 352, 1)
(1494, 352, 1)
(1495, 352, 1)
(1496, 352, 1)
(1497, 352, 1)
(1498, 352, 1)
(1499, 352, 1)
(1500, 352, 1)
(1501, 352, 1)
(1502, 352, 1)
(1503, 352, 1)
(1504, 352, 1)
(1505, 352, 1)
(1506, 351, 1)
(1507, 351, 1)
(1508, 349, 1)
(1509, 348, 1)
(1510, 348, 1)
(1511, 348, 1)
(1512, 348, 1)
(1513, 348, 1)
(1514, 348, 1)
(1515, 348, 1)
(1516, 348, 1)
(1517, 348, 1)
(1518, 348, 1)
(1519, 348, 1)
(1520, 348, 1)
(1521, 348, 1)
(1522, 348, 1)
(1523, 348, 1)
(1524, 348, 1)
(1525, 348, 1)
(1526, 348, 1)
(1527, 348, 1)
(1528, 348, 1)
(1529, 348, 1)
(1530, 348, 1)
(1531, 348, 1)
(1532, 348, 1)
(1533, 348, 1)
(1534, 348, 1)
(1535, 349, 1)
(1536, 348, 1)
(1537, 348, 1)
(1538, 349, 1)
(1539, 349, 1)
(1540, 348, 1)
(1541, 348, 1)
(1542, 349, 1)
(1543, 348, 1)
(1544, 348, 1)
(1545, 348, 1)
(1546, 348, 1)
(1547, 348, 1)
(1548, 348, 1)
(1549, 348, 1)
(1550, 348, 1)
(1551, 348, 1)
(1552, 348, 1)
(1553, 348, 1)
(1554, 349, 1)
(1555, 348, 1)
(1556, 349, 1)
(1557, 349, 1)
(1558, 348, 1)
(1559, 348, 1)
(1560, 348, 1)
(1561, 349, 1)
(1562, 348, 1)
(1563, 348, 1)
(1564, 348, 1)
(1565, 348, 1)
(1566, 348, 1)
(1567, 348, 1)
(1568, 348, 1)
(1569, 348, 1)
(1570, 348, 1)
(1571, 348, 1)
(1572, 348, 1)
(1573, 349, 1)
(1574, 348, 1)
(1575, 348, 1)
(1576, 348, 1)
(1577, 348, 1)
(1578, 348, 1)
(1579, 348, 1)
(1580, 348, 1)
(1581, 349, 1)
(1582, 349, 1)
(1583, 348, 1)
(1584, 348, 1)
(1585, 348, 1)
(1586, 348, 1)
(1587, 348, 1)
(1588, 349, 1)
(1589, 348, 1)
(1590, 348, 1)
(1591, 349, 1)
(1592, 348, 1)
(1593, 349, 1)
(1594, 348, 1)
(1595, 349, 1)
(1596, 348, 1)
(1597, 348, 1)
(1598, 348, 1)
(1599, 348, 1)
(1600, 348, 1)
(1601, 348, 1)
(1602, 348, 1)
(1603, 348, 1)
(1604, 348, 1)
(1605, 348, 1)
(1606, 348, 1)
(1607, 348, 1)
(1608, 348, 1)
(1609, 348, 1)
(1610, 348, 1)
(1611, 348, 1)
(1612, 348, 1)
(1613, 348, 1)
(1614, 348, 1)
(1615, 348, 1)
(1616, 348, 1)
(1617, 349, 1)
(1618, 348, 1)
(1619, 348, 1)
(1620, 349, 1)
(1621, 348, 1)
(1622, 348, 1)
(1623, 348, 1)
(1624, 348, 1)
(1625, 348, 1)
(1626, 348, 1)
(1627, 348, 1)
(1628, 348, 1)
(1629, 348, 1)
(1630, 348, 1)
(1631, 348, 1)
(1632, 348, 1)
(1633, 349, 1)
(1634, 348, 1)
(1635, 348, 1)
(1636, 348, 1)
(1637, 348, 1)
(1638, 348, 1)
(1639, 348, 1)
(1640, 348, 1)
(1641, 348, 1)
(1642, 348, 1)
(1643, 349, 1)
(1644, 348, 1)
(1645, 348, 1)
(1646, 348, 1)
(1647, 349, 1)
(1648, 348, 1)
(1649, 348, 1)
(1650, 348, 1)
(1651, 349, 1)
(1652, 348, 1)
(1653, 348, 1)
(1654, 348, 1)
(1655, 348, 1)
(1656, 349, 1)
(1657, 348, 1)
(1658, 348, 1)
(1659, 348, 1)
(1660, 348, 1)
(1661, 348, 1)
(1662, 348, 1)
(1663, 349, 1)
(1664, 349, 1)
(1665, 349, 1)
(1666, 348, 1)
(1667, 348, 1)
(1668, 348, 1)
(1669, 348, 1)
(1670, 348, 1)
(1671, 348, 1)
(1672, 348, 1)
(1673, 349, 1)
(1674, 348, 1)
(1675, 348, 1)
(1676, 348, 1)
(1677, 348, 1)
(1678, 348, 1)
(1679, 348, 1)
(1680, 348, 1)
(1681, 348, 1)
(1682, 348, 1)
(1683, 348, 1)
(1684, 348, 1)
(1685, 348, 1)
(1686, 348, 1)
(1687, 348, 1)
(1688, 348, 1)
(1689, 349, 1)
(1690, 348, 1)
(1691, 349, 1)
(1692, 348, 1)
(1693, 348, 1)
(1694, 348, 1)
(1695, 348, 1)
(1696, 348, 1)
(1697, 348, 1)
(1698, 348, 1)
(1699, 349, 1)
(1700, 348, 1)
(1701, 348, 1)
(1702, 349, 1)
(1703, 348, 1)
(1704, 349, 1)
(1705, 349, 1)
(1706, 348, 1)
(1707, 349, 1)
(1708, 348, 1)
(1709, 348, 1)
(1710, 349, 1)
(1711, 348, 1)
(1712, 348, 1)
(1713, 348, 1)
(1714, 348, 1)
(1715, 348, 1)
(1716, 349, 1)
(1717, 349, 1)
(1718, 349, 1)
(1719, 349, 1)
(1720, 349, 1)
(1721, 349, 1)
(1722, 349, 1)
(1723, 349, 1)
(1724, 349, 1)
(1725, 349, 1)
(1726, 349, 1)
(1727, 349, 1)
(1728, 349, 1)
(1729, 349, 1)
(1730, 349, 1)
(1731, 349, 1)
(1732, 349, 1)
(1733, 349, 1)
(1734, 349, 1)
(1735, 349, 1)
(1736, 349, 1)
(1737, 349, 1)
(1738, 349, 1)
(1739, 349, 1)
(1740, 349, 1)
(1741, 349, 1)
(1742, 349, 1)
(1743, 349, 1)
(1744, 349, 1)
(1745, 349, 1)
(1746, 349, 1)
(1747, 349, 1)
(1748, 349, 1)
(1749, 349, 1)
(1750, 349, 1)
(1751, 349, 1)
(1752, 349, 1)
(1753, 349, 1)
(1754, 1827, 1)
(1755, 349, 1)
(1756, 349, 1)
(1757, 349, 1)
(1758, 349, 1)
(1759, 349, 1)
(1760, 349, 1)
(1761, 349, 1)
(1762, 349, 1)
(1763, 349, 1)
(1764, 349, 1)
(1765, 349, 1)
(1766, 349, 1)
(1767, 349, 1)
(1768, 349, 1)
(1769, 349, 1)
(1770, 349, 1)
(1771, 349, 1)
(1772, 349, 1)
(1773, 349, 1)
(1774, 349, 1)
(1775, 349, 1)
(1776, 349, 1)
(1777, 349, 1)
(1778, 349, 1)
(1779, 349, 1)
(1780, 349, 1)
(1781, 349, 1)
(1782, 349, 1)
(1783, 349, 1)
(1784, 349, 1)
(1785, 349, 1)
(1786, 349, 1)
(1787, 349, 1)
(1788, 349, 1)
(1789, 349, 1)
(1790, 349, 1)
(1791, 349, 1)
(1792, 349, 1)
(1793, 349, 1)
(1794, 349, 1)
(1795, 349, 1)
(1796, 349, 1)
(1797, 349, 1)
(1798, 349, 1)
(1799, 349, 1)
(1800, 349, 1)
(1801, 349, 1)
(1802, 349, 1)
(1803, 349, 1)
(1804, 349, 1)
(1805, 349, 1)
(1806, 349, 1)
(1807, 349, 1)
(1808, 349, 1)
(1809, 349, 1)
(1810, 349, 1)
(1811, 349, 1)
(1812, 349, 1)
(1813, 349, 1)
(1814, 349, 1)
(1815, 349, 1)
(1816, 349, 1)
(1817, 349, 1)
(1818, 349, 1)
(1819, 349, 1)
(1820, 352, 1)
(1822, 1821, 1)
(1823, 1821, 1)
(1824, 1821, 1)
(1825, 1821, 1)
(1826, 1821, 1)
(1828, 1827, 1)
(1829, 1827, 1)
(1830, 1827, 1)
(1832, 1831, 1)
(1833, 1831, 1)
(1834, 1831, 1)
(1835, 1831, 1)
(1836, 1831, 1)
(1837, 1831, 1)
(1838, 1831, 1)
(1839, 1831, 1)
(1840, 1831, 1)
(1841, 1831, 1)
(1842, 1831, 1)
(1844, 1831, 1)
(1845, 1831, 1)
(1846, 1831, 1)
(1847, 1831, 1)
(1848, 1831, 1)
(1849, 1831, 1)
(1850, 1831, 1)
(1851, 1831, 1)
(1852, 1831, 1)
(1853, 1831, 1)
(1854, 1831, 1)
(1855, 1831, 1)
(1856, 1831, 1)
(1857, 1831, 1)
(1858, 1831, 1)
(1859, 1831, 1)
(1860, 1831, 1)
(1861, 1831, 1)
(1862, 1831, 1)
(1863, 1831, 1)
(1864, 1831, 1)
(1865, 1831, 1)
(1866, 1831, 1)
(1867, 1831, 1)
(1868, 1831, 1)
(1869, 1831, 1)
(1870, 1831, 1)
(1871, 1831, 1)
(1872, 1831, 1)
(1873, 1831, 1)
(1874, 1831, 1)
(1875, 1831, 1)
(1876, 1831, 1)
(1877, 1831, 1)
(1878, 1831, 1)
(1879, 1831, 1)
(1880, 1831, 1)
(1881, 1831, 1)
(1882, 1831, 1)
(1883, 1831, 1)
(1884, 1831, 1)
(1885, 1831, 1)
(1886, 1831, 1)
(1887, 1831, 1)
(1888, 1831, 1)
(1889, 1831, 1)
(1890, 1831, 1)
(1891, 1831, 1)
(1892, 1831, 1)
(1893, 1831, 1)
(1894, 1831, 1)
(1895, 1831, 1)
(1896, 1831, 1)
(1897, 1831, 1)
(1898, 1831, 1)
(1899, 1831, 1)
(1900, 1831, 1)
(1901, 1831, 1)
(1902, 1831, 1)
(1903, 1831, 1)
(1904, 1831, 1)
(1905, 1831, 1)
(1906, 1831, 1)
(1907, 1831, 1)
(1908, 1831, 1)
(1909, 1831, 1)
(1910, 1831, 1)
(1911, 1831, 1)
(1912, 1831, 1)
(1913, 1831, 1)
(1914, 1831, 1)
(1915, 1831, 1)
(1916, 1831, 1)
(1917, 1831, 1)
(1918, 1831, 1)
(1919, 1831, 1)
(1920, 1831, 1)
(1921, 1831, 1)
(1922, 1831, 1)
(1923, 1831, 1)
(1924, 1831, 1)
(1925, 1831, 1)
(1926, 1831, 1)
(1927, 1831, 1)
(1928, 1831, 1)
(1929, 1831, 1)
(1930, 1831, 1)
(1931, 1831, 1)
(1932, 1831, 1)
(1933, 1831, 1)
(1934, 1831, 1)
(1935, 1831, 1)
(1936, 1831, 1)
(1937, 1831, 1)
(1938, 1831, 1)
(1939, 1831, 1)
(1940, 1831, 1)
(1941, 1831, 1)
(1942, 1831, 1)
(1943, 1831, 1)
(1944, 1831, 1)
(1945, 1831, 1)
(1946, 1831, 1)
(1947, 1831, 1)
(1948, 1831, 1)
(1949, 1831, 1)
(1950, 1831, 1)
(1951, 1831, 1)
(1952, 1831, 1)
(1953, 1831, 1)
(1954, 1831, 1)
(1955, 1831, 1)
(1956, 1831, 1)
(1957, 1831, 1)
(1958, 1831, 1)
(1959, 1831, 1)
(1960, 1831, 1)
(1961, 1831, 1)
(1962, 1831, 1)
(1963, 1831, 1)
(1964, 1831, 1)
(1965, 1831, 1)
(1966, 1831, 1)
(1967, 1831, 1)
(1968, 1831, 1)
(1969, 1831, 1)
(1970, 1831, 1)
(1971, 1831, 1)
(1972, 1831, 1)
(1973, 1831, 1)
(1974, 1831, 1)
(1975, 1831, 1)
(1976, 1831, 1)
(1977, 1831, 1)
(1978, 1831, 1)
(1979, 1831, 1)
(1980, 1831, 1)
(1981, 1831, 1)
(1982, 1831, 1)
(1983, 1831, 1)
(1984, 1831, 1)
(1985, 1831, 1)
(1986, 1831, 1)
(1987, 1831, 1)
(1988, 1831, 1)
(1989, 1831, 1)
(1990, 1831, 1)
(1991, 1831, 1)
(1992, 1831, 1)
(1993, 1831, 1)
(1994, 1831, 1)
(1995, 1831, 1)
(1996, 1831, 1)
(1997, 1831, 1)
(1998, 1831, 1)
(1999, 1831, 1)
(2000, 1831, 1)
(2001, 1831, 1)
(2002, 1843, 1)
(2003, 1821, 1)
(2004, 1843, 1)
(2005, 1843, 1)
(2006, 1843, 1)
(2007, 1843, 1)
(2008, 1821, 1)
(2009, 1843, 1)
(2010, 1843, 1)
(2011, 1843, 1)
(2012, 1843, 1)
(2013, 1843, 1)
(2014, 1843, 1)
(2015, 1843, 1)
(2016, 1843, 1)
(2017, 1843, 1)
(2018, 1843, 1)
(2019, 1843, 1)
(2020, 1843, 1)
(2021, 1843, 1)
(2022, 1843, 1)
(2023, 1843, 1)
(2024, 1843, 1)
(2025, 1843, 1)
(2026, 1843, 1)
(2027, 1843, 1)
(2028, 1843, 1)
(2029, 1843, 1)
(2030, 1843, 1)
(2031, 1843, 1)
(2032, 1843, 1)
(2033, 1843, 1)
(2034, 1843, 1)
(2035, 1843, 1)
(2036, 1843, 1)
(2037, 1843, 1)
(2038, 1843, 1)
(2039, 1843, 1)
(2040, 1843, 1)
(2041, 1821, 1)
(2042, 1821, 1)
(2043, 1821, 1)
(2044, 1821, 1)
(2045, 1821, 1)
(2046, 1821, 1)
(2047, 1821, 1)
(2048, 1821, 1)
(2049, 1821, 1)
(2050, 1821, 1)
(2051, 1821, 1)
(2052, 1821, 1)
(2053, 1821, 1)
(2054, 1821, 1)
(2055, 1821, 1)
(2056, 1821, 1)
(2057, 1821, 1)
(2058, 1821, 1)
(2059, 1821, 1)
(2060, 351, 1)
(2061, 351, 1)
(2062, 351, 1)
(2063, 351, 1)
(2064, 351, 1)
(2065, 351, 1)
(2066, 351, 1)
(2067, 351, 1)
(2068, 351, 1)
(2069, 351, 1)
(2070, 351, 1)
(2071, 351, 1)
(2072, 351, 1)
(2073, 351, 1)
(2074, 351, 1)
(2075, 351, 1)
(2076, 351, 1)
(2077, 1821, 1)
(2078, 1821, 1)
(2079, 1821, 1)
(2080, 1821, 1)
(2081, 1821, 1)
(2082, 1821, 1)
(2083, 1821, 1)
(2084, 1821, 1)
(2085, 1821, 1)
(2086, 1821, 1)
(2087, 1821, 1)
(2088, 1821, 1)
(2089, 1821, 1)
(2090, 1821, 1)
(2091, 1821, 1)
(2092, 1821, 1)
(2093, 1821, 1)
(2094, 351, 1)
(2095, 351, 1)
(2096, 351, 1)
(2097, 351, 1)
(2098, 351, 1)
(2099, 351, 1)
(2100, 351, 1)
(2101, 351, 1)
(2102, 351, 1)
(2103, 351, 1)
(2104, 351, 1)
(2105, 351, 1)
(2106, 351, 1)
(2107, 351, 1)
(2108, 351, 1)
(2109, 351, 1)
(2110, 351, 1)
(2111, 351, 1)
(2112, 351, 1)
(2113, 351, 1)
(2114, 351, 1)
(2115, 351, 1)
(2116, 351, 1)
(2117, 351, 1)
(2118, 351, 1)
(2119, 351, 1)
(2120, 351, 1)
(2121, 351, 1)
(2122, 351, 1)
(2123, 351, 1)
(2124, 351, 1)
(2125, 352, 1)
(2126, 352, 1)
(2127, 352, 1)
(2128, 352, 1)
(2129, 352, 1)
(2130, 3098, 1)
(2131, 352, 1)
(2132, 352, 1)
(2133, 352, 1)
(2134, 352, 1)
(2135, 352, 1)
(2136, 352, 1)
(2137, 352, 1)
(2138, 352, 1)
(2139, 352, 1)
(2140, 352, 1)
(2141, 352, 1)
(2142, 352, 1)
(2143, 352, 1)
(2144, 352, 1)
(2145, 352, 1)
(2146, 352, 1)
(2147, 352, 1)
(2148, 352, 1)
(2149, 352, 1)
(2150, 352, 1)
(2151, 352, 1)
(2152, 352, 1)
(2153, 352, 1)
(2154, 352, 1)
(2155, 352, 1)
(2156, 352, 1)
(2157, 352, 1)
(2158, 352, 1)
(2159, 352, 1)
(2160, 352, 1)
(2161, 352, 1)
(2162, 352, 1)
(2163, 352, 1)
(2164, 352, 1)
(2165, 352, 1)
(2166, 352, 1)
(2167, 352, 1)
(2168, 352, 1)
(2169, 352, 1)
(2170, 352, 1)
(2171, 352, 1)
(2172, 352, 1)
(2173, 352, 1)
(2174, 351, 1)
(2175, 351, 1)
(2176, 351, 1)
(2177, 351, 1)
(2178, 351, 1)
(2179, 351, 1)
(2180, 351, 1)
(2181, 351, 1)
(2182, 351, 1)
(2183, 351, 1)
(2184, 351, 1)
(2185, 351, 1)
(2186, 351, 1)
(2187, 351, 1)
(2188, 351, 1)
(2189, 351, 1)
(2190, 351, 1)
(2191, 352, 1)
(2192, 352, 1)
(2193, 352, 1)
(2194, 352, 1)
(2195, 352, 1)
(2196, 352, 1)
(2197, 352, 1)
(2198, 352, 1)
(2199, 352, 1)
(2200, 352, 1)
(2201, 352, 1)
(2202, 352, 1)
(2203, 352, 1)
(2204, 352, 1)
(2205, 352, 1)
(2206, 352, 1)
(2207, 352, 1)
(2208, 352, 1)
(2209, 352, 1)
(2210, 352, 1)
(2211, 352, 1)
(2212, 352, 1)
(2213, 352, 1)
(2214, 352, 1)
(2215, 352, 1)
(2216, 352, 1)
(2217, 352, 1)
(2218, 352, 1)
(2219, 352, 1)
(2220, 352, 1)
(2221, 352, 1)
(2222, 352, 1)
(2223, 352, 1)
(2224, 352, 1)
(2225, 352, 1)
(2226, 352, 1)
(2227, 352, 1)
(2228, 352, 1)
(2229, 352, 1)
(2230, 352, 1)
(2231, 352, 1)
(2232, 352, 1)
(2233, 351, 1)
(2234, 351, 1)
(2235, 351, 1)
(2236, 351, 1)
(2237, 351, 1)
(2238, 351, 1)
(2239, 351, 1)
(2240, 351, 1)
(2241, 351, 1)
(2242, 351, 1)
(2243, 351, 1)
(2244, 351, 1)
(2245, 351, 1)
(2246, 351, 1)
(2247, 351, 1)
(2248, 351, 1)
(2249, 351, 1)
(2250, 351, 1)
(2251, 351, 1)
(2252, 351, 1)
(2253, 351, 1)
(2254, 351, 1)
(2255, 351, 1)
(2256, 351, 1)
(2257, 351, 1)
(2258, 351, 1)
(2259, 351, 1)
(2260, 351, 1)
(2261, 351, 1)
(2262, 351, 1)
(2263, 351, 1)
(2264, 351, 1)
(2265, 351, 1)
(2266, 351, 1)
(2267, 351, 1)
(2268, 351, 1)
(2269, 351, 1)
(2270, 351, 1)
(2271, 351, 1)
(2272, 351, 1)
(2273, 351, 1)
(2274, 351, 1)
(2275, 351, 1)
(2276, 351, 1)
(2277, 351, 1)
(2278, 351, 1)
(2279, 351, 1)
(2280, 351, 1)
(2281, 351, 1)
(2282, 351, 1)
(2283, 351, 1)
(2284, 351, 1)
(2285, 351, 1)
(2286, 351, 1)
(2287, 351, 1)
(2288, 351, 1)
(2289, 351, 1)
(2290, 351, 1)
(2291, 351, 1)
(2292, 351, 1)
(2293, 351, 1)
(2294, 351, 1)
(2295, 351, 1)
(2296, 351, 1)
(2297, 351, 1)
(2298, 351, 1)
(2299, 351, 1)
(2300, 351, 1)
(2301, 351, 1)
(2302, 351, 1)
(2303, 351, 1)
(2304, 351, 1)
(2305, 351, 1)
(2306, 351, 1)
(2307, 351, 1)
(2308, 351, 1)
(2309, 351, 1)
(2310, 351, 1)
(2311, 351, 1)
(2312, 351, 1)
(2313, 351, 1)
(2314, 351, 1)
(2315, 351, 1)
(2316, 351, 1)
(2317, 351, 1)
(2318, 351, 1)
(2319, 351, 1)
(2320, 351, 1)
(2321, 351, 1)
(2322, 351, 1)
(2323, 351, 1)
(2324, 351, 1)
(2325, 351, 1)
(2326, 351, 1)
(2327, 351, 1)
(2328, 351, 1)
(2329, 351, 1)
(2330, 351, 1)
(2331, 351, 1)
(2332, 351, 1)
(2333, 351, 1)
(2334, 351, 1)
(2335, 351, 1)
(2336, 351, 1)
(2337, 351, 1)
(2338, 351, 1)
(2339, 351, 1)
(2340, 351, 1)
(2341, 351, 1)
(2342, 351, 1)
(2343, 351, 1)
(2344, 351, 1)
(2345, 351, 1)
(2346, 351, 1)
(2347, 351, 1)
(2348, 351, 1)
(2349, 351, 1)
(2350, 351, 1)
(2351, 351, 1)
(2352, 351, 1)
(2353, 351, 1)
(2354, 351, 1)
(2355, 351, 1)
(2356, 351, 1)
(2357, 351, 1)
(2358, 351, 1)
(2359, 351, 1)
(2360, 351, 1)
(2361, 351, 1)
(2362, 351, 1)
(2363, 351, 1)
(2364, 351, 1)
(2365, 351, 1)
(2366, 351, 1)
(2367, 351, 1)
(2368, 351, 1)
(2369, 351, 1)
(2370, 351, 1)
(2371, 351, 1)
(2372, 351, 1)
(2373, 351, 1)
(2374, 351, 1)
(2375, 351, 1)
(2376, 351, 1)
(2377, 351, 1)
(2378, 351, 1)
(2379, 351, 1)
(2380, 351, 1)
(2381, 351, 1)
(2382, 351, 1)
(2383, 351, 1)
(2384, 351, 1)
(2385, 351, 1)
(2386, 351, 1)
(2387, 351, 1)
(2388, 351, 1)
(2389, 351, 1)
(2390, 351, 1)
(2391, 351, 1)
(2392, 351, 1)
(2393, 351, 1)
(2394, 351, 1)
(2395, 351, 1)
(2396, 351, 1)
(2397, 351, 1)
(2398, 351, 1)
(2399, 351, 1)
(2400, 351, 1)
(2401, 351, 1)
(2402, 351, 1)
(2403, 351, 1)
(2404, 351, 1)
(2405, 351, 1)
(2406, 351, 1)
(2407, 351, 1)
(2408, 351, 1)
(2409, 351, 1)
(2410, 351, 1)
(2411, 351, 1)
(2412, 351, 1)
(2413, 351, 1)
(2414, 351, 1)
(2415, 351, 1)
(2416, 351, 1)
(2417, 351, 1)
(2418, 351, 1)
(2419, 351, 1)
(2420, 351, 1)
(2421, 351, 1)
(2422, 351, 1)
(2423, 351, 1)
(2424, 351, 1)
(2425, 351, 1)
(2426, 351, 1)
(2427, 351, 1)
(2428, 351, 1)
(2429, 351, 1)
(2430, 351, 1)
(2431, 351, 1)
(2432, 351, 1)
(2433, 351, 1)
(2434, 351, 1)
(2435, 351, 1)
(2436, 351, 1)
(2437, 351, 1)
(2438, 351, 1)
(2439, 351, 1)
(2440, 351, 1)
(2441, 351, 1)
(2442, 351, 1)
(2443, 351, 1)
(2444, 351, 1)
(2445, 351, 1)
(2446, 351, 1)
(2447, 351, 1)
(2448, 351, 1)
(2449, 351, 1)
(2450, 351, 1)
(2451, 351, 1)
(2452, 351, 1)
(2453, 351, 1)
(2454, 351, 1)
(2455, 351, 1)
(2456, 351, 1)
(2457, 351, 1)
(2458, 351, 1)
(2459, 351, 1)
(2460, 351, 1)
(2461, 351, 1)
(2462, 351, 1)
(2463, 351, 1)
(2464, 351, 1)
(2465, 351, 1)
(2466, 351, 1)
(2467, 351, 1)
(2468, 351, 1)
(2469, 351, 1)
(2470, 351, 1)
(2471, 351, 1)
(2472, 351, 1)
(2473, 351, 1)
(2474, 351, 1)
(2475, 351, 1)
(2476, 351, 1)
(2477, 351, 1)
(2478, 351, 1)
(2479, 351, 1)
(2480, 351, 1)
(2481, 351, 1)
(2482, 351, 1)
(2483, 351, 1)
(2484, 351, 1)
(2485, 351, 1)
(2486, 351, 1)
(2487, 351, 1)
(2488, 351, 1)
(2489, 351, 1)
(2490, 351, 1)
(2491, 351, 1)
(2492, 351, 1)
(2493, 351, 1)
(2494, 351, 1)
(2495, 351, 1)
(2496, 351, 1)
(2497, 351, 1)
(2498, 351, 1)
(2499, 351, 1)
(2500, 351, 1)
(2501, 351, 1)
(2502, 351, 1)
(2503, 351, 1)
(2504, 351, 1)
(2505, 351, 1)
(2506, 351, 1)
(2507, 351, 1)
(2508, 351, 1)
(2509, 351, 1)
(2510, 351, 1)
(2511, 351, 1)
(2512, 351, 1)
(2513, 351, 1)
(2514, 351, 1)
(2515, 351, 1)
(2516, 351, 1)
(2517, 351, 1)
(2518, 351, 1)
(2519, 351, 1)
(2520, 351, 1)
(2521, 351, 1)
(2522, 351, 1)
(2523, 351, 1)
(2524, 351, 1)
(2525, 351, 1)
(2526, 351, 1)
(2527, 351, 1)
(2528, 351, 1)
(2529, 351, 1)
(2530, 351, 1)
(2531, 351, 1)
(2532, 351, 1)
(2533, 351, 1)
(2534, 351, 1)
(2535, 351, 1)
(2536, 351, 1)
(2537, 351, 1)
(2538, 351, 1)
(2539, 351, 1)
(2540, 351, 1)
(2541, 351, 1)
(2542, 351, 1)
(2543, 351, 1)
(2544, 351, 1)
(2545, 351, 1)
(2546, 351, 1)
(2547, 351, 1)
(2548, 351, 1)
(2549, 351, 1)
(2550, 351, 1)
(2551, 351, 1)
(2552, 351, 1)
(2553, 351, 1)
(2554, 351, 1)
(2555, 351, 1)
(2556, 351, 1)
(2557, 351, 1)
(2558, 351, 1)
(2559, 351, 1)
(2560, 351, 1)
(2561, 351, 1)
(2562, 351, 1)
(2563, 351, 1)
(2564, 351, 1)
(2565, 351, 1)
(2566, 351, 1)
(2567, 351, 1)
(2568, 351, 1)
(2569, 351, 1)
(2570, 351, 1)
(2571, 351, 1)
(2572, 351, 1)
(2573, 351, 1)
(2574, 351, 1)
(2575, 351, 1)
(2576, 351, 1)
(2577, 351, 1)
(2578, 351, 1)
(2579, 351, 1)
(2580, 351, 1)
(2581, 351, 1)
(2582, 351, 1)
(2583, 351, 1)
(2584, 351, 1)
(2585, 351, 1)
(2586, 351, 1)
(2587, 351, 1)
(2588, 351, 1)
(2589, 351, 1)
(2590, 351, 1)
(2591, 351, 1)
(2592, 351, 1)
(2593, 351, 1)
(2594, 351, 1)
(2595, 351, 1)
(2596, 351, 1)
(2597, 351, 1)
(2598, 351, 1)
(2599, 351, 1)
(2600, 351, 1)
(2601, 351, 1)
(2602, 351, 1)
(2603, 351, 1)
(2604, 351, 1)
(2605, 351, 1)
(2606, 351, 1)
(2607, 351, 1)
(2608, 351, 1)
(2609, 351, 1)
(2610, 351, 1)
(2611, 351, 1)
(2612, 351, 1)
(2613, 351, 1)
(2614, 351, 1)
(2615, 351, 1)
(2616, 351, 1)
(2617, 351, 1)
(2618, 351, 1)
(2619, 351, 1)
(2620, 351, 1)
(2621, 351, 1)
(2622, 351, 1)
(2623, 351, 1)
(2624, 351, 1)
(2625, 351, 1)
(2626, 351, 1)
(2627, 351, 1)
(2628, 351, 1)
(2629, 351, 1)
(2630, 351, 1)
(2631, 351, 1)
(2632, 351, 1)
(2633, 351, 1)
(2634, 351, 1)
(2635, 351, 1)
(2636, 351, 1)
(2637, 351, 1)
(2638, 351, 1)
(2639, 351, 1)
(2640, 351, 1)
(2641, 351, 1)
(2642, 351, 1)
(2643, 351, 1)
(2644, 351, 1)
(2645, 351, 1)
(2646, 351, 1)
(2647, 351, 1)
(2648, 351, 1)
(2649, 351, 1)
(2650, 351, 1)
(2651, 351, 1)
(2652, 351, 1)
(2653, 351, 1)
(2654, 351, 1)
(2655, 351, 1)
(2656, 351, 1)
(2657, 351, 1)
(2658, 351, 1)
(2659, 351, 1)
(2660, 351, 1)
(2661, 351, 1)
(2662, 351, 1)
(2663, 351, 1)
(2664, 351, 1)
(2665, 351, 1)
(2666, 351, 1)
(2667, 351, 1)
(2668, 351, 1)
(2669, 351, 1)
(2670, 351, 1)
(2671, 351, 1)
(2672, 351, 1)
(2673, 351, 1)
(2674, 351, 1)
(2675, 351, 1)
(2676, 351, 1)
(2677, 351, 1)
(2678, 351, 1)
(2679, 351, 1)
(2680, 351, 1)
(2681, 351, 1)
(2682, 351, 1)
(2683, 351, 1)
(2684, 351, 1)
(2685, 351, 1)
(2686, 351, 1)
(2687, 351, 1)
(2688, 351, 1)
(2689, 351, 1)
(2690, 351, 1)
(2691, 351, 1)
(2692, 351, 1)
(2693, 351, 1)
(2694, 351, 1)
(2695, 351, 1)
(2696, 351, 1)
(2697, 351, 1)
(2698, 351, 1)
(2699, 351, 1)
(2700, 351, 1)
(2701, 351, 1)
(2702, 351, 1)
(2703, 351, 1)
(2704, 351, 1)
(2705, 351, 1)
(2706, 351, 1)
(2707, 351, 1)
(2708, 351, 1)
(2709, 351, 1)
(2710, 351, 1)
(2711, 351, 1)
(2712, 351, 1)
(2713, 351, 1)
(2714, 351, 1)
(2715, 351, 1)
(2716, 351, 1)
(2717, 351, 1)
(2718, 351, 1)
(2719, 351, 1)
(2720, 351, 1)
(2721, 351, 1)
(2722, 351, 1)
(2723, 351, 1)
(2724, 351, 1)
(2725, 351, 1)
(2726, 351, 1)
(2727, 351, 1)
(2728, 351, 1)
(2729, 351, 1)
(2730, 351, 1)
(2731, 351, 1)
(2732, 351, 1)
(2733, 351, 1)
(2734, 351, 1)
(2735, 351, 1)
(2736, 351, 1)
(2737, 351, 1)
(2738, 351, 1)
(2739, 351, 1)
(2740, 351, 1)
(2741, 351, 1)
(2742, 351, 1)
(2743, 351, 1)
(2744, 351, 1)
(2745, 351, 1)
(2746, 351, 1)
(2747, 351, 1)
(2748, 351, 1)
(2749, 351, 1)
(2750, 351, 1)
(2751, 351, 1)
(2752, 351, 1)
(2753, 351, 1)
(2754, 351, 1)
(2755, 351, 1)
(2756, 351, 1)
(2757, 351, 1)
(2758, 351, 1)
(2759, 351, 1)
(2760, 351, 1)
(2761, 351, 1)
(2762, 351, 1)
(2763, 351, 1)
(2764, 351, 1)
(2765, 351, 1)
(2766, 351, 1)
(2767, 351, 1)
(2768, 351, 1)
(2769, 351, 1)
(2770, 351, 1)
(2771, 351, 1)
(2772, 351, 1)
(2773, 351, 1)
(2774, 351, 1)
(2775, 351, 1)
(2776, 351, 1)
(2777, 351, 1)
(2778, 351, 1)
(2779, 351, 1)
(2780, 351, 1)
(2781, 351, 1)
(2782, 351, 1)
(2783, 351, 1)
(2784, 351, 1)
(2785, 351, 1)
(2786, 351, 1)
(2787, 351, 1)
(2788, 351, 1)
(2789, 351, 1)
(2790, 351, 1)
(2791, 351, 1)
(2792, 351, 1)
(2793, 351, 1)
(2794, 351, 1)
(2795, 351, 1)
(2796, 351, 1)
(2797, 351, 1)
(2798, 351, 1)
(2799, 351, 1)
(2800, 351, 1)
(2801, 351, 1)
(2802, 351, 1)
(2803, 351, 1)
(2804, 351, 1)
(2805, 351, 1)
(2806, 351, 1)
(2807, 351, 1)
(2808, 351, 1)
(2809, 351, 1)
(2810, 351, 1)
(2811, 351, 1)
(2812, 351, 1)
(2813, 351, 1)
(2814, 351, 1)
(2815, 351, 1)
(2816, 351, 1)
(2817, 351, 1)
(2818, 351, 1)
(2819, 351, 1)
(2820, 351, 1)
(2821, 351, 1)
(2822, 351, 1)
(2823, 351, 1)
(2824, 351, 1)
(2825, 351, 1)
(2826, 351, 1)
(2827, 351, 1)
(2828, 351, 1)
(2829, 351, 1)
(2830, 351, 1)
(2831, 351, 1)
(2832, 351, 1)
(2833, 351, 1)
(2834, 351, 1)
(2835, 351, 1)
(2836, 351, 1)
(2837, 351, 1)
(2838, 351, 1)
(2839, 351, 1)
(2840, 351, 1)
(2841, 351, 1)
(2842, 351, 1)
(2843, 351, 1)
(2844, 351, 1)
(2845, 351, 1)
(2846, 351, 1)
(2847, 351, 1)
(2848, 351, 1)
(2849, 351, 1)
(2850, 351, 1)
(2851, 351, 1)
(2852, 351, 1)
(2853, 351, 1)
(2854, 351, 1)
(2855, 351, 1)
(2856, 351, 1)
(2857, 351, 1)
(2858, 351, 1)
(2859, 351, 1)
(2860, 351, 1)
(2861, 351, 1)
(2862, 351, 1)
(2863, 351, 1)
(2864, 351, 1)
(2865, 351, 1)
(2866, 351, 1)
(2867, 351, 1)
(2868, 351, 1)
(2869, 351, 1)
(2870, 351, 1)
(2871, 351, 1)
(2872, 351, 1)
(2873, 351, 1)
(2874, 351, 1)
(2875, 351, 1)
(2876, 351, 1)
(2877, 351, 1)
(2878, 351, 1)
(2879, 351, 1)
(2880, 351, 1)
(2881, 351, 1)
(2882, 351, 1)
(2883, 351, 1)
(2884, 351, 1)
(2885, 351, 1)
(2886, 351, 1)
(2887, 351, 1)
(2888, 351, 1)
(2889, 351, 1)
(2890, 351, 1)
(2891, 351, 1)
(2892, 351, 1)
(2893, 351, 1)
(2894, 351, 1)
(2895, 351, 1)
(2896, 351, 1)
(2897, 351, 1)
(2898, 351, 1)
(2899, 351, 1)
(2900, 351, 1)
(2901, 351, 1)
(2902, 351, 1)
(2903, 351, 1)
(2904, 351, 1)
(2905, 351, 1)
(2906, 351, 1)
(2907, 351, 1)
(2908, 351, 1)
(2909, 351, 1)
(2910, 351, 1)
(2911, 351, 1)
(2912, 351, 1)
(2913, 351, 1)
(2914, 351, 1)
(2915, 351, 1)
(2916, 351, 1)
(2917, 351, 1)
(2918, 351, 1)
(2919, 351, 1)
(2920, 351, 1)
(2921, 351, 1)
(2922, 351, 1)
(2923, 351, 1)
(2924, 351, 1)
(2925, 351, 1)
(2926, 351, 1)
(2927, 351, 1)
(2928, 351, 1)
(2929, 351, 1)
(2930, 351, 1)
(2931, 351, 1)
(2932, 351, 1)
(2933, 351, 1)
(2934, 351, 1)
(2935, 351, 1)
(2936, 352, 1)
(2937, 352, 1)
(2938, 352, 1)
(2939, 352, 1)
(2940, 352, 1)
(2941, 352, 1)
(2942, 352, 1)
(2943, 352, 1)
(2944, 352, 1)
(2945, 352, 1)
(2946, 352, 1)
(2947, 352, 1)
(2948, 3098, 1)
(2949, 352, 1)
(2950, 352, 1)
(2951, 352, 1)
(2952, 352, 1)
(2953, 352, 1)
(2954, 352, 1)
(2955, 352, 1)
(2956, 352, 1)
(2957, 3098, 1)
(2958, 352, 1)
(2959, 352, 1)
(2960, 352, 1)
(2961, 352, 1)
(2962, 352, 1)
(2963, 352, 1)
(2964, 352, 1)
(2965, 352, 1)
(2966, 352, 1)
(2967, 3098, 1)
(2968, 352, 1)
(2969, 352, 1)
(2970, 352, 1)
(2971, 352, 1)
(2972, 352, 1)
(2973, 352, 1)
(2974, 3098, 1)
(2975, 352, 1)
(2976, 352, 1)
(2977, 352, 1)
(2978, 3098, 1)
(2979, 3098, 1)
(2980, 352, 1)
(2981, 352, 1)
(2982, 352, 1)
(2983, 352, 1)
(2984, 352, 1)
(2985, 352, 1)
(2986, 3098, 1)
(2987, 352, 1)
(2988, 352, 1)
(2989, 352, 1)
(2990, 352, 1)
(2991, 352, 1)
(2992, 352, 1)
(2993, 352, 1)
(2994, 352, 1)
(2995, 352, 1)
(2996, 352, 1)
(2997, 352, 1)
(2998, 352, 1)
(2999, 352, 1)
(3000, 352, 1)
(3001, 352, 1)
(3002, 352, 1)
(3003, 352, 1)
(3004, 352, 1)
(3005, 352, 1)
(3006, 352, 1)
(3007, 352, 1)
(3008, 352, 1)
(3009, 3098, 1)
(3010, 352, 1)
(3011, 352, 1)
(3012, 352, 1)
(3013, 352, 1)
(3014, 352, 1)
(3015, 352, 1)
(3016, 352, 1)
(3017, 352, 1)
(3018, 352, 1)
(3019, 352, 1)
(3020, 352, 1)
(3021, 352, 1)
(3022, 352, 1)
(3023, 352, 1)
(3024, 352, 1)
(3025, 352, 1)
(3026, 352, 1)
(3027, 3098, 1)
(3028, 352, 1)
(3029, 352, 1)
(3030, 352, 1)
(3031, 352, 1)
(3032, 352, 1)
(3033, 352, 1)
(3034, 352, 1)
(3035, 352, 1)
(3036, 352, 1)
(3037, 352, 1)
(3038, 352, 1)
(3039, 3098, 1)
(3040, 352, 1)
(3041, 352, 1)
(3042, 352, 1)
(3043, 352, 1)
(3044, 352, 1)
(3045, 352, 1)
(3046, 352, 1)
(3047, 352, 1)
(3048, 352, 1)
(3049, 352, 1)
(3050, 352, 1)
(3051, 352, 1)
(3052, 3098, 1)
(3053, 352, 1)
(3054, 352, 1)
(3055, 352, 1)
(3056, 352, 1)
(3057, 352, 1)
(3058, 352, 1)
(3059, 352, 1)
(3060, 352, 1)
(3061, 352, 1)
(3062, 352, 1)
(3063, 352, 1)
(3064, 352, 1)
(3065, 352, 1)
(3066, 352, 1)
(3067, 3098, 1)
(3068, 352, 1)
(3069, 3098, 1)
(3070, 352, 1)
(3071, 352, 1)
(3072, 352, 1)
(3073, 352, 1)
(3074, 352, 1)
(3075, 352, 1)
(3076, 352, 1)
(3077, 3098, 1)
(3078, 352, 1)
(3079, 352, 1)
(3080, 352, 1)
(3081, 3098, 1)
(3082, 352, 1)
(3083, 3098, 1)
(3084, 352, 1)
(3085, 352, 1)
(3086, 352, 1)
(3087, 352, 1)
(3088, 352, 1)
(3089, 352, 1)
(3090, 352, 1)
(3091, 352, 1)
(3092, 352, 1)
(3093, 3098, 1)
(3094, 352, 1)
(3095, 352, 1)
(3096, 352, 1)
(3097, 352, 1)
(3099, 3098, 1)
(3100, 352, 1)
(3101, 352, 1)
(3102, 352, 1)
(3103, 352, 1)
(3104, 352, 1)
(3105, 352, 1)
(3106, 352, 1)
(3107, 352, 1)
(3108, 3098, 1)
(3109, 352, 1)
(3110, 352, 1)
(3111, 3098, 1)
(3112, 352, 1)
(3113, 352, 1)
(3114, 352, 1)
(3115, 352, 1)
(3116, 3098, 1)
(3117, 352, 1)
(3118, 3098, 1)
(3119, 352, 1)
(3120, 352, 1)
(3121, 352, 1)
(3122, 352, 1)
(3123, 352, 1)
(3124, 352, 1)
(3125, 352, 1)
(3126, 3098, 1)
(3127, 352, 1)
(3128, 352, 1)
(3129, 352, 1)
(3130, 352, 1)
(3131, 3098, 1)
(3132, 352, 1)
(3133, 352, 1)
(3134, 352, 1)
(3135, 352, 1)
(3136, 352, 1)
(3137, 352, 1)
(3138, 352, 1)
(3139, 352, 1)
(3140, 3098, 1)
(3141, 352, 1)
(3142, 352, 1)
(3143, 352, 1)
(3144, 352, 1)
(3145, 352, 1)
(3146, 352, 1)
(3147, 352, 1)
(3148, 352, 1)
(3149, 352, 1)
(3150, 352, 1)
(3151, 352, 1)
(3152, 352, 1)
(3153, 352, 1)
(3154, 352, 1)
(3155, 352, 1)
(3156, 352, 1)
(3157, 352, 1)
(3158, 352, 1)
(3159, 352, 1)
(3160, 352, 1)
(3161, 352, 1)
(3162, 352, 1)
(3163, 352, 1)
(3164, 352, 1)
(3165, 352, 1)
(3166, 352, 1)
(3167, 3098, 1)
(3168, 352, 1)
(3169, 352, 1)
(3170, 352, 1)
(3171, 352, 1)
(3172, 3098, 1)
(3173, 352, 1)
(3174, 352, 1)
(3175, 352, 1)
(3176, 352, 1)
(3177, 352, 1)
(3178, 352, 1)
(3179, 352, 1)
(3180, 352, 1)
(3181, 352, 1)
(3182, 352, 1)
(3183, 352, 1)
(3184, 352, 1)
(3185, 352, 1)
(3186, 352, 1)
(3187, 352, 1)
(3188, 352, 1)
(3189, 352, 1)
(3190, 352, 1)
(3191, 352, 1)
(3192, 352, 1)
(3193, 352, 1)
(3194, 352, 1)
(3195, 352, 1)
(3196, 352, 1)
(3197, 352, 1)
(3198, 352, 1)
(3199, 352, 1)
(3200, 352, 1)
(3201, 352, 1)
(3202, 352, 1)
(3203, 352, 1)
(3204, 352, 1)
(3205, 352, 1)
(3206, 352, 1)
(3207, 352, 1)
(3208, 352, 1)
(3209, 352, 1)
(3210, 352, 1)
(3211, 352, 1)
(3212, 352, 1)
(3213, 352, 1)
(3214, 352, 1)
(3215, 3098, 1)
(3216, 352, 1)
(3217, 352, 1)
(3218, 352, 1)
(3219, 352, 1)
(3220, 352, 1)
(3221, 352, 1)
(3222, 352, 1)
(3223, 352, 1)
(3224, 352, 1)
(3225, 352, 1)
(3226, 3098, 1)
(3227, 352, 1)
(3228, 352, 1)
(3229, 3098, 1)
(3230, 352, 1)
(3231, 352, 1)
(3232, 352, 1)
(3233, 352, 1)
(3234, 352, 1)
(3235, 352, 1)
(3236, 352, 1)
(3237, 352, 1)
(3238, 352, 1)
(3239, 352, 1)
(3240, 3098, 1)
(3241, 352, 1)
(3242, 352, 1)
(3243, 3098, 1)
(3244, 352, 1)
(3245, 352, 1)
(3246, 352, 1)
(3247, 352, 1)
(3248, 352, 1)
(3249, 352, 1)
(3250, 352, 1)
(3251, 352, 1)
(3252, 352, 1)
(3253, 352, 1)
(3254, 352, 1)
(3255, 352, 1)
(3256, 352, 1)
(3257, 3098, 1)
(3258, 3098, 1)
(3259, 352, 1)
(3260, 352, 1)
(3261, 352, 1)
(3262, 3098, 1)
(3263, 352, 1)
(3264, 352, 1)
(3265, 352, 1)
(3266, 3098, 1)
(3267, 352, 1)
(3268, 352, 1)
(3269, 352, 1)
(3270, 352, 1)
(3271, 352, 1)
(3272, 352, 1)
(3273, 352, 1)
(3274, 352, 1)
(3275, 352, 1)
(3276, 352, 1)
(3277, 352, 1)
(3278, 352, 1)
(3279, 352, 1)
(3280, 352, 1)
(3281, 352, 1)
(3282, 352, 1)
(3283, 352, 1)
(3284, 352, 1)
(3285, 352, 1)
(3286, 352, 1)
(3287, 352, 1)
(3288, 352, 1)
(3289, 352, 1)
(3290, 352, 1)
(3291, 3098, 1)
(3292, 352, 1)
(3293, 352, 1)
(3294, 352, 1)
(3295, 352, 1)
(3296, 352, 1)
(3297, 352, 1)
(3298, 3098, 1)
(3299, 352, 1)
(3300, 352, 1)
(3301, 352, 1)
(3302, 352, 1)
(3303, 352, 1)
(3304, 352, 1)
(3305, 352, 1)
(3306, 3098, 1)
(3307, 352, 1)
(3308, 352, 1)
(3309, 352, 1)
(3310, 352, 1)
(3311, 352, 1)
(3312, 352, 1)
(3313, 352, 1)
(3314, 352, 1)
(3315, 352, 1)
(3316, 352, 1)
(3317, 352, 1)
(3318, 352, 1)
(3319, 352, 1)
(3320, 352, 1)
(3321, 3098, 1)
(3322, 352, 1)
(3323, 352, 1)
(3324, 352, 1)
(3325, 352, 1)
(3326, 352, 1)
(3327, 3098, 1)
(3328, 352, 1)
(3329, 352, 1)
(3330, 352, 1)
(3331, 352, 1)
(3332, 352, 1)
(3333, 3098, 1)
(3334, 352, 1)
(3335, 352, 1)
(3336, 352, 1)
(3337, 352, 1)
(3338, 352, 1)
(3339, 352, 1)
(3340, 352, 1)
(3341, 352, 1)
(3342, 352, 1)
(3343, 352, 1)
(3344, 352, 1)
(3345, 352, 1)
(3346, 352, 1)
(3347, 352, 1)
(3348, 352, 1)
(3349, 352, 1)
(3350, 352, 1)
(3351, 352, 1)
(3352, 352, 1)
(3353, 352, 1)
(3354, 352, 1)
(3355, 352, 1)
(3356, 352, 1)
(3357, 3098, 1)
(3358, 352, 1)
(3359, 352, 1)
(3360, 352, 1)
(3361, 352, 1)
(3362, 352, 1)
(3363, 352, 1)
(3364, 352, 1)
(3365, 352, 1)
(3366, 352, 1)
(3367, 352, 1)
(3368, 352, 1)
(3369, 352, 1)
(3370, 352, 1)
(3371, 352, 1)
(3372, 352, 1)
(3373, 352, 1)
(3374, 352, 1)
(3375, 352, 1)
(3376, 352, 1)
(3377, 352, 1)
(3378, 352, 1)
(3379, 352, 1)
(3380, 352, 1)
(3381, 352, 1)
(3382, 352, 1)
(3383, 352, 1)
(3384, 352, 1)
(3385, 352, 1)
(3386, 352, 1)
(3387, 352, 1)
(3388, 3098, 1)
(3389, 352, 1)
(3390, 352, 1)
(3391, 352, 1)
(3392, 3098, 1)
(3393, 352, 1)
(3394, 352, 1)
(3395, 352, 1)
(3396, 352, 1)
(3397, 352, 1)
(3398, 352, 1)
(3399, 352, 1)
(3400, 352, 1)
(3401, 352, 1)
(3402, 352, 1)
(3403, 352, 1)
(3404, 352, 1)
(3405, 352, 1)
(3406, 352, 1)
(3407, 352, 1)
(3408, 352, 1)
(3409, 352, 1)
(3410, 352, 1)
(3411, 352, 1)
(3412, 352, 1)
(3413, 352, 1)
(3414, 352, 1)
(3415, 352, 1)
(3416, 3098, 1)
(3417, 352, 1)
(3418, 352, 1)
(3419, 352, 1)
(3420, 352, 1)
(3421, 352, 1)
(3422, 3098, 1)
(3423, 352, 1)
(3424, 352, 1)
(3425, 352, 1)
(3426, 352, 1)
(3427, 352, 1)
(3428, 352, 1)
(3429, 352, 1)
(3430, 3098, 1)
(3431, 352, 1)
(3432, 352, 1)
(3433, 352, 1)
(3434, 352, 1)
(3435, 352, 1)
(3436, 352, 1)
(3437, 352, 1)
(3438, 352, 1)
(3439, 352, 1)
(3440, 352, 1)
(3441, 352, 1)
(3442, 352, 1)
(3443, 352, 1)
(3444, 352, 1)
(3445, 352, 1)
(3446, 352, 1)
(3447, 352, 1)
(3448, 352, 1)
(3449, 352, 1)
(3450, 352, 1)
(3451, 352, 1)
(3452, 352, 1)
(3453, 352, 1)
(3454, 352, 1)
(3455, 352, 1)
(3456, 352, 1)
(3457, 352, 1)
(3458, 352, 1)
(3459, 352, 1)
(3460, 3098, 1)
(3461, 352, 1)
(3462, 352, 1)
(3463, 352, 1)
(3464, 352, 1)
(3465, 352, 1)
(3466, 352, 1)
(3467, 352, 1)
(3468, 352, 1)
(3469, 352, 1)
(3470, 352, 1)
(3471, 352, 1)
(3472, 352, 1)
(3473, 352, 1)
(3474, 352, 1)
(3475, 352, 1)
(3476, 352, 1)
(3477, 352, 1)
(3478, 352, 1)
(3479, 352, 1)
(3480, 352, 1)
(3481, 352, 1)
(3482, 3098, 1)
(3483, 1821, 1)
(3484, 1821, 1)
(3485, 1821, 1)
(3486, 1821, 1)
(3487, 1821, 1)
(3488, 1821, 1)
(3489, 1821, 1)
(3490, 1821, 1)
(3491, 1821, 1)
(3492, 1821, 1)
(3493, 1821, 1)
(3494, 1821, 1)
(3495, 1821, 1)
(3496, 1821, 1)
(3497, 1821, 1)
(3498, 1821, 1)
(3499, 1821, 1)
(3500, 1821, 1)
(3501, 1821, 1)
(3502, 1821, 1)
(3503, 1821, 1)
(3504, 1821, 1)
(3505, 1821, 1)
(3506, 1821, 1)
(3507, 1821, 1)
(3508, 1821, 1)
(3509, 1821, 1)
(3510, 1821, 1)
(3511, 1821, 1)
(3512, 1821, 1)
(3513, 1821, 1)
(3514, 1821, 1)
(3515, 1821, 1)
(3516, 1821, 1)
(3517, 1821, 1)
(3518, 1821, 1)
(3519, 1821, 1)
(3520, 1821, 1)
(3521, 1821, 1)
(3522, 1821, 1)
(3523, 1821, 1)
(3524, 1821, 1)
(3525, 1821, 1)
(3526, 1821, 1)
(3527, 1821, 1)
(3528, 1821, 1)
(3529, 1821, 1)
(3530, 1821, 1)
(3531, 1821, 1)
(3532, 1821, 1)
(3533, 1821, 1)
(3534, 1821, 1)
(3535, 1821, 1)
(3536, 1821, 1)
(3537, 1821, 1)
(3538, 1821, 1)
(3539, 1821, 1)
(3540, 1821, 1)
(3541, 1821, 1)
(3542, 1821, 1)
(3543, 1821, 1)
(3544, 1821, 1)
(3545, 1821, 1)
(3546, 1821, 1)
(3547, 1821, 1)
(3548, 1821, 1)
(3549, 1821, 1)
(3550, 1821, 1)
(3551, 1821, 1)
(3552, 1821, 1)
(3553, 1821, 1)
(3554, 1821, 1)
(3555, 1821, 1)
(3556, 1821, 1)
(3557, 1821, 1)
(3558, 1821, 1)
(3559, 1821, 1)
(3560, 1821, 1)
(3561, 1821, 1)
(3562, 1821, 1)
(3563, 1821, 1)
(3564, 1821, 1)
(3565, 1821, 1)
(3566, 1821, 1)
(3567, 1821, 1)
(3568, 1821, 1)
(3569, 1821, 1)
(3570, 1821, 1)
(3571, 1821, 1)
(3572, 1821, 1)
(3573, 1821, 1)
(3574, 1821, 1)
(3575, 1821, 1)
(3576, 1821, 1)
(3577, 1821, 1)
(3578, 1821, 1)
(3579, 1821, 1)
(3580, 1821, 1)
(3581, 1821, 1)
(3582, 1821, 1)
(3583, 1821, 1)
(3584, 1821, 1)
(3585, 1821, 1)
(3586, 1821, 1)
(3587, 1821, 1)
(3588, 1821, 1)
(3589, 1821, 1)
(3590, 1821, 1)
(3591, 1821, 1)
(3592, 1821, 1)
(3593, 1821, 1)
(3594, 1821, 1)
(3595, 1821, 1)
(3596, 1821, 1)
(3597, 1821, 1)
(3598, 1821, 1)
(3599, 1821, 1)
(3600, 1821, 1)
(3601, 1821, 1)
(3602, 1821, 1)
(3603, 1821, 1)
(3604, 1821, 1)
(3605, 1821, 1)
(3606, 1821, 1)
(3607, 1821, 1)
(3608, 1821, 1)
(3609, 1821, 1)
(3610, 1821, 1)
(3611, 1821, 1)
(3612, 1821, 1)
(3613, 1821, 1)
(3614, 1821, 1)
(3615, 1821, 1)
(3616, 1821, 1)
(3617, 1821, 1)
(3618, 1821, 1)
(3619, 1821, 1)
(3620, 1821, 1)
(3621, 1821, 1)
(3622, 1821, 1)
(3623, 1821, 1)
(3624, 1821, 1)
(3625, 1821, 1)
(3626, 1821, 1)
(3627, 1821, 1)
(3628, 1821, 1)
(3629, 1821, 1)
(3630, 1821, 1)
(3631, 1821, 1)
(3632, 1821, 1)
(3633, 1821, 1)
(3634, 1821, 1)
(3635, 1821, 1)
(3636, 1821, 1)
(3637, 1821, 1)
(3638, 1821, 1)
(3639, 1821, 1)
(3640, 1821, 1)
(3641, 1821, 1)
(3642, 1821, 1)
(3643, 1821, 1)
(3644, 1821, 1)
(3645, 1821, 1)
(3646, 1821, 1)
(3647, 1821, 1)
(3648, 1821, 1)
(3649, 1821, 1)
(3650, 1821, 1)
(3651, 1821, 1)
(3652, 1821, 1)
(3653, 1821, 1)
(3654, 1821, 1)
(3655, 1821, 1)
(3656, 1821, 1)
(3657, 1821, 1)
(3658, 1821, 1)
(3659, 1821, 1)
(3660, 1821, 1)
(3661, 1821, 1)
(3662, 1821, 1)
(3663, 1821, 1)
(3664, 1821, 1)
(3665, 1821, 1)
(3666, 1821, 1)
(3667, 1821, 1)
(3668, 1821, 1)
(3669, 1821, 1)
(3670, 1821, 1)
(3671, 1821, 1)
(3672, 1821, 1)
(3673, 1821, 1)
(3674, 1821, 1)
(3675, 1821, 1)
(3676, 1821, 1)
(3677, 1821, 1)
(3678, 1821, 1)
(3679, 1821, 1)
(3680, 1821, 1)
(3681, 1821, 1)
(3682, 1821, 1)
(3683, 1821, 1)
(3684, 1821, 1)
(3685, 1821, 1)
(3686, 1821, 1)
(3687, 1821, 1)
(3688, 1821, 1)
(3689, 1821, 1)
(3690, 1821, 1)
(3691, 1821, 1)
(3692, 1821, 1)
(3693, 1821, 1)
(3694, 1821, 1)
(3695, 1821, 1)
(3696, 1821, 1)
(3697, 1821, 1)
(3698, 1821, 1)
(3699, 1821, 1)
(3700, 1821, 1)
(3701, 1821, 1)
(3702, 1821, 1)
(3703, 1821, 1)
(3704, 1821, 1)
(3705, 1821, 1)
(3706, 1821, 1)
(3707, 1821, 1)
(3708, 1821, 1)
(3709, 1821, 1)
(3710, 1821, 1)
(3711, 1821, 1)
(3712, 1821, 1)
(3713, 1821, 1)
(3714, 1821, 1)
(3715, 1821, 1)
(3716, 1821, 1)
(3717, 1821, 1)
(3718, 1821, 1)
(3719, 1821, 1)
(3720, 1821, 1)
(3721, 1821, 1)
(3722, 1821, 1)
(3723, 1821, 1)
(3724, 1821, 1)
(3725, 1821, 1)
(3726, 1821, 1)
(3727, 1821, 1)
(3728, 1821, 1)
(3729, 1821, 1)
(3730, 1821, 1)
(3731, 1821, 1)
(3732, 1821, 1)
(3733, 1821, 1)
(3734, 1821, 1)
(3735, 1821, 1)
(3736, 1821, 1)
(3737, 1821, 1)
(3738, 1821, 1)
(3739, 1821, 1)
(3740, 1821, 1)
(3741, 1821, 1)
(3742, 1821, 1)
(3743, 1821, 1)
(3744, 1821, 1)
(3745, 1821, 1)
(3746, 1821, 1)
(3747, 1821, 1)
(3748, 1821, 1)
(3749, 1821, 1)
(3750, 1821, 1)
(3751, 1821, 1)
(3752, 1821, 1)
(3753, 1821, 1)
(3754, 1821, 1)
(3755, 1821, 1)
(3756, 1821, 1)
(3757, 1821, 1)
(3758, 1821, 1)
(3759, 1821, 1)
(3760, 1821, 1)
(3761, 1821, 1)
(3762, 1821, 1)
(3763, 1821, 1)
(3764, 1821, 1)
(3765, 1821, 1)
(3766, 1821, 1)
(3767, 1821, 1)
(3768, 1821, 1)
(3769, 1821, 1)
(3770, 1821, 1)
(3771, 1821, 1)
(3772, 1821, 1)
(3773, 1821, 1)
(3774, 1821, 1)
(3775, 1821, 1)
(3776, 1821, 1)
(3777, 1821, 1)
(3778, 1821, 1)
(3779, 1821, 1)
(3780, 1821, 1)
(3781, 1821, 1)
(3782, 1821, 1)
(3783, 1821, 1)
(3784, 1821, 1)
(3785, 1821, 1)
(3786, 1821, 1)
(3787, 1821, 1)
(3788, 1821, 1)
(3789, 1821, 1)
(3790, 1821, 1)
(3791, 1821, 1)
(3792, 1821, 1)
(3793, 1821, 1)
(3794, 1821, 1)
(3795, 1821, 1)
(3796, 1821, 1)
(3797, 1821, 1)
(3798, 1821, 1)
(3799, 1821, 1)
(3800, 1821, 1)
(3801, 1821, 1)
(3802, 1821, 1)
(3803, 1821, 1)
(3804, 1821, 1)
(3805, 1821, 1)
(3806, 1821, 1)
(3807, 1821, 1)
(3808, 1821, 1)
(3809, 1821, 1)
(3810, 1821, 1)
(3811, 1821, 1)
(3812, 1821, 1)
(3813, 1821, 1)
(3814, 1821, 1)
(3815, 1821, 1)
(3816, 1821, 1)
(3817, 1821, 1)
(3818, 1821, 1)
(3819, 1821, 1)
(3820, 1821, 1)
(3821, 1821, 1)
(3822, 1821, 1)
(3823, 1821, 1)
(3824, 1821, 1)
(3825, 1821, 1)
(3826, 1821, 1)
(3827, 1821, 1)
(3828, 1821, 1)
(3829, 1821, 1)
(3830, 1821, 1)
(3831, 1821, 1)
(3832, 1821, 1)
(3833, 1821, 1)
(3834, 1821, 1)
(3835, 1821, 1)
(3836, 1821, 1)
(3837, 1821, 1)
(3838, 1821, 1)
(3839, 1821, 1)
(3840, 1821, 1)
(3841, 1821, 1)
(3842, 1821, 1)
(3843, 1821, 1)
(3844, 1821, 1)
(3845, 1821, 1)
(3846, 1821, 1)
(3847, 1821, 1)
(3848, 1821, 1)
(3849, 1821, 1)
(3850, 1821, 1)
(3851, 1821, 1)
(3852, 1821, 1)
(3853, 1821, 1)
(3854, 1821, 1)
(3855, 1821, 1)
(3856, 1821, 1)
(3857, 1821, 1)
(3858, 1821, 1)
(3859, 1821, 1)
(3860, 1821, 1)
(3861, 1821, 1)
(3862, 1821, 1)
(3863, 1821, 1)
(3864, 1821, 1)
(3865, 1821, 1)
(3866, 1821, 1)
(3867, 1821, 1)
(3868, 1821, 1)
(3869, 1821, 1)
(3870, 1821, 1)
(3871, 1821, 1)
(3872, 1821, 1)
(3873, 1821, 1)
(3874, 1821, 1)
(3875, 1821, 1)
(3876, 1821, 1)
(3877, 1821, 1)
(3878, 1821, 1)
(3879, 1821, 1)
(3880, 1821, 1)
(3881, 1821, 1)
(3882, 1821, 1)
(3883, 1821, 1)
(3884, 1821, 1)
(3885, 1821, 1)
(3886, 1821, 1)
(3887, 1821, 1)
(3888, 1821, 1)
(3889, 1821, 1)
(3890, 1821, 1)
(3891, 1821, 1)
(3892, 1821, 1)
(3893, 1821, 1)
(3894, 1821, 1)
(3895, 1821, 1)
(3896, 1821, 1)
(3897, 1821, 1)
(3898, 1821, 1)
(3899, 1821, 1)
(3900, 1821, 1)
(3901, 1821, 1)
(3902, 1821, 1)
(3903, 1821, 1)
(3904, 1821, 1)
(3905, 1821, 1)
(3906, 1821, 1)
(3907, 1821, 1)
(3908, 1821, 1)
(3909, 1821, 1)
(3910, 1821, 1)
(3911, 1821, 1)
(3912, 1821, 1)
(3913, 1821, 1)
(3914, 1821, 1)
(3915, 1821, 1)
(3916, 1821, 1)
(3917, 1821, 1)
(3918, 1821, 1)
(3919, 1821, 1)
(3920, 1821, 1)
(3921, 1821, 1)
(3922, 1821, 1)
(3923, 1821, 1)
(3924, 1821, 1)
(3925, 1821, 1)
(3926, 1821, 1)
(3927, 1821, 1)
(3928, 1821, 1)
(3929, 1821, 1)
(3930, 1821, 1)
(3931, 1821, 1)
(3932, 1821, 1)
(3933, 1821, 1)
(3934, 1821, 1)
(3935, 1821, 1)
(3936, 1821, 1)
(3937, 1821, 1)
(3938, 1821, 1)
(3939, 1821, 1)
(3940, 1821, 1)
(3941, 1821, 1)
(3942, 1821, 1)
(3943, 1821, 1)
(3944, 1821, 1)
(3945, 1821, 1)
(3946, 1821, 1)
(3947, 1821, 1)
(3948, 1821, 1)
(3949, 1821, 1)
(3950, 1821, 1)
(3951, 1821, 1)
(3952, 1821, 1)
(3953, 1821, 1)
(3954, 1821, 1)
(3955, 1821, 1)
(3956, 1821, 1)
(3957, 1821, 1)
(3958, 1821, 1)
(3959, 1821, 1)
(3960, 1821, 1)
(3961, 1821, 1)
(3962, 1821, 1)
(3963, 1821, 1)
(3964, 1821, 1)
(3965, 1821, 1)
(3966, 1821, 1)
(3967, 1821, 1)
(3968, 1821, 1)
(3969, 1821, 1)
(3970, 1821, 1)
(3971, 1821, 1)
(3972, 1821, 1)
(3973, 1821, 1)
(3974, 1821, 1)
(3975, 1821, 1)
(3976, 1821, 1)
(3977, 1821, 1)
(3978, 1821, 1)
(3979, 1821, 1)
(3980, 1821, 1)
(3981, 1821, 1)
(3982, 1821, 1)
(3983, 1821, 1)
(3984, 1827, 1)
(3985, 1827, 1)
(3986, 1827, 1)
(3987, 1827, 1)
(3988, 1827, 1)
(3989, 1827, 1)
(3990, 1827, 1)
(3991, 1827, 1)
(3992, 1827, 1)
(3993, 1827, 1)
(3994, 1827, 1)
(3995, 1827, 1)
(3996, 1827, 1)
(3997, 1827, 1)
(3998, 1827, 1)
(3999, 1827, 1)
(4000, 1827, 1)
(4001, 1827, 1)
(4002, 1827, 1)
(4003, 1827, 1)
(4004, 1827, 1)
(4005, 1827, 1)
(4006, 1827, 1)
(4007, 1827, 1)
(4008, 1827, 1)
(4009, 1827, 1)
(4010, 1827, 1)
(4012, 1827, 1)
(4013, 1827, 1)
(4014, 1827, 1)
(4015, 1827, 1)
(4016, 1827, 1)
(4017, 1827, 1)
(4018, 1827, 1)
(4019, 1827, 1)
(4020, 1827, 1)
(4021, 1827, 1)
(4022, 1827, 1)
(4023, 1827, 1)
(4024, 1827, 1)
(4025, 1827, 1)
(4026, 1827, 1)
(4027, 1827, 1)
(4028, 1827, 1)
(4029, 1827, 1)
(4030, 1827, 1)
(4031, 1827, 1)
(4032, 1827, 1)
(4033, 1827, 1)
(4034, 1827, 1)
(4035, 1827, 1)
(4036, 1827, 1)
(4037, 1827, 1)
(4038, 1827, 1)
