file_path: C:\akcijanje\nauka\moji radovi\aktivno\wtdp\instances\Snap\raw-weighted\musae_PTBR_edges.wtdp
num_iters: 3900
time_seconds: 18000
kmin: 20
kmax_func: ndiv5
kmax_max: 40
perform_ls2: False
solution_value: 0.08572460931619041
cost: 2847
num_incorrect_nodes: 0
time_elapsed: 1260.1952411999998
solution_nodes:
1784
803
90
204
621
11
457
351
622
108
106
213
876
832
5
1173
669
97
1812
124
1708
665
619
792
1119
897
120
1267
376
109
1755
1341
736
361
1331
1735
816
122
96
692
1909
542
1146
89
551
198
1126
1424
129
1
195
81
1756
117
123
877
514
337
207
2
50
793
1170
1475
1847
641
1116
157
1085
258
82
462
419
1742
261
1678
287
132
101
403
246
1763
1144
250
126
52
1709
1130
799
1111
1904
1133
717
1846
543
1613
39
1740
714
131
1697
873
321
114
100
1856
615
852
1811
86
427
1276
423
1396
1200
103
178
115
292
461
1125
931
935
531
329
1101
317
295
577
1008
170
116
28
1519
227
137
481
324
448
1534
1093
1529
1617
1070
1372
1379
464
184
1520
672
1275
1862
176
172
399
343
105
75
254
1527
884
496
1833
1866
899
112
1728
477
1555
solution_internal_edges:
(1, 204, 1)
(1, 106, 1)
(1, 213, 1)
(1, 1146, 1)
(1, 195, 1)
(1, 337, 1)
(1, 462, 1)
(1, 1144, 1)
(1, 292, 1)
(1, 672, 1)
(1, 75, 1)
(2, 90, 1)
(2, 11, 1)
(2, 457, 1)
(2, 106, 1)
(2, 832, 1)
(2, 97, 1)
(2, 619, 1)
(2, 120, 1)
(2, 376, 1)
(2, 109, 1)
(2, 1341, 1)
(2, 96, 1)
(2, 89, 1)
(2, 551, 1)
(2, 198, 1)
(2, 129, 1)
(2, 81, 1)
(2, 117, 1)
(2, 123, 1)
(2, 514, 1)
(2, 50, 1)
(2, 1085, 1)
(2, 462, 1)
(2, 1678, 1)
(2, 287, 1)
(2, 132, 1)
(2, 101, 1)
(2, 246, 1)
(2, 126, 1)
(2, 1111, 1)
(2, 543, 1)
(2, 714, 1)
(2, 131, 1)
(2, 114, 1)
(2, 86, 1)
(2, 103, 1)
(2, 329, 1)
(2, 170, 1)
(2, 116, 1)
(2, 28, 1)
(2, 227, 1)
(2, 1617, 1)
(2, 1070, 1)
(2, 176, 1)
(2, 172, 1)
(2, 399, 1)
(2, 105, 1)
(2, 75, 1)
(2, 477, 1)
(5, 204, 1)
(5, 621, 1)
(5, 1173, 1)
(5, 120, 1)
(5, 198, 1)
(5, 81, 1)
(5, 246, 1)
(5, 52, 1)
(5, 329, 1)
(5, 170, 1)
(5, 28, 1)
(5, 481, 1)
(5, 477, 1)
(11, 90, 1)
(11, 106, 1)
(11, 124, 1)
(11, 120, 1)
(11, 1331, 1)
(11, 89, 1)
(11, 551, 1)
(11, 129, 1)
(11, 195, 1)
(11, 81, 1)
(11, 123, 1)
(11, 877, 1)
(11, 207, 1)
(11, 2, 1)
(11, 50, 1)
(11, 101, 1)
(11, 126, 1)
(11, 717, 1)
(11, 131, 1)
(11, 873, 1)
(11, 86, 1)
(11, 178, 1)
(11, 115, 1)
(11, 577, 1)
(11, 1008, 1)
(11, 227, 1)
(11, 324, 1)
(11, 1379, 1)
(11, 672, 1)
(11, 176, 1)
(11, 172, 1)
(11, 105, 1)
(11, 75, 1)
(11, 477, 1)
(28, 106, 1)
(28, 5, 1)
(28, 109, 1)
(28, 361, 1)
(28, 96, 1)
(28, 89, 1)
(28, 551, 1)
(28, 117, 1)
(28, 2, 1)
(28, 50, 1)
(28, 132, 1)
(28, 101, 1)
(28, 126, 1)
(28, 52, 1)
(28, 100, 1)
(28, 86, 1)
(28, 103, 1)
(28, 292, 1)
(28, 170, 1)
(28, 105, 1)
(28, 112, 1)
(39, 90, 1)
(39, 462, 1)
(39, 114, 1)
(39, 116, 1)
(39, 227, 1)
(39, 75, 1)
(50, 90, 1)
(50, 11, 1)
(50, 457, 1)
(50, 106, 1)
(50, 213, 1)
(50, 124, 1)
(50, 1119, 1)
(50, 897, 1)
(50, 376, 1)
(50, 109, 1)
(50, 1341, 1)
(50, 736, 1)
(50, 361, 1)
(50, 1331, 1)
(50, 122, 1)
(50, 89, 1)
(50, 198, 1)
(50, 1424, 1)
(50, 81, 1)
(50, 117, 1)
(50, 123, 1)
(50, 877, 1)
(50, 514, 1)
(50, 2, 1)
(50, 793, 1)
(50, 1475, 1)
(50, 462, 1)
(50, 101, 1)
(50, 403, 1)
(50, 246, 1)
(50, 126, 1)
(50, 799, 1)
(50, 717, 1)
(50, 543, 1)
(50, 714, 1)
(50, 131, 1)
(50, 873, 1)
(50, 100, 1)
(50, 1396, 1)
(50, 1200, 1)
(50, 103, 1)
(50, 329, 1)
(50, 295, 1)
(50, 1008, 1)
(50, 170, 1)
(50, 116, 1)
(50, 28, 1)
(50, 227, 1)
(50, 1372, 1)
(50, 1379, 1)
(50, 672, 1)
(50, 176, 1)
(50, 172, 1)
(50, 105, 1)
(50, 496, 1)
(50, 899, 1)
(50, 112, 1)
(50, 477, 1)
(52, 621, 1)
(52, 106, 1)
(52, 5, 1)
(52, 1119, 1)
(52, 120, 1)
(52, 692, 1)
(52, 81, 1)
(52, 1475, 1)
(52, 82, 1)
(52, 132, 1)
(52, 329, 1)
(52, 116, 1)
(52, 28, 1)
(52, 227, 1)
(75, 803, 1)
(75, 90, 1)
(75, 11, 1)
(75, 351, 1)
(75, 213, 1)
(75, 97, 1)
(75, 897, 1)
(75, 376, 1)
(75, 109, 1)
(75, 361, 1)
(75, 89, 1)
(75, 551, 1)
(75, 1, 1)
(75, 81, 1)
(75, 123, 1)
(75, 337, 1)
(75, 2, 1)
(75, 157, 1)
(75, 246, 1)
(75, 126, 1)
(75, 39, 1)
(75, 114, 1)
(75, 423, 1)
(75, 227, 1)
(75, 481, 1)
(75, 672, 1)
(75, 176, 1)
(75, 172, 1)
(75, 399, 1)
(81, 90, 1)
(81, 204, 1)
(81, 621, 1)
(81, 11, 1)
(81, 457, 1)
(81, 106, 1)
(81, 5, 1)
(81, 124, 1)
(81, 897, 1)
(81, 120, 1)
(81, 376, 1)
(81, 109, 1)
(81, 1755, 1)
(81, 361, 1)
(81, 96, 1)
(81, 89, 1)
(81, 129, 1)
(81, 117, 1)
(81, 337, 1)
(81, 2, 1)
(81, 50, 1)
(81, 1116, 1)
(81, 157, 1)
(81, 132, 1)
(81, 101, 1)
(81, 403, 1)
(81, 246, 1)
(81, 126, 1)
(81, 52, 1)
(81, 799, 1)
(81, 1740, 1)
(81, 714, 1)
(81, 100, 1)
(81, 86, 1)
(81, 292, 1)
(81, 531, 1)
(81, 170, 1)
(81, 116, 1)
(81, 227, 1)
(81, 184, 1)
(81, 672, 1)
(81, 105, 1)
(81, 75, 1)
(81, 477, 1)
(82, 90, 1)
(82, 204, 1)
(82, 120, 1)
(82, 52, 1)
(82, 86, 1)
(82, 448, 1)
(86, 90, 1)
(86, 621, 1)
(86, 11, 1)
(86, 108, 1)
(86, 106, 1)
(86, 1173, 1)
(86, 361, 1)
(86, 122, 1)
(86, 96, 1)
(86, 542, 1)
(86, 89, 1)
(86, 129, 1)
(86, 195, 1)
(86, 81, 1)
(86, 117, 1)
(86, 123, 1)
(86, 207, 1)
(86, 2, 1)
(86, 82, 1)
(86, 132, 1)
(86, 101, 1)
(86, 126, 1)
(86, 103, 1)
(86, 1008, 1)
(86, 116, 1)
(86, 28, 1)
(86, 227, 1)
(86, 324, 1)
(86, 184, 1)
(86, 672, 1)
(86, 176, 1)
(86, 172, 1)
(86, 105, 1)
(86, 254, 1)
(86, 112, 1)
(86, 477, 1)
(89, 90, 1)
(89, 11, 1)
(89, 457, 1)
(89, 106, 1)
(89, 876, 1)
(89, 376, 1)
(89, 1341, 1)
(89, 736, 1)
(89, 361, 1)
(89, 122, 1)
(89, 551, 1)
(89, 198, 1)
(89, 129, 1)
(89, 81, 1)
(89, 117, 1)
(89, 123, 1)
(89, 877, 1)
(89, 337, 1)
(89, 2, 1)
(89, 50, 1)
(89, 258, 1)
(89, 261, 1)
(89, 132, 1)
(89, 403, 1)
(89, 246, 1)
(89, 126, 1)
(89, 717, 1)
(89, 543, 1)
(89, 714, 1)
(89, 86, 1)
(89, 423, 1)
(89, 103, 1)
(89, 292, 1)
(89, 170, 1)
(89, 116, 1)
(89, 28, 1)
(89, 1617, 1)
(89, 172, 1)
(89, 399, 1)
(89, 105, 1)
(89, 75, 1)
(89, 899, 1)
(89, 477, 1)
(90, 11, 1)
(90, 622, 1)
(90, 108, 1)
(90, 106, 1)
(90, 876, 1)
(90, 124, 1)
(90, 897, 1)
(90, 120, 1)
(90, 109, 1)
(90, 361, 1)
(90, 542, 1)
(90, 89, 1)
(90, 551, 1)
(90, 198, 1)
(90, 129, 1)
(90, 81, 1)
(90, 123, 1)
(90, 877, 1)
(90, 514, 1)
(90, 207, 1)
(90, 2, 1)
(90, 50, 1)
(90, 157, 1)
(90, 82, 1)
(90, 246, 1)
(90, 126, 1)
(90, 543, 1)
(90, 39, 1)
(90, 873, 1)
(90, 86, 1)
(90, 423, 1)
(90, 103, 1)
(90, 329, 1)
(90, 295, 1)
(90, 577, 1)
(90, 1008, 1)
(90, 116, 1)
(90, 227, 1)
(90, 481, 1)
(90, 324, 1)
(90, 1070, 1)
(90, 176, 1)
(90, 172, 1)
(90, 105, 1)
(90, 75, 1)
(90, 496, 1)
(90, 477, 1)
(96, 106, 1)
(96, 376, 1)
(96, 1341, 1)
(96, 81, 1)
(96, 2, 1)
(96, 126, 1)
(96, 86, 1)
(96, 116, 1)
(96, 28, 1)
(96, 227, 1)
(96, 105, 1)
(97, 457, 1)
(97, 213, 1)
(97, 832, 1)
(97, 619, 1)
(97, 120, 1)
(97, 376, 1)
(97, 109, 1)
(97, 129, 1)
(97, 2, 1)
(97, 132, 1)
(97, 403, 1)
(97, 114, 1)
(97, 423, 1)
(97, 115, 1)
(97, 1008, 1)
(97, 116, 1)
(97, 227, 1)
(97, 1070, 1)
(97, 75, 1)
(100, 803, 1)
(100, 106, 1)
(100, 124, 1)
(100, 897, 1)
(100, 120, 1)
(100, 376, 1)
(100, 1755, 1)
(100, 81, 1)
(100, 50, 1)
(100, 1116, 1)
(100, 403, 1)
(100, 126, 1)
(100, 799, 1)
(100, 543, 1)
(100, 531, 1)
(100, 116, 1)
(100, 28, 1)
(100, 227, 1)
(100, 176, 1)
(100, 496, 1)
(100, 477, 1)
(100, 1555, 1)
(101, 621, 1)
(101, 11, 1)
(101, 106, 1)
(101, 736, 1)
(101, 129, 1)
(101, 81, 1)
(101, 117, 1)
(101, 877, 1)
(101, 2, 1)
(101, 50, 1)
(101, 126, 1)
(101, 714, 1)
(101, 873, 1)
(101, 86, 1)
(101, 103, 1)
(101, 115, 1)
(101, 329, 1)
(101, 1008, 1)
(101, 116, 1)
(101, 28, 1)
(101, 1093, 1)
(101, 1379, 1)
(101, 105, 1)
(101, 477, 1)
(103, 90, 1)
(103, 457, 1)
(103, 106, 1)
(103, 124, 1)
(103, 376, 1)
(103, 736, 1)
(103, 89, 1)
(103, 198, 1)
(103, 117, 1)
(103, 2, 1)
(103, 50, 1)
(103, 132, 1)
(103, 101, 1)
(103, 403, 1)
(103, 246, 1)
(103, 126, 1)
(103, 714, 1)
(103, 86, 1)
(103, 1008, 1)
(103, 170, 1)
(103, 116, 1)
(103, 28, 1)
(103, 227, 1)
(103, 1379, 1)
(103, 176, 1)
(103, 172, 1)
(103, 399, 1)
(103, 105, 1)
(103, 477, 1)
(105, 90, 1)
(105, 11, 1)
(105, 457, 1)
(105, 622, 1)
(105, 106, 1)
(105, 109, 1)
(105, 361, 1)
(105, 96, 1)
(105, 89, 1)
(105, 551, 1)
(105, 198, 1)
(105, 129, 1)
(105, 81, 1)
(105, 2, 1)
(105, 50, 1)
(105, 1475, 1)
(105, 258, 1)
(105, 132, 1)
(105, 101, 1)
(105, 246, 1)
(105, 126, 1)
(105, 86, 1)
(105, 103, 1)
(105, 115, 1)
(105, 1008, 1)
(105, 170, 1)
(105, 116, 1)
(105, 28, 1)
(105, 227, 1)
(105, 1372, 1)
(105, 172, 1)
(105, 343, 1)
(105, 477, 1)
(106, 90, 1)
(106, 204, 1)
(106, 621, 1)
(106, 11, 1)
(106, 457, 1)
(106, 1119, 1)
(106, 120, 1)
(106, 376, 1)
(106, 1341, 1)
(106, 361, 1)
(106, 1331, 1)
(106, 122, 1)
(106, 96, 1)
(106, 1146, 1)
(106, 89, 1)
(106, 551, 1)
(106, 198, 1)
(106, 129, 1)
(106, 1, 1)
(106, 81, 1)
(106, 117, 1)
(106, 123, 1)
(106, 2, 1)
(106, 50, 1)
(106, 258, 1)
(106, 132, 1)
(106, 101, 1)
(106, 403, 1)
(106, 126, 1)
(106, 52, 1)
(106, 714, 1)
(106, 131, 1)
(106, 100, 1)
(106, 86, 1)
(106, 103, 1)
(106, 115, 1)
(106, 329, 1)
(106, 1101, 1)
(106, 1008, 1)
(106, 170, 1)
(106, 116, 1)
(106, 28, 1)
(106, 227, 1)
(106, 324, 1)
(106, 1617, 1)
(106, 1372, 1)
(106, 1379, 1)
(106, 176, 1)
(106, 172, 1)
(106, 399, 1)
(106, 105, 1)
(106, 496, 1)
(106, 477, 1)
(108, 90, 1)
(108, 204, 1)
(108, 213, 1)
(108, 542, 1)
(108, 551, 1)
(108, 123, 1)
(108, 1085, 1)
(108, 1130, 1)
(108, 321, 1)
(108, 86, 1)
(108, 292, 1)
(108, 931, 1)
(108, 481, 1)
(108, 324, 1)
(108, 464, 1)
(108, 343, 1)
(109, 90, 1)
(109, 457, 1)
(109, 213, 1)
(109, 97, 1)
(109, 124, 1)
(109, 1708, 1)
(109, 1755, 1)
(109, 692, 1)
(109, 129, 1)
(109, 81, 1)
(109, 1756, 1)
(109, 2, 1)
(109, 50, 1)
(109, 132, 1)
(109, 246, 1)
(109, 714, 1)
(109, 131, 1)
(109, 1697, 1)
(109, 873, 1)
(109, 1200, 1)
(109, 329, 1)
(109, 1101, 1)
(109, 1008, 1)
(109, 28, 1)
(109, 1070, 1)
(109, 105, 1)
(109, 75, 1)
(109, 496, 1)
(112, 361, 1)
(112, 122, 1)
(112, 877, 1)
(112, 50, 1)
(112, 126, 1)
(112, 86, 1)
(112, 28, 1)
(112, 137, 1)
(112, 1534, 1)
(112, 184, 1)
(114, 803, 1)
(114, 213, 1)
(114, 97, 1)
(114, 551, 1)
(114, 129, 1)
(114, 123, 1)
(114, 337, 1)
(114, 2, 1)
(114, 261, 1)
(114, 543, 1)
(114, 39, 1)
(114, 131, 1)
(114, 427, 1)
(114, 423, 1)
(114, 399, 1)
(114, 75, 1)
(114, 254, 1)
(115, 11, 1)
(115, 106, 1)
(115, 213, 1)
(115, 97, 1)
(115, 129, 1)
(115, 132, 1)
(115, 101, 1)
(115, 126, 1)
(115, 227, 1)
(115, 105, 1)
(116, 90, 1)
(116, 457, 1)
(116, 106, 1)
(116, 97, 1)
(116, 619, 1)
(116, 1341, 1)
(116, 96, 1)
(116, 89, 1)
(116, 129, 1)
(116, 81, 1)
(116, 117, 1)
(116, 123, 1)
(116, 2, 1)
(116, 50, 1)
(116, 132, 1)
(116, 101, 1)
(116, 403, 1)
(116, 246, 1)
(116, 126, 1)
(116, 52, 1)
(116, 39, 1)
(116, 100, 1)
(116, 86, 1)
(116, 1200, 1)
(116, 103, 1)
(116, 170, 1)
(116, 1372, 1)
(116, 172, 1)
(116, 105, 1)
(116, 254, 1)
(116, 899, 1)
(116, 477, 1)
(117, 621, 1)
(117, 457, 1)
(117, 106, 1)
(117, 361, 1)
(117, 122, 1)
(117, 89, 1)
(117, 198, 1)
(117, 129, 1)
(117, 81, 1)
(117, 123, 1)
(117, 877, 1)
(117, 337, 1)
(117, 2, 1)
(117, 50, 1)
(117, 132, 1)
(117, 101, 1)
(117, 403, 1)
(117, 246, 1)
(117, 126, 1)
(117, 717, 1)
(117, 714, 1)
(117, 873, 1)
(117, 86, 1)
(117, 103, 1)
(117, 170, 1)
(117, 116, 1)
(117, 28, 1)
(117, 227, 1)
(117, 672, 1)
(117, 399, 1)
(117, 254, 1)
(117, 477, 1)
(120, 803, 1)
(120, 90, 1)
(120, 204, 1)
(120, 11, 1)
(120, 106, 1)
(120, 5, 1)
(120, 97, 1)
(120, 376, 1)
(120, 1755, 1)
(120, 81, 1)
(120, 123, 1)
(120, 514, 1)
(120, 2, 1)
(120, 82, 1)
(120, 462, 1)
(120, 246, 1)
(120, 126, 1)
(120, 52, 1)
(120, 1111, 1)
(120, 873, 1)
(120, 100, 1)
(120, 1856, 1)
(120, 427, 1)
(120, 292, 1)
(120, 329, 1)
(120, 577, 1)
(120, 170, 1)
(120, 172, 1)
(120, 496, 1)
(122, 106, 1)
(122, 361, 1)
(122, 89, 1)
(122, 117, 1)
(122, 50, 1)
(122, 132, 1)
(122, 246, 1)
(122, 126, 1)
(122, 86, 1)
(122, 481, 1)
(122, 1070, 1)
(122, 112, 1)
(123, 90, 1)
(123, 11, 1)
(123, 108, 1)
(123, 106, 1)
(123, 213, 1)
(123, 876, 1)
(123, 120, 1)
(123, 542, 1)
(123, 89, 1)
(123, 551, 1)
(123, 117, 1)
(123, 2, 1)
(123, 50, 1)
(123, 246, 1)
(123, 126, 1)
(123, 131, 1)
(123, 873, 1)
(123, 114, 1)
(123, 86, 1)
(123, 423, 1)
(123, 577, 1)
(123, 170, 1)
(123, 116, 1)
(123, 481, 1)
(123, 324, 1)
(123, 184, 1)
(123, 176, 1)
(123, 172, 1)
(123, 343, 1)
(123, 75, 1)
(123, 496, 1)
(124, 90, 1)
(124, 11, 1)
(124, 457, 1)
(124, 376, 1)
(124, 109, 1)
(124, 551, 1)
(124, 129, 1)
(124, 81, 1)
(124, 50, 1)
(124, 462, 1)
(124, 132, 1)
(124, 126, 1)
(124, 1709, 1)
(124, 100, 1)
(124, 1856, 1)
(124, 103, 1)
(124, 1008, 1)
(124, 227, 1)
(124, 477, 1)
(126, 90, 1)
(126, 11, 1)
(126, 106, 1)
(126, 213, 1)
(126, 124, 1)
(126, 120, 1)
(126, 376, 1)
(126, 1341, 1)
(126, 122, 1)
(126, 96, 1)
(126, 89, 1)
(126, 551, 1)
(126, 129, 1)
(126, 81, 1)
(126, 117, 1)
(126, 123, 1)
(126, 877, 1)
(126, 514, 1)
(126, 2, 1)
(126, 50, 1)
(126, 132, 1)
(126, 101, 1)
(126, 403, 1)
(126, 246, 1)
(126, 1763, 1)
(126, 873, 1)
(126, 100, 1)
(126, 852, 1)
(126, 86, 1)
(126, 103, 1)
(126, 115, 1)
(126, 1008, 1)
(126, 170, 1)
(126, 116, 1)
(126, 28, 1)
(126, 227, 1)
(126, 481, 1)
(126, 1372, 1)
(126, 184, 1)
(126, 672, 1)
(126, 176, 1)
(126, 172, 1)
(126, 343, 1)
(126, 105, 1)
(126, 75, 1)
(126, 112, 1)
(129, 90, 1)
(129, 11, 1)
(129, 457, 1)
(129, 106, 1)
(129, 876, 1)
(129, 97, 1)
(129, 124, 1)
(129, 376, 1)
(129, 109, 1)
(129, 736, 1)
(129, 361, 1)
(129, 89, 1)
(129, 551, 1)
(129, 198, 1)
(129, 81, 1)
(129, 117, 1)
(129, 2, 1)
(129, 462, 1)
(129, 132, 1)
(129, 101, 1)
(129, 403, 1)
(129, 246, 1)
(129, 126, 1)
(129, 799, 1)
(129, 717, 1)
(129, 543, 1)
(129, 114, 1)
(129, 86, 1)
(129, 423, 1)
(129, 115, 1)
(129, 577, 1)
(129, 1008, 1)
(129, 170, 1)
(129, 116, 1)
(129, 227, 1)
(129, 1372, 1)
(129, 176, 1)
(129, 399, 1)
(129, 105, 1)
(129, 254, 1)
(129, 477, 1)
(131, 11, 1)
(131, 457, 1)
(131, 106, 1)
(131, 213, 1)
(131, 832, 1)
(131, 109, 1)
(131, 542, 1)
(131, 123, 1)
(131, 514, 1)
(131, 2, 1)
(131, 50, 1)
(131, 462, 1)
(131, 132, 1)
(131, 114, 1)
(131, 852, 1)
(131, 427, 1)
(131, 481, 1)
(131, 464, 1)
(131, 176, 1)
(132, 621, 1)
(132, 457, 1)
(132, 622, 1)
(132, 106, 1)
(132, 213, 1)
(132, 97, 1)
(132, 124, 1)
(132, 897, 1)
(132, 376, 1)
(132, 109, 1)
(132, 1331, 1)
(132, 122, 1)
(132, 89, 1)
(132, 198, 1)
(132, 129, 1)
(132, 81, 1)
(132, 117, 1)
(132, 337, 1)
(132, 207, 1)
(132, 2, 1)
(132, 1475, 1)
(132, 157, 1)
(132, 403, 1)
(132, 246, 1)
(132, 126, 1)
(132, 52, 1)
(132, 799, 1)
(132, 543, 1)
(132, 714, 1)
(132, 131, 1)
(132, 86, 1)
(132, 103, 1)
(132, 115, 1)
(132, 1008, 1)
(132, 116, 1)
(132, 28, 1)
(132, 227, 1)
(132, 324, 1)
(132, 1617, 1)
(132, 184, 1)
(132, 176, 1)
(132, 399, 1)
(132, 105, 1)
(132, 477, 1)
(137, 112, 1)
(157, 90, 1)
(157, 81, 1)
(157, 132, 1)
(157, 75, 1)
(170, 457, 1)
(170, 106, 1)
(170, 5, 1)
(170, 897, 1)
(170, 120, 1)
(170, 376, 1)
(170, 1341, 1)
(170, 1331, 1)
(170, 89, 1)
(170, 551, 1)
(170, 129, 1)
(170, 81, 1)
(170, 117, 1)
(170, 123, 1)
(170, 2, 1)
(170, 50, 1)
(170, 258, 1)
(170, 403, 1)
(170, 126, 1)
(170, 714, 1)
(170, 103, 1)
(170, 531, 1)
(170, 329, 1)
(170, 1008, 1)
(170, 116, 1)
(170, 28, 1)
(170, 105, 1)
(170, 477, 1)
(172, 90, 1)
(172, 621, 1)
(172, 11, 1)
(172, 106, 1)
(172, 120, 1)
(172, 89, 1)
(172, 123, 1)
(172, 514, 1)
(172, 337, 1)
(172, 207, 1)
(172, 2, 1)
(172, 50, 1)
(172, 246, 1)
(172, 126, 1)
(172, 86, 1)
(172, 103, 1)
(172, 329, 1)
(172, 1008, 1)
(172, 116, 1)
(172, 227, 1)
(172, 481, 1)
(172, 324, 1)
(172, 176, 1)
(172, 105, 1)
(172, 75, 1)
(176, 90, 1)
(176, 621, 1)
(176, 11, 1)
(176, 106, 1)
(176, 832, 1)
(176, 897, 1)
(176, 1755, 1)
(176, 129, 1)
(176, 123, 1)
(176, 2, 1)
(176, 50, 1)
(176, 132, 1)
(176, 246, 1)
(176, 126, 1)
(176, 131, 1)
(176, 873, 1)
(176, 100, 1)
(176, 86, 1)
(176, 103, 1)
(176, 1008, 1)
(176, 227, 1)
(176, 672, 1)
(176, 172, 1)
(176, 75, 1)
(176, 254, 1)
(176, 477, 1)
(178, 11, 1)
(178, 665, 1)
(178, 195, 1)
(178, 672, 1)
(184, 621, 1)
(184, 361, 1)
(184, 81, 1)
(184, 123, 1)
(184, 1678, 1)
(184, 132, 1)
(184, 126, 1)
(184, 86, 1)
(184, 112, 1)
(195, 11, 1)
(195, 669, 1)
(195, 665, 1)
(195, 736, 1)
(195, 542, 1)
(195, 1, 1)
(195, 86, 1)
(195, 178, 1)
(195, 324, 1)
(195, 672, 1)
(195, 343, 1)
(195, 496, 1)
(195, 1728, 1)
(198, 90, 1)
(198, 106, 1)
(198, 5, 1)
(198, 89, 1)
(198, 129, 1)
(198, 117, 1)
(198, 2, 1)
(198, 50, 1)
(198, 132, 1)
(198, 103, 1)
(198, 105, 1)
(204, 108, 1)
(204, 106, 1)
(204, 5, 1)
(204, 120, 1)
(204, 1755, 1)
(204, 1, 1)
(204, 81, 1)
(204, 82, 1)
(204, 1144, 1)
(204, 1200, 1)
(204, 292, 1)
(204, 317, 1)
(204, 1008, 1)
(207, 90, 1)
(207, 11, 1)
(207, 213, 1)
(207, 132, 1)
(207, 86, 1)
(207, 172, 1)
(213, 108, 1)
(213, 97, 1)
(213, 109, 1)
(213, 816, 1)
(213, 1, 1)
(213, 123, 1)
(213, 337, 1)
(213, 207, 1)
(213, 50, 1)
(213, 132, 1)
(213, 126, 1)
(213, 131, 1)
(213, 873, 1)
(213, 114, 1)
(213, 615, 1)
(213, 852, 1)
(213, 1200, 1)
(213, 115, 1)
(213, 577, 1)
(213, 672, 1)
(213, 75, 1)
(213, 254, 1)
(227, 90, 1)
(227, 621, 1)
(227, 11, 1)
(227, 457, 1)
(227, 106, 1)
(227, 97, 1)
(227, 124, 1)
(227, 1119, 1)
(227, 361, 1)
(227, 96, 1)
(227, 129, 1)
(227, 81, 1)
(227, 117, 1)
(227, 2, 1)
(227, 50, 1)
(227, 132, 1)
(227, 246, 1)
(227, 126, 1)
(227, 52, 1)
(227, 39, 1)
(227, 100, 1)
(227, 86, 1)
(227, 1200, 1)
(227, 103, 1)
(227, 115, 1)
(227, 329, 1)
(227, 317, 1)
(227, 672, 1)
(227, 176, 1)
(227, 172, 1)
(227, 105, 1)
(227, 75, 1)
(227, 477, 1)
(246, 90, 1)
(246, 876, 1)
(246, 5, 1)
(246, 120, 1)
(246, 109, 1)
(246, 122, 1)
(246, 89, 1)
(246, 129, 1)
(246, 81, 1)
(246, 117, 1)
(246, 123, 1)
(246, 2, 1)
(246, 50, 1)
(246, 132, 1)
(246, 126, 1)
(246, 103, 1)
(246, 116, 1)
(246, 227, 1)
(246, 672, 1)
(246, 176, 1)
(246, 172, 1)
(246, 105, 1)
(246, 75, 1)
(250, 615, 1)
(254, 213, 1)
(254, 692, 1)
(254, 129, 1)
(254, 117, 1)
(254, 877, 1)
(254, 714, 1)
(254, 114, 1)
(254, 86, 1)
(254, 423, 1)
(254, 116, 1)
(254, 481, 1)
(254, 324, 1)
(254, 1534, 1)
(254, 1529, 1)
(254, 176, 1)
(254, 399, 1)
(258, 106, 1)
(258, 89, 1)
(258, 170, 1)
(258, 105, 1)
(261, 89, 1)
(261, 114, 1)
(261, 672, 1)
(261, 1866, 1)
(287, 1341, 1)
(287, 2, 1)
(292, 204, 1)
(292, 108, 1)
(292, 120, 1)
(292, 376, 1)
(292, 361, 1)
(292, 89, 1)
(292, 1, 1)
(292, 81, 1)
(292, 28, 1)
(292, 399, 1)
(295, 90, 1)
(295, 792, 1)
(295, 50, 1)
(295, 321, 1)
(295, 1200, 1)
(295, 1008, 1)
(295, 672, 1)
(317, 204, 1)
(317, 1126, 1)
(317, 227, 1)
(321, 108, 1)
(321, 295, 1)
(324, 90, 1)
(324, 11, 1)
(324, 108, 1)
(324, 106, 1)
(324, 195, 1)
(324, 123, 1)
(324, 641, 1)
(324, 132, 1)
(324, 86, 1)
(324, 461, 1)
(324, 577, 1)
(324, 172, 1)
(324, 254, 1)
(329, 803, 1)
(329, 90, 1)
(329, 106, 1)
(329, 5, 1)
(329, 120, 1)
(329, 109, 1)
(329, 1755, 1)
(329, 2, 1)
(329, 50, 1)
(329, 101, 1)
(329, 52, 1)
(329, 170, 1)
(329, 227, 1)
(329, 172, 1)
(329, 477, 1)
(337, 803, 1)
(337, 213, 1)
(337, 669, 1)
(337, 89, 1)
(337, 1, 1)
(337, 81, 1)
(337, 117, 1)
(337, 132, 1)
(337, 114, 1)
(337, 172, 1)
(337, 75, 1)
(343, 108, 1)
(343, 195, 1)
(343, 123, 1)
(343, 1085, 1)
(343, 126, 1)
(343, 1130, 1)
(343, 931, 1)
(343, 464, 1)
(343, 105, 1)
(351, 619, 1)
(351, 75, 1)
(361, 90, 1)
(361, 457, 1)
(361, 106, 1)
(361, 122, 1)
(361, 89, 1)
(361, 129, 1)
(361, 81, 1)
(361, 117, 1)
(361, 50, 1)
(361, 799, 1)
(361, 86, 1)
(361, 292, 1)
(361, 531, 1)
(361, 28, 1)
(361, 227, 1)
(361, 184, 1)
(361, 105, 1)
(361, 75, 1)
(361, 112, 1)
(376, 106, 1)
(376, 97, 1)
(376, 124, 1)
(376, 120, 1)
(376, 96, 1)
(376, 89, 1)
(376, 129, 1)
(376, 81, 1)
(376, 877, 1)
(376, 2, 1)
(376, 50, 1)
(376, 132, 1)
(376, 126, 1)
(376, 100, 1)
(376, 103, 1)
(376, 292, 1)
(376, 170, 1)
(376, 75, 1)
(399, 106, 1)
(399, 89, 1)
(399, 129, 1)
(399, 117, 1)
(399, 2, 1)
(399, 132, 1)
(399, 114, 1)
(399, 103, 1)
(399, 292, 1)
(399, 75, 1)
(399, 254, 1)
(403, 457, 1)
(403, 106, 1)
(403, 97, 1)
(403, 89, 1)
(403, 129, 1)
(403, 81, 1)
(403, 117, 1)
(403, 50, 1)
(403, 132, 1)
(403, 126, 1)
(403, 100, 1)
(403, 103, 1)
(403, 170, 1)
(403, 116, 1)
(403, 1529, 1)
(419, 1111, 1)
(423, 90, 1)
(423, 97, 1)
(423, 89, 1)
(423, 129, 1)
(423, 123, 1)
(423, 114, 1)
(423, 427, 1)
(423, 75, 1)
(423, 254, 1)
(427, 120, 1)
(427, 131, 1)
(427, 114, 1)
(427, 423, 1)
(427, 481, 1)
(427, 1070, 1)
(448, 622, 1)
(448, 82, 1)
(457, 106, 1)
(457, 97, 1)
(457, 124, 1)
(457, 109, 1)
(457, 361, 1)
(457, 89, 1)
(457, 129, 1)
(457, 81, 1)
(457, 117, 1)
(457, 2, 1)
(457, 50, 1)
(457, 132, 1)
(457, 403, 1)
(457, 131, 1)
(457, 103, 1)
(457, 170, 1)
(457, 116, 1)
(457, 227, 1)
(457, 105, 1)
(457, 477, 1)
(461, 551, 1)
(461, 324, 1)
(462, 124, 1)
(462, 120, 1)
(462, 129, 1)
(462, 1, 1)
(462, 2, 1)
(462, 50, 1)
(462, 799, 1)
(462, 717, 1)
(462, 39, 1)
(462, 131, 1)
(462, 1527, 1)
(462, 1555, 1)
(464, 108, 1)
(464, 792, 1)
(464, 1085, 1)
(464, 131, 1)
(464, 343, 1)
(477, 90, 1)
(477, 621, 1)
(477, 11, 1)
(477, 457, 1)
(477, 106, 1)
(477, 5, 1)
(477, 124, 1)
(477, 89, 1)
(477, 129, 1)
(477, 81, 1)
(477, 117, 1)
(477, 2, 1)
(477, 50, 1)
(477, 132, 1)
(477, 101, 1)
(477, 100, 1)
(477, 86, 1)
(477, 103, 1)
(477, 329, 1)
(477, 170, 1)
(477, 116, 1)
(477, 227, 1)
(477, 176, 1)
(477, 105, 1)
(481, 90, 1)
(481, 621, 1)
(481, 108, 1)
(481, 5, 1)
(481, 122, 1)
(481, 123, 1)
(481, 126, 1)
(481, 131, 1)
(481, 427, 1)
(481, 1070, 1)
(481, 172, 1)
(481, 75, 1)
(481, 254, 1)
(496, 803, 1)
(496, 90, 1)
(496, 106, 1)
(496, 120, 1)
(496, 109, 1)
(496, 195, 1)
(496, 123, 1)
(496, 50, 1)
(496, 100, 1)
(496, 577, 1)
(496, 672, 1)
(514, 90, 1)
(514, 120, 1)
(514, 2, 1)
(514, 50, 1)
(514, 126, 1)
(514, 131, 1)
(514, 873, 1)
(514, 172, 1)
(531, 361, 1)
(531, 81, 1)
(531, 100, 1)
(531, 170, 1)
(542, 90, 1)
(542, 108, 1)
(542, 551, 1)
(542, 195, 1)
(542, 123, 1)
(542, 131, 1)
(542, 86, 1)
(543, 90, 1)
(543, 89, 1)
(543, 129, 1)
(543, 2, 1)
(543, 50, 1)
(543, 132, 1)
(543, 114, 1)
(543, 100, 1)
(551, 90, 1)
(551, 11, 1)
(551, 108, 1)
(551, 106, 1)
(551, 876, 1)
(551, 124, 1)
(551, 542, 1)
(551, 89, 1)
(551, 129, 1)
(551, 123, 1)
(551, 2, 1)
(551, 126, 1)
(551, 114, 1)
(551, 461, 1)
(551, 577, 1)
(551, 1008, 1)
(551, 170, 1)
(551, 28, 1)
(551, 105, 1)
(551, 75, 1)
(551, 899, 1)
(577, 90, 1)
(577, 11, 1)
(577, 213, 1)
(577, 619, 1)
(577, 120, 1)
(577, 551, 1)
(577, 129, 1)
(577, 123, 1)
(577, 1742, 1)
(577, 1200, 1)
(577, 324, 1)
(577, 496, 1)
(615, 213, 1)
(615, 250, 1)
(619, 351, 1)
(619, 876, 1)
(619, 97, 1)
(619, 877, 1)
(619, 2, 1)
(619, 873, 1)
(619, 577, 1)
(619, 116, 1)
(619, 884, 1)
(621, 803, 1)
(621, 106, 1)
(621, 832, 1)
(621, 5, 1)
(621, 81, 1)
(621, 117, 1)
(621, 132, 1)
(621, 101, 1)
(621, 52, 1)
(621, 86, 1)
(621, 1200, 1)
(621, 227, 1)
(621, 481, 1)
(621, 184, 1)
(621, 176, 1)
(621, 172, 1)
(621, 477, 1)
(622, 90, 1)
(622, 132, 1)
(622, 448, 1)
(622, 105, 1)
(641, 324, 1)
(665, 195, 1)
(665, 178, 1)
(669, 736, 1)
(669, 195, 1)
(669, 337, 1)
(669, 1133, 1)
(672, 11, 1)
(672, 213, 1)
(672, 816, 1)
(672, 1, 1)
(672, 195, 1)
(672, 81, 1)
(672, 117, 1)
(672, 50, 1)
(672, 261, 1)
(672, 246, 1)
(672, 126, 1)
(672, 1613, 1)
(672, 86, 1)
(672, 178, 1)
(672, 295, 1)
(672, 1008, 1)
(672, 227, 1)
(672, 176, 1)
(672, 75, 1)
(672, 496, 1)
(692, 109, 1)
(692, 52, 1)
(692, 1617, 1)
(692, 254, 1)
(714, 106, 1)
(714, 109, 1)
(714, 89, 1)
(714, 81, 1)
(714, 117, 1)
(714, 2, 1)
(714, 50, 1)
(714, 132, 1)
(714, 101, 1)
(714, 103, 1)
(714, 170, 1)
(714, 254, 1)
(717, 11, 1)
(717, 832, 1)
(717, 89, 1)
(717, 129, 1)
(717, 117, 1)
(717, 50, 1)
(717, 462, 1)
(736, 669, 1)
(736, 89, 1)
(736, 129, 1)
(736, 195, 1)
(736, 50, 1)
(736, 101, 1)
(736, 103, 1)
(792, 1085, 1)
(792, 295, 1)
(792, 464, 1)
(793, 50, 1)
(799, 361, 1)
(799, 129, 1)
(799, 81, 1)
(799, 50, 1)
(799, 462, 1)
(799, 132, 1)
(799, 100, 1)
(803, 621, 1)
(803, 120, 1)
(803, 816, 1)
(803, 1126, 1)
(803, 337, 1)
(803, 114, 1)
(803, 100, 1)
(803, 329, 1)
(803, 75, 1)
(803, 496, 1)
(803, 1728, 1)
(816, 803, 1)
(816, 213, 1)
(816, 1904, 1)
(816, 672, 1)
(832, 621, 1)
(832, 97, 1)
(832, 2, 1)
(832, 717, 1)
(832, 131, 1)
(832, 1529, 1)
(832, 176, 1)
(852, 213, 1)
(852, 126, 1)
(852, 131, 1)
(852, 1200, 1)
(873, 90, 1)
(873, 11, 1)
(873, 213, 1)
(873, 619, 1)
(873, 120, 1)
(873, 109, 1)
(873, 117, 1)
(873, 123, 1)
(873, 514, 1)
(873, 50, 1)
(873, 101, 1)
(873, 126, 1)
(873, 176, 1)
(876, 90, 1)
(876, 619, 1)
(876, 89, 1)
(876, 551, 1)
(876, 129, 1)
(876, 123, 1)
(876, 246, 1)
(877, 90, 1)
(877, 11, 1)
(877, 619, 1)
(877, 376, 1)
(877, 89, 1)
(877, 117, 1)
(877, 50, 1)
(877, 101, 1)
(877, 126, 1)
(877, 254, 1)
(877, 112, 1)
(884, 619, 1)
(897, 90, 1)
(897, 81, 1)
(897, 50, 1)
(897, 132, 1)
(897, 100, 1)
(897, 170, 1)
(897, 176, 1)
(897, 75, 1)
(899, 89, 1)
(899, 551, 1)
(899, 50, 1)
(899, 116, 1)
(931, 108, 1)
(931, 1130, 1)
(931, 935, 1)
(931, 343, 1)
(935, 1130, 1)
(935, 1133, 1)
(935, 931, 1)
(1008, 90, 1)
(1008, 204, 1)
(1008, 11, 1)
(1008, 106, 1)
(1008, 97, 1)
(1008, 124, 1)
(1008, 109, 1)
(1008, 551, 1)
(1008, 129, 1)
(1008, 50, 1)
(1008, 132, 1)
(1008, 101, 1)
(1008, 126, 1)
(1008, 86, 1)
(1008, 103, 1)
(1008, 295, 1)
(1008, 170, 1)
(1008, 672, 1)
(1008, 176, 1)
(1008, 172, 1)
(1008, 105, 1)
(1070, 90, 1)
(1070, 97, 1)
(1070, 109, 1)
(1070, 1735, 1)
(1070, 122, 1)
(1070, 2, 1)
(1070, 1085, 1)
(1070, 427, 1)
(1070, 481, 1)
(1085, 108, 1)
(1085, 792, 1)
(1085, 2, 1)
(1085, 1070, 1)
(1085, 464, 1)
(1085, 343, 1)
(1093, 101, 1)
(1101, 106, 1)
(1101, 109, 1)
(1111, 120, 1)
(1111, 2, 1)
(1111, 419, 1)
(1116, 81, 1)
(1116, 100, 1)
(1119, 106, 1)
(1119, 50, 1)
(1119, 52, 1)
(1119, 227, 1)
(1125, 1708, 1)
(1126, 803, 1)
(1126, 1267, 1)
(1126, 317, 1)
(1130, 108, 1)
(1130, 931, 1)
(1130, 935, 1)
(1130, 343, 1)
(1133, 669, 1)
(1133, 935, 1)
(1133, 1728, 1)
(1144, 204, 1)
(1144, 1, 1)
(1146, 106, 1)
(1146, 1, 1)
(1170, 1173, 1)
(1173, 5, 1)
(1173, 1170, 1)
(1173, 86, 1)
(1200, 204, 1)
(1200, 621, 1)
(1200, 213, 1)
(1200, 109, 1)
(1200, 50, 1)
(1200, 852, 1)
(1200, 295, 1)
(1200, 577, 1)
(1200, 116, 1)
(1200, 227, 1)
(1267, 1126, 1)
(1275, 1276, 1)
(1276, 1275, 1)
(1331, 11, 1)
(1331, 106, 1)
(1331, 50, 1)
(1331, 132, 1)
(1331, 170, 1)
(1341, 106, 1)
(1341, 96, 1)
(1341, 89, 1)
(1341, 2, 1)
(1341, 50, 1)
(1341, 287, 1)
(1341, 126, 1)
(1341, 170, 1)
(1341, 116, 1)
(1372, 106, 1)
(1372, 129, 1)
(1372, 50, 1)
(1372, 126, 1)
(1372, 116, 1)
(1372, 105, 1)
(1379, 11, 1)
(1379, 106, 1)
(1379, 50, 1)
(1379, 101, 1)
(1379, 103, 1)
(1396, 50, 1)
(1424, 50, 1)
(1475, 50, 1)
(1475, 132, 1)
(1475, 52, 1)
(1475, 105, 1)
(1519, 1520, 1)
(1520, 1519, 1)
(1527, 462, 1)
(1529, 832, 1)
(1529, 403, 1)
(1529, 254, 1)
(1534, 254, 1)
(1534, 112, 1)
(1555, 462, 1)
(1555, 100, 1)
(1613, 672, 1)
(1617, 106, 1)
(1617, 692, 1)
(1617, 89, 1)
(1617, 2, 1)
(1617, 132, 1)
(1678, 2, 1)
(1678, 184, 1)
(1697, 109, 1)
(1708, 109, 1)
(1708, 1125, 1)
(1709, 124, 1)
(1728, 803, 1)
(1728, 195, 1)
(1728, 1133, 1)
(1735, 1070, 1)
(1740, 81, 1)
(1742, 577, 1)
(1755, 204, 1)
(1755, 120, 1)
(1755, 109, 1)
(1755, 81, 1)
(1755, 100, 1)
(1755, 329, 1)
(1755, 176, 1)
(1756, 109, 1)
(1763, 126, 1)
(1784, 1862, 1)
(1811, 1812, 1)
(1812, 1811, 1)
(1833, 1909, 1)
(1846, 1847, 1)
(1847, 1846, 1)
(1856, 124, 1)
(1856, 120, 1)
(1862, 1784, 1)
(1866, 261, 1)
(1904, 816, 1)
(1909, 1833, 1)
solution_external_edges:
(0, 1, 1)
(3, 5, 1)
(4, 803, 1)
(6, 90, 1)
(7, 11, 1)
(8, 106, 1)
(9, 90, 1)
(10, 120, 1)
(12, 90, 1)
(13, 90, 1)
(14, 90, 1)
(15, 90, 1)
(16, 90, 1)
(17, 5, 1)
(18, 90, 1)
(19, 90, 1)
(20, 90, 1)
(21, 457, 1)
(22, 90, 1)
(23, 90, 1)
(24, 90, 1)
(25, 803, 1)
(26, 204, 1)
(27, 5, 1)
(29, 204, 1)
(30, 90, 1)
(31, 621, 1)
(32, 621, 1)
(33, 90, 1)
(34, 5, 1)
(35, 52, 1)
(36, 106, 1)
(37, 5, 1)
(38, 621, 1)
(40, 621, 1)
(41, 90, 1)
(42, 90, 1)
(43, 803, 1)
(44, 11, 1)
(45, 90, 1)
(46, 101, 1)
(47, 90, 1)
(48, 90, 1)
(49, 90, 1)
(51, 621, 1)
(53, 11, 1)
(54, 90, 1)
(55, 90, 1)
(56, 11, 1)
(57, 90, 1)
(58, 90, 1)
(59, 106, 1)
(60, 204, 1)
(61, 621, 1)
(62, 90, 1)
(63, 2, 1)
(64, 90, 1)
(65, 122, 1)
(66, 5, 1)
(67, 361, 1)
(68, 90, 1)
(69, 90, 1)
(70, 204, 1)
(71, 5, 1)
(72, 621, 1)
(73, 90, 1)
(74, 621, 1)
(76, 457, 1)
(77, 361, 1)
(78, 90, 1)
(79, 621, 1)
(80, 621, 1)
(83, 621, 1)
(84, 90, 1)
(85, 90, 1)
(87, 457, 1)
(88, 457, 1)
(91, 621, 1)
(92, 106, 1)
(93, 90, 1)
(94, 90, 1)
(95, 90, 1)
(98, 90, 1)
(99, 90, 1)
(102, 457, 1)
(104, 90, 1)
(107, 90, 1)
(110, 108, 1)
(111, 457, 1)
(113, 90, 1)
(118, 90, 1)
(119, 90, 1)
(121, 90, 1)
(125, 129, 1)
(127, 90, 1)
(128, 803, 1)
(130, 106, 1)
(133, 106, 1)
(134, 90, 1)
(135, 137, 1)
(136, 90, 1)
(138, 106, 1)
(139, 90, 1)
(140, 5, 1)
(141, 106, 1)
(142, 90, 1)
(143, 90, 1)
(144, 81, 1)
(145, 457, 1)
(146, 1173, 1)
(147, 106, 1)
(148, 90, 1)
(149, 106, 1)
(150, 11, 1)
(151, 90, 1)
(152, 90, 1)
(153, 11, 1)
(154, 106, 1)
(155, 361, 1)
(156, 90, 1)
(158, 11, 1)
(159, 90, 1)
(160, 90, 1)
(161, 621, 1)
(162, 90, 1)
(163, 621, 1)
(164, 665, 1)
(165, 90, 1)
(166, 457, 1)
(167, 90, 1)
(168, 90, 1)
(169, 457, 1)
(171, 11, 1)
(173, 621, 1)
(174, 90, 1)
(175, 90, 1)
(177, 90, 1)
(179, 90, 1)
(180, 213, 1)
(181, 90, 1)
(182, 361, 1)
(183, 90, 1)
(185, 803, 1)
(186, 90, 1)
(187, 108, 1)
(188, 90, 1)
(189, 97, 1)
(190, 90, 1)
(191, 90, 1)
(192, 90, 1)
(193, 90, 1)
(194, 90, 1)
(196, 106, 1)
(197, 90, 1)
(199, 97, 1)
(200, 11, 1)
(201, 542, 1)
(202, 90, 1)
(203, 131, 1)
(205, 106, 1)
(206, 106, 1)
(208, 90, 1)
(209, 207, 1)
(210, 90, 1)
(211, 90, 1)
(212, 106, 1)
(214, 122, 1)
(215, 90, 1)
(216, 90, 1)
(217, 132, 1)
(218, 250, 1)
(219, 90, 1)
(220, 90, 1)
(221, 90, 1)
(222, 90, 1)
(223, 90, 1)
(224, 457, 1)
(225, 90, 1)
(226, 90, 1)
(228, 90, 1)
(229, 90, 1)
(230, 803, 1)
(231, 803, 1)
(232, 106, 1)
(233, 876, 1)
(234, 90, 1)
(235, 90, 1)
(236, 90, 1)
(237, 90, 1)
(238, 329, 1)
(239, 90, 1)
(240, 90, 1)
(241, 11, 1)
(242, 90, 1)
(243, 106, 1)
(244, 90, 1)
(245, 204, 1)
(247, 97, 1)
(248, 108, 1)
(249, 250, 1)
(251, 106, 1)
(252, 90, 1)
(253, 621, 1)
(255, 90, 1)
(256, 621, 1)
(257, 50, 1)
(259, 90, 1)
(260, 621, 1)
(262, 81, 1)
(263, 542, 1)
(264, 11, 1)
(265, 97, 1)
(266, 90, 1)
(267, 621, 1)
(268, 108, 1)
(269, 11, 1)
(270, 90, 1)
(271, 204, 1)
(272, 90, 1)
(273, 108, 1)
(274, 90, 1)
(275, 5, 1)
(276, 11, 1)
(277, 90, 1)
(278, 90, 1)
(279, 11, 1)
(280, 621, 1)
(281, 90, 1)
(282, 106, 1)
(283, 108, 1)
(284, 204, 1)
(285, 11, 1)
(286, 287, 1)
(288, 101, 1)
(289, 90, 1)
(290, 106, 1)
(291, 803, 1)
(293, 621, 1)
(294, 109, 1)
(296, 816, 1)
(297, 11, 1)
(298, 106, 1)
(299, 5, 1)
(300, 204, 1)
(301, 11, 1)
(302, 717, 1)
(303, 803, 1)
(304, 90, 1)
(305, 622, 1)
(306, 622, 1)
(307, 622, 1)
(308, 622, 1)
(309, 90, 1)
(310, 204, 1)
(311, 622, 1)
(312, 106, 1)
(313, 81, 1)
(314, 5, 1)
(315, 90, 1)
(316, 97, 1)
(318, 90, 1)
(319, 90, 1)
(320, 11, 1)
(322, 90, 1)
(323, 90, 1)
(325, 11, 1)
(326, 89, 1)
(327, 106, 1)
(328, 1708, 1)
(330, 457, 1)
(331, 109, 1)
(332, 90, 1)
(333, 195, 1)
(334, 108, 1)
(335, 106, 1)
(336, 832, 1)
(338, 106, 1)
(339, 89, 1)
(340, 90, 1)
(341, 81, 1)
(342, 204, 1)
(344, 204, 1)
(345, 457, 1)
(346, 321, 1)
(347, 106, 1)
(348, 351, 1)
(349, 90, 1)
(350, 109, 1)
(352, 204, 1)
(353, 108, 1)
(354, 90, 1)
(355, 106, 1)
(356, 204, 1)
(357, 877, 1)
(358, 108, 1)
(359, 5, 1)
(360, 90, 1)
(362, 108, 1)
(363, 89, 1)
(364, 89, 1)
(365, 292, 1)
(366, 376, 1)
(367, 90, 1)
(368, 108, 1)
(369, 5, 1)
(370, 621, 1)
(371, 122, 1)
(372, 106, 1)
(373, 457, 1)
(374, 90, 1)
(375, 90, 1)
(377, 97, 1)
(378, 106, 1)
(379, 90, 1)
(380, 204, 1)
(381, 204, 1)
(382, 204, 1)
(383, 5, 1)
(384, 5, 1)
(385, 11, 1)
(386, 803, 1)
(387, 90, 1)
(388, 361, 1)
(389, 90, 1)
(390, 621, 1)
(391, 108, 1)
(392, 292, 1)
(393, 11, 1)
(394, 106, 1)
(395, 361, 1)
(396, 108, 1)
(397, 803, 1)
(398, 90, 1)
(400, 108, 1)
(401, 615, 1)
(402, 90, 1)
(404, 621, 1)
(405, 90, 1)
(406, 803, 1)
(407, 106, 1)
(408, 669, 1)
(409, 90, 1)
(410, 90, 1)
(411, 204, 1)
(412, 832, 1)
(413, 1101, 1)
(414, 90, 1)
(415, 90, 1)
(416, 11, 1)
(417, 126, 1)
(418, 106, 1)
(420, 90, 1)
(421, 1784, 1)
(422, 457, 1)
(424, 90, 1)
(425, 11, 1)
(426, 90, 1)
(428, 1755, 1)
(429, 1755, 1)
(430, 108, 1)
(431, 90, 1)
(432, 832, 1)
(433, 89, 1)
(434, 108, 1)
(435, 106, 1)
(436, 90, 1)
(437, 423, 1)
(438, 129, 1)
(439, 90, 1)
(440, 97, 1)
(441, 89, 1)
(442, 5, 1)
(443, 457, 1)
(444, 803, 1)
(445, 423, 1)
(446, 1613, 1)
(447, 90, 1)
(449, 86, 1)
(450, 90, 1)
(451, 90, 1)
(452, 90, 1)
(453, 457, 1)
(454, 11, 1)
(455, 106, 1)
(456, 132, 1)
(458, 90, 1)
(459, 457, 1)
(460, 1742, 1)
(463, 464, 1)
(465, 108, 1)
(466, 97, 1)
(467, 89, 1)
(468, 204, 1)
(469, 90, 1)
(470, 5, 1)
(471, 803, 1)
(472, 90, 1)
(473, 90, 1)
(474, 86, 1)
(475, 213, 1)
(476, 106, 1)
(478, 11, 1)
(479, 90, 1)
(480, 11, 1)
(482, 457, 1)
(483, 108, 1)
(484, 108, 1)
(485, 90, 1)
(486, 213, 1)
(487, 90, 1)
(488, 5, 1)
(489, 90, 1)
(490, 108, 1)
(491, 90, 1)
(492, 90, 1)
(493, 90, 1)
(494, 90, 1)
(495, 803, 1)
(497, 90, 1)
(498, 75, 1)
(499, 90, 1)
(500, 213, 1)
(501, 106, 1)
(502, 90, 1)
(503, 621, 1)
(504, 90, 1)
(505, 204, 1)
(506, 11, 1)
(507, 126, 1)
(508, 106, 1)
(509, 11, 1)
(510, 11, 1)
(511, 11, 1)
(512, 11, 1)
(513, 90, 1)
(515, 90, 1)
(516, 90, 1)
(517, 90, 1)
(518, 457, 1)
(519, 90, 1)
(520, 90, 1)
(521, 11, 1)
(522, 90, 1)
(523, 90, 1)
(524, 109, 1)
(525, 89, 1)
(526, 90, 1)
(527, 90, 1)
(528, 457, 1)
(529, 621, 1)
(530, 11, 1)
(532, 97, 1)
(533, 90, 1)
(534, 90, 1)
(535, 11, 1)
(536, 457, 1)
(537, 90, 1)
(538, 106, 1)
(539, 90, 1)
(540, 90, 1)
(541, 11, 1)
(544, 117, 1)
(545, 11, 1)
(546, 457, 1)
(547, 106, 1)
(548, 457, 1)
(549, 90, 1)
(550, 90, 1)
(552, 204, 1)
(553, 11, 1)
(554, 621, 1)
(555, 90, 1)
(556, 90, 1)
(557, 97, 1)
(558, 5, 1)
(559, 90, 1)
(560, 457, 1)
(561, 97, 1)
(562, 11, 1)
(563, 106, 1)
(564, 621, 1)
(565, 114, 1)
(566, 457, 1)
(567, 90, 1)
(568, 803, 1)
(569, 90, 1)
(570, 90, 1)
(571, 90, 1)
(572, 120, 1)
(573, 90, 1)
(574, 50, 1)
(575, 90, 1)
(576, 204, 1)
(578, 622, 1)
(579, 106, 1)
(580, 11, 1)
(581, 90, 1)
(582, 11, 1)
(583, 90, 1)
(584, 90, 1)
(585, 122, 1)
(586, 11, 1)
(587, 90, 1)
(588, 361, 1)
(589, 832, 1)
(590, 90, 1)
(591, 204, 1)
(592, 108, 1)
(593, 204, 1)
(594, 90, 1)
(595, 120, 1)
(596, 90, 1)
(597, 11, 1)
(598, 5, 1)
(599, 90, 1)
(600, 106, 1)
(601, 90, 1)
(602, 803, 1)
(603, 457, 1)
(604, 11, 1)
(605, 90, 1)
(606, 90, 1)
(607, 106, 1)
(608, 90, 1)
(609, 551, 1)
(610, 11, 1)
(611, 117, 1)
(612, 457, 1)
(613, 457, 1)
(614, 90, 1)
(616, 542, 1)
(617, 106, 1)
(618, 90, 1)
(620, 11, 1)
(623, 90, 1)
(624, 89, 1)
(625, 106, 1)
(626, 106, 1)
(627, 120, 1)
(628, 361, 1)
(629, 108, 1)
(630, 108, 1)
(631, 361, 1)
(632, 90, 1)
(633, 1267, 1)
(634, 50, 1)
(635, 457, 1)
(636, 90, 1)
(637, 457, 1)
(638, 90, 1)
(639, 97, 1)
(640, 106, 1)
(642, 457, 1)
(643, 361, 1)
(644, 457, 1)
(645, 361, 1)
(646, 11, 1)
(647, 109, 1)
(648, 457, 1)
(649, 120, 1)
(650, 11, 1)
(651, 90, 1)
(652, 106, 1)
(653, 97, 1)
(654, 97, 1)
(655, 120, 1)
(656, 90, 1)
(657, 457, 1)
(658, 131, 1)
(659, 90, 1)
(660, 109, 1)
(661, 204, 1)
(662, 90, 1)
(663, 457, 1)
(664, 669, 1)
(666, 204, 1)
(667, 665, 1)
(668, 108, 1)
(670, 665, 1)
(671, 11, 1)
(673, 1133, 1)
(674, 90, 1)
(675, 665, 1)
(676, 108, 1)
(677, 204, 1)
(678, 11, 1)
(679, 90, 1)
(680, 108, 1)
(681, 90, 1)
(682, 803, 1)
(683, 90, 1)
(684, 621, 1)
(685, 89, 1)
(686, 106, 1)
(687, 97, 1)
(688, 106, 1)
(689, 621, 1)
(690, 90, 1)
(691, 90, 1)
(693, 90, 1)
(694, 106, 1)
(695, 90, 1)
(696, 5, 1)
(697, 832, 1)
(698, 90, 1)
(699, 457, 1)
(700, 89, 1)
(701, 90, 1)
(702, 11, 1)
(703, 106, 1)
(704, 90, 1)
(705, 89, 1)
(706, 204, 1)
(707, 5, 1)
(708, 109, 1)
(709, 621, 1)
(710, 90, 1)
(711, 361, 1)
(712, 90, 1)
(713, 90, 1)
(715, 106, 1)
(716, 621, 1)
(718, 90, 1)
(719, 122, 1)
(720, 832, 1)
(721, 50, 1)
(722, 89, 1)
(723, 90, 1)
(724, 5, 1)
(725, 106, 1)
(726, 90, 1)
(727, 90, 1)
(728, 109, 1)
(729, 106, 1)
(730, 803, 1)
(731, 90, 1)
(732, 106, 1)
(733, 117, 1)
(734, 108, 1)
(735, 90, 1)
(737, 89, 1)
(738, 5, 1)
(739, 90, 1)
(740, 106, 1)
(741, 90, 1)
(742, 89, 1)
(743, 90, 1)
(744, 90, 1)
(745, 90, 1)
(746, 11, 1)
(747, 621, 1)
(748, 90, 1)
(749, 90, 1)
(750, 90, 1)
(751, 11, 1)
(752, 90, 1)
(753, 90, 1)
(754, 457, 1)
(755, 89, 1)
(756, 11, 1)
(757, 90, 1)
(758, 621, 1)
(759, 106, 1)
(760, 90, 1)
(761, 90, 1)
(762, 1341, 1)
(763, 832, 1)
(764, 11, 1)
(765, 90, 1)
(766, 89, 1)
(767, 457, 1)
(768, 832, 1)
(769, 90, 1)
(770, 106, 1)
(771, 108, 1)
(772, 108, 1)
(773, 90, 1)
(774, 89, 1)
(775, 106, 1)
(776, 90, 1)
(777, 106, 1)
(778, 90, 1)
(779, 106, 1)
(780, 11, 1)
(781, 11, 1)
(782, 11, 1)
(783, 351, 1)
(784, 89, 1)
(785, 106, 1)
(786, 106, 1)
(787, 90, 1)
(788, 123, 1)
(789, 204, 1)
(790, 361, 1)
(791, 90, 1)
(794, 793, 1)
(795, 714, 1)
(796, 109, 1)
(797, 106, 1)
(798, 117, 1)
(800, 457, 1)
(801, 90, 1)
(802, 90, 1)
(804, 361, 1)
(805, 90, 1)
(806, 120, 1)
(807, 803, 1)
(808, 462, 1)
(809, 90, 1)
(810, 11, 1)
(811, 803, 1)
(812, 108, 1)
(813, 803, 1)
(814, 803, 1)
(815, 90, 1)
(817, 803, 1)
(818, 90, 1)
(819, 90, 1)
(820, 457, 1)
(821, 81, 1)
(822, 11, 1)
(823, 90, 1)
(824, 213, 1)
(825, 106, 1)
(826, 109, 1)
(827, 90, 1)
(828, 106, 1)
(829, 106, 1)
(830, 11, 1)
(831, 876, 1)
(833, 106, 1)
(834, 457, 1)
(835, 109, 1)
(836, 90, 1)
(837, 97, 1)
(838, 97, 1)
(839, 106, 1)
(840, 457, 1)
(841, 131, 1)
(842, 90, 1)
(843, 90, 1)
(844, 90, 1)
(845, 11, 1)
(846, 97, 1)
(847, 90, 1)
(848, 106, 1)
(849, 108, 1)
(850, 131, 1)
(851, 106, 1)
(853, 90, 1)
(854, 131, 1)
(855, 213, 1)
(856, 90, 1)
(857, 90, 1)
(858, 117, 1)
(859, 11, 1)
(860, 90, 1)
(861, 621, 1)
(862, 131, 1)
(863, 108, 1)
(864, 90, 1)
(865, 106, 1)
(866, 90, 1)
(867, 90, 1)
(868, 106, 1)
(869, 376, 1)
(870, 619, 1)
(871, 619, 1)
(872, 204, 1)
(874, 619, 1)
(875, 106, 1)
(878, 619, 1)
(879, 204, 1)
(880, 619, 1)
(881, 90, 1)
(882, 619, 1)
(883, 90, 1)
(885, 204, 1)
(886, 11, 1)
(887, 109, 1)
(888, 457, 1)
(889, 457, 1)
(890, 90, 1)
(891, 11, 1)
(892, 803, 1)
(893, 90, 1)
(894, 106, 1)
(895, 106, 1)
(896, 90, 1)
(898, 195, 1)
(900, 621, 1)
(901, 90, 1)
(902, 457, 1)
(903, 11, 1)
(904, 90, 1)
(905, 106, 1)
(906, 621, 1)
(907, 106, 1)
(908, 90, 1)
(909, 90, 1)
(910, 803, 1)
(911, 106, 1)
(912, 621, 1)
(913, 129, 1)
(914, 50, 1)
(915, 108, 1)
(916, 108, 1)
(917, 108, 1)
(918, 108, 1)
(919, 108, 1)
(920, 108, 1)
(921, 108, 1)
(922, 108, 1)
(923, 204, 1)
(924, 204, 1)
(925, 108, 1)
(926, 108, 1)
(927, 108, 1)
(928, 108, 1)
(929, 108, 1)
(930, 108, 1)
(932, 108, 1)
(933, 108, 1)
(934, 108, 1)
(936, 108, 1)
(937, 108, 1)
(938, 108, 1)
(939, 120, 1)
(940, 108, 1)
(941, 204, 1)
(942, 108, 1)
(943, 108, 1)
(944, 108, 1)
(945, 108, 1)
(946, 108, 1)
(947, 11, 1)
(948, 204, 1)
(949, 108, 1)
(950, 803, 1)
(951, 108, 1)
(952, 108, 1)
(953, 108, 1)
(954, 5, 1)
(955, 457, 1)
(956, 2, 1)
(957, 106, 1)
(958, 89, 1)
(959, 5, 1)
(960, 90, 1)
(961, 90, 1)
(962, 90, 1)
(963, 106, 1)
(964, 90, 1)
(965, 90, 1)
(966, 90, 1)
(967, 90, 1)
(968, 90, 1)
(969, 90, 1)
(970, 90, 1)
(971, 90, 1)
(972, 90, 1)
(973, 90, 1)
(974, 90, 1)
(975, 90, 1)
(976, 90, 1)
(977, 90, 1)
(978, 90, 1)
(979, 90, 1)
(980, 90, 1)
(981, 90, 1)
(982, 90, 1)
(983, 90, 1)
(984, 90, 1)
(985, 90, 1)
(986, 90, 1)
(987, 90, 1)
(988, 90, 1)
(989, 90, 1)
(990, 90, 1)
(991, 803, 1)
(992, 90, 1)
(993, 90, 1)
(994, 90, 1)
(995, 90, 1)
(996, 90, 1)
(997, 90, 1)
(998, 90, 1)
(999, 90, 1)
(1000, 90, 1)
(1001, 90, 1)
(1002, 90, 1)
(1003, 90, 1)
(1004, 90, 1)
(1005, 90, 1)
(1006, 90, 1)
(1007, 90, 1)
(1009, 90, 1)
(1010, 90, 1)
(1011, 90, 1)
(1012, 90, 1)
(1013, 90, 1)
(1014, 90, 1)
(1015, 90, 1)
(1016, 90, 1)
(1017, 90, 1)
(1018, 90, 1)
(1019, 90, 1)
(1020, 90, 1)
(1021, 90, 1)
(1022, 90, 1)
(1023, 90, 1)
(1024, 803, 1)
(1025, 90, 1)
(1026, 90, 1)
(1027, 90, 1)
(1028, 90, 1)
(1029, 90, 1)
(1030, 90, 1)
(1031, 90, 1)
(1032, 90, 1)
(1033, 90, 1)
(1034, 90, 1)
(1035, 90, 1)
(1036, 90, 1)
(1037, 90, 1)
(1038, 90, 1)
(1039, 90, 1)
(1040, 90, 1)
(1041, 90, 1)
(1042, 90, 1)
(1043, 90, 1)
(1044, 90, 1)
(1045, 90, 1)
(1046, 90, 1)
(1047, 90, 1)
(1048, 90, 1)
(1049, 90, 1)
(1050, 90, 1)
(1051, 90, 1)
(1052, 90, 1)
(1053, 90, 1)
(1054, 803, 1)
(1055, 90, 1)
(1056, 90, 1)
(1057, 90, 1)
(1058, 90, 1)
(1059, 90, 1)
(1060, 90, 1)
(1061, 90, 1)
(1062, 90, 1)
(1063, 90, 1)
(1064, 90, 1)
(1065, 90, 1)
(1066, 90, 1)
(1067, 90, 1)
(1068, 90, 1)
(1069, 90, 1)
(1071, 90, 1)
(1072, 803, 1)
(1073, 90, 1)
(1074, 90, 1)
(1075, 90, 1)
(1076, 90, 1)
(1077, 90, 1)
(1078, 90, 1)
(1079, 129, 1)
(1080, 50, 1)
(1081, 542, 1)
(1082, 462, 1)
(1083, 109, 1)
(1084, 204, 1)
(1086, 106, 1)
(1087, 621, 1)
(1088, 50, 1)
(1089, 89, 1)
(1090, 106, 1)
(1091, 457, 1)
(1092, 1146, 1)
(1094, 1093, 1)
(1095, 89, 1)
(1096, 106, 1)
(1097, 621, 1)
(1098, 621, 1)
(1099, 198, 1)
(1100, 11, 1)
(1102, 1101, 1)
(1103, 106, 1)
(1104, 11, 1)
(1105, 50, 1)
(1106, 117, 1)
(1107, 11, 1)
(1108, 81, 1)
(1109, 89, 1)
(1110, 258, 1)
(1112, 1119, 1)
(1113, 106, 1)
(1114, 108, 1)
(1115, 97, 1)
(1117, 457, 1)
(1118, 97, 1)
(1120, 124, 1)
(1121, 132, 1)
(1122, 1119, 1)
(1123, 461, 1)
(1124, 106, 1)
(1127, 108, 1)
(1128, 1133, 1)
(1129, 935, 1)
(1131, 11, 1)
(1132, 204, 1)
(1134, 935, 1)
(1135, 132, 1)
(1136, 361, 1)
(1137, 1267, 1)
(1138, 2, 1)
(1139, 799, 1)
(1140, 457, 1)
(1141, 1, 1)
(1142, 1, 1)
(1143, 204, 1)
(1145, 204, 1)
(1147, 1, 1)
(1148, 204, 1)
(1149, 1, 1)
(1150, 457, 1)
(1151, 204, 1)
(1152, 204, 1)
(1153, 1, 1)
(1154, 1, 1)
(1155, 1, 1)
(1156, 622, 1)
(1157, 622, 1)
(1158, 1130, 1)
(1159, 108, 1)
(1160, 120, 1)
(1161, 931, 1)
(1162, 1130, 1)
(1163, 106, 1)
(1164, 89, 1)
(1165, 621, 1)
(1166, 799, 1)
(1167, 108, 1)
(1168, 106, 1)
(1169, 89, 1)
(1171, 1170, 1)
(1172, 11, 1)
(1174, 1173, 1)
(1175, 204, 1)
(1176, 669, 1)
(1177, 106, 1)
(1178, 11, 1)
(1179, 213, 1)
(1180, 457, 1)
(1181, 213, 1)
(1182, 81, 1)
(1183, 11, 1)
(1184, 106, 1)
(1185, 337, 1)
(1186, 109, 1)
(1187, 106, 1)
(1188, 457, 1)
(1189, 457, 1)
(1190, 106, 1)
(1191, 108, 1)
(1192, 106, 1)
(1193, 129, 1)
(1194, 89, 1)
(1195, 89, 1)
(1196, 129, 1)
(1197, 124, 1)
(1198, 106, 1)
(1199, 106, 1)
(1201, 361, 1)
(1202, 195, 1)
(1203, 11, 1)
(1204, 89, 1)
(1205, 106, 1)
(1206, 106, 1)
(1207, 106, 1)
(1208, 82, 1)
(1209, 106, 1)
(1210, 11, 1)
(1211, 457, 1)
(1212, 106, 1)
(1213, 11, 1)
(1214, 5, 1)
(1215, 122, 1)
(1216, 11, 1)
(1217, 89, 1)
(1218, 11, 1)
(1219, 254, 1)
(1220, 457, 1)
(1221, 106, 1)
(1222, 457, 1)
(1223, 117, 1)
(1224, 665, 1)
(1225, 89, 1)
(1226, 621, 1)
(1227, 457, 1)
(1228, 109, 1)
(1229, 106, 1)
(1230, 106, 1)
(1231, 106, 1)
(1232, 361, 1)
(1233, 106, 1)
(1234, 106, 1)
(1235, 317, 1)
(1236, 106, 1)
(1237, 89, 1)
(1238, 89, 1)
(1239, 106, 1)
(1240, 106, 1)
(1241, 11, 1)
(1242, 129, 1)
(1243, 89, 1)
(1244, 50, 1)
(1245, 106, 1)
(1246, 89, 1)
(1247, 106, 1)
(1248, 106, 1)
(1249, 621, 1)
(1250, 89, 1)
(1251, 457, 1)
(1252, 89, 1)
(1253, 106, 1)
(1254, 11, 1)
(1255, 457, 1)
(1256, 106, 1)
(1257, 106, 1)
(1258, 204, 1)
(1259, 337, 1)
(1260, 337, 1)
(1261, 337, 1)
(1262, 11, 1)
(1263, 213, 1)
(1264, 213, 1)
(1265, 457, 1)
(1266, 108, 1)
(1268, 361, 1)
(1269, 106, 1)
(1270, 877, 1)
(1271, 106, 1)
(1272, 1267, 1)
(1273, 5, 1)
(1274, 204, 1)
(1277, 109, 1)
(1278, 621, 1)
(1279, 106, 1)
(1280, 1119, 1)
(1281, 204, 1)
(1282, 204, 1)
(1283, 204, 1)
(1284, 261, 1)
(1285, 246, 1)
(1286, 246, 1)
(1287, 106, 1)
(1288, 246, 1)
(1289, 129, 1)
(1290, 213, 1)
(1291, 106, 1)
(1292, 124, 1)
(1293, 108, 1)
(1294, 317, 1)
(1295, 120, 1)
(1296, 329, 1)
(1297, 1126, 1)
(1298, 317, 1)
(1299, 5, 1)
(1300, 621, 1)
(1301, 117, 1)
(1302, 317, 1)
(1303, 120, 1)
(1304, 361, 1)
(1305, 5, 1)
(1306, 106, 1)
(1307, 204, 1)
(1308, 803, 1)
(1309, 114, 1)
(1310, 198, 1)
(1311, 1085, 1)
(1312, 126, 1)
(1313, 204, 1)
(1314, 106, 1)
(1315, 457, 1)
(1316, 106, 1)
(1317, 50, 1)
(1318, 50, 1)
(1319, 11, 1)
(1320, 457, 1)
(1321, 50, 1)
(1322, 106, 1)
(1323, 457, 1)
(1324, 89, 1)
(1325, 621, 1)
(1326, 457, 1)
(1327, 106, 1)
(1328, 106, 1)
(1329, 11, 1)
(1330, 621, 1)
(1332, 457, 1)
(1333, 106, 1)
(1334, 5, 1)
(1335, 89, 1)
(1336, 106, 1)
(1337, 89, 1)
(1338, 89, 1)
(1339, 50, 1)
(1340, 50, 1)
(1342, 106, 1)
(1343, 621, 1)
(1344, 621, 1)
(1345, 106, 1)
(1346, 106, 1)
(1347, 11, 1)
(1348, 106, 1)
(1349, 81, 1)
(1350, 50, 1)
(1351, 457, 1)
(1352, 457, 1)
(1353, 457, 1)
(1354, 97, 1)
(1355, 457, 1)
(1356, 120, 1)
(1357, 11, 1)
(1358, 106, 1)
(1359, 106, 1)
(1360, 89, 1)
(1361, 5, 1)
(1362, 106, 1)
(1363, 621, 1)
(1364, 106, 1)
(1365, 129, 1)
(1366, 106, 1)
(1367, 5, 1)
(1368, 50, 1)
(1369, 5, 1)
(1370, 376, 1)
(1371, 11, 1)
(1373, 11, 1)
(1374, 803, 1)
(1375, 89, 1)
(1376, 457, 1)
(1377, 106, 1)
(1378, 457, 1)
(1380, 11, 1)
(1381, 106, 1)
(1382, 457, 1)
(1383, 106, 1)
(1384, 457, 1)
(1385, 106, 1)
(1386, 124, 1)
(1387, 106, 1)
(1388, 622, 1)
(1389, 457, 1)
(1390, 50, 1)
(1391, 106, 1)
(1392, 50, 1)
(1393, 457, 1)
(1394, 106, 1)
(1395, 50, 1)
(1397, 50, 1)
(1398, 81, 1)
(1399, 1267, 1)
(1400, 108, 1)
(1401, 11, 1)
(1402, 11, 1)
(1403, 50, 1)
(1404, 97, 1)
(1405, 457, 1)
(1406, 106, 1)
(1407, 117, 1)
(1408, 5, 1)
(1409, 50, 1)
(1410, 50, 1)
(1411, 11, 1)
(1412, 106, 1)
(1413, 11, 1)
(1414, 124, 1)
(1415, 50, 1)
(1416, 457, 1)
(1417, 106, 1)
(1418, 50, 1)
(1419, 204, 1)
(1420, 106, 1)
(1421, 551, 1)
(1422, 11, 1)
(1423, 5, 1)
(1425, 109, 1)
(1426, 457, 1)
(1427, 109, 1)
(1428, 106, 1)
(1429, 89, 1)
(1430, 96, 1)
(1431, 89, 1)
(1432, 457, 1)
(1433, 204, 1)
(1434, 832, 1)
(1435, 109, 1)
(1436, 106, 1)
(1437, 457, 1)
(1438, 124, 1)
(1439, 11, 1)
(1440, 5, 1)
(1441, 106, 1)
(1442, 89, 1)
(1443, 123, 1)
(1444, 832, 1)
(1445, 204, 1)
(1446, 50, 1)
(1447, 621, 1)
(1448, 129, 1)
(1449, 50, 1)
(1450, 457, 1)
(1451, 97, 1)
(1452, 106, 1)
(1453, 106, 1)
(1454, 11, 1)
(1455, 50, 1)
(1456, 50, 1)
(1457, 11, 1)
(1458, 106, 1)
(1459, 457, 1)
(1460, 106, 1)
(1461, 5, 1)
(1462, 106, 1)
(1463, 5, 1)
(1464, 106, 1)
(1465, 204, 1)
(1466, 11, 1)
(1467, 11, 1)
(1468, 50, 1)
(1469, 106, 1)
(1470, 106, 1)
(1471, 106, 1)
(1472, 457, 1)
(1473, 109, 1)
(1474, 124, 1)
(1476, 11, 1)
(1477, 129, 1)
(1478, 457, 1)
(1479, 89, 1)
(1480, 50, 1)
(1481, 204, 1)
(1482, 105, 1)
(1483, 89, 1)
(1484, 692, 1)
(1485, 343, 1)
(1486, 665, 1)
(1487, 204, 1)
(1488, 2, 1)
(1489, 543, 1)
(1490, 106, 1)
(1491, 1116, 1)
(1492, 803, 1)
(1493, 89, 1)
(1494, 11, 1)
(1495, 11, 1)
(1496, 2, 1)
(1497, 89, 1)
(1498, 11, 1)
(1499, 622, 1)
(1500, 109, 1)
(1501, 11, 1)
(1502, 1372, 1)
(1503, 11, 1)
(1504, 204, 1)
(1505, 204, 1)
(1506, 457, 1)
(1507, 108, 1)
(1508, 1331, 1)
(1509, 897, 1)
(1510, 5, 1)
(1511, 81, 1)
(1512, 117, 1)
(1513, 108, 1)
(1514, 109, 1)
(1515, 361, 1)
(1516, 1728, 1)
(1517, 803, 1)
(1518, 5, 1)
(1521, 115, 1)
(1522, 108, 1)
(1523, 803, 1)
(1524, 115, 1)
(1525, 5, 1)
(1526, 204, 1)
(1528, 1527, 1)
(1530, 5, 1)
(1531, 5, 1)
(1532, 361, 1)
(1533, 81, 1)
(1535, 114, 1)
(1536, 1755, 1)
(1537, 351, 1)
(1538, 692, 1)
(1539, 1424, 1)
(1540, 204, 1)
(1541, 75, 1)
(1542, 457, 1)
(1543, 1111, 1)
(1544, 213, 1)
(1545, 361, 1)
(1546, 132, 1)
(1547, 213, 1)
(1548, 213, 1)
(1549, 213, 1)
(1550, 213, 1)
(1551, 11, 1)
(1552, 462, 1)
(1553, 109, 1)
(1554, 462, 1)
(1556, 204, 1)
(1557, 462, 1)
(1558, 462, 1)
(1559, 462, 1)
(1560, 457, 1)
(1561, 195, 1)
(1562, 11, 1)
(1563, 120, 1)
(1564, 462, 1)
(1565, 462, 1)
(1566, 108, 1)
(1567, 462, 1)
(1568, 195, 1)
(1569, 204, 1)
(1570, 329, 1)
(1571, 11, 1)
(1572, 5, 1)
(1573, 97, 1)
(1574, 101, 1)
(1575, 122, 1)
(1576, 204, 1)
(1577, 11, 1)
(1578, 204, 1)
(1579, 250, 1)
(1580, 1424, 1)
(1581, 5, 1)
(1582, 89, 1)
(1583, 81, 1)
(1584, 621, 1)
(1585, 481, 1)
(1586, 1341, 1)
(1587, 132, 1)
(1588, 1341, 1)
(1589, 1341, 1)
(1590, 717, 1)
(1591, 931, 1)
(1592, 108, 1)
(1593, 122, 1)
(1594, 106, 1)
(1595, 1534, 1)
(1596, 448, 1)
(1597, 1709, 1)
(1598, 176, 1)
(1599, 157, 1)
(1600, 157, 1)
(1601, 157, 1)
(1602, 101, 1)
(1603, 106, 1)
(1604, 551, 1)
(1605, 106, 1)
(1606, 120, 1)
(1607, 204, 1)
(1608, 120, 1)
(1609, 877, 1)
(1610, 108, 1)
(1611, 250, 1)
(1612, 184, 1)
(1614, 1613, 1)
(1615, 108, 1)
(1616, 117, 1)
(1618, 106, 1)
(1619, 803, 1)
(1620, 82, 1)
(1621, 792, 1)
(1622, 5, 1)
(1623, 477, 1)
(1624, 105, 1)
(1625, 89, 1)
(1626, 832, 1)
(1627, 5, 1)
(1628, 100, 1)
(1629, 106, 1)
(1630, 101, 1)
(1631, 1475, 1)
(1632, 116, 1)
(1633, 89, 1)
(1634, 11, 1)
(1635, 11, 1)
(1636, 11, 1)
(1637, 11, 1)
(1638, 11, 1)
(1639, 11, 1)
(1640, 803, 1)
(1641, 11, 1)
(1642, 11, 1)
(1643, 11, 1)
(1644, 11, 1)
(1645, 11, 1)
(1646, 11, 1)
(1647, 11, 1)
(1648, 11, 1)
(1649, 124, 1)
(1650, 832, 1)
(1651, 124, 1)
(1652, 89, 1)
(1653, 89, 1)
(1654, 89, 1)
(1655, 89, 1)
(1656, 89, 1)
(1657, 89, 1)
(1658, 457, 1)
(1659, 621, 1)
(1660, 89, 1)
(1661, 106, 1)
(1662, 124, 1)
(1663, 329, 1)
(1664, 361, 1)
(1665, 1784, 1)
(1666, 81, 1)
(1667, 100, 1)
(1668, 124, 1)
(1669, 116, 1)
(1670, 108, 1)
(1671, 101, 1)
(1672, 204, 1)
(1673, 106, 1)
(1674, 101, 1)
(1675, 132, 1)
(1676, 97, 1)
(1677, 1678, 1)
(1679, 172, 1)
(1680, 172, 1)
(1681, 172, 1)
(1682, 5, 1)
(1683, 5, 1)
(1684, 52, 1)
(1685, 5, 1)
(1686, 52, 1)
(1687, 52, 1)
(1688, 120, 1)
(1689, 81, 1)
(1690, 5, 1)
(1691, 376, 1)
(1692, 514, 1)
(1693, 120, 1)
(1694, 106, 1)
(1695, 577, 1)
(1696, 1529, 1)
(1698, 105, 1)
(1699, 184, 1)
(1700, 117, 1)
(1701, 120, 1)
(1702, 481, 1)
(1703, 178, 1)
(1704, 577, 1)
(1705, 132, 1)
(1706, 736, 1)
(1707, 832, 1)
(1710, 792, 1)
(1711, 204, 1)
(1712, 1267, 1)
(1713, 5, 1)
(1714, 477, 1)
(1715, 108, 1)
(1716, 2, 1)
(1717, 2, 1)
(1718, 117, 1)
(1719, 100, 1)
(1720, 1617, 1)
(1721, 321, 1)
(1722, 117, 1)
(1723, 195, 1)
(1724, 1708, 1)
(1725, 261, 1)
(1726, 1146, 1)
(1727, 792, 1)
(1729, 204, 1)
(1730, 1267, 1)
(1731, 1697, 1)
(1732, 106, 1)
(1733, 75, 1)
(1734, 1267, 1)
(1736, 792, 1)
(1737, 114, 1)
(1738, 5, 1)
(1739, 124, 1)
(1741, 100, 1)
(1743, 1126, 1)
(1744, 117, 1)
(1745, 2, 1)
(1746, 108, 1)
(1747, 621, 1)
(1748, 1379, 1)
(1749, 106, 1)
(1750, 132, 1)
(1751, 204, 1)
(1752, 109, 1)
(1753, 109, 1)
(1754, 204, 1)
(1757, 109, 1)
(1758, 109, 1)
(1759, 120, 1)
(1760, 109, 1)
(1761, 1728, 1)
(1762, 1763, 1)
(1764, 81, 1)
(1765, 106, 1)
(1766, 106, 1)
(1767, 457, 1)
(1768, 832, 1)
(1769, 204, 1)
(1770, 5, 1)
(1771, 81, 1)
(1772, 81, 1)
(1773, 361, 1)
(1774, 803, 1)
(1775, 1144, 1)
(1776, 28, 1)
(1777, 204, 1)
(1778, 204, 1)
(1779, 204, 1)
(1780, 204, 1)
(1781, 204, 1)
(1782, 204, 1)
(1783, 204, 1)
(1785, 96, 1)
(1786, 108, 1)
(1787, 295, 1)
(1788, 5, 1)
(1789, 5, 1)
(1790, 124, 1)
(1791, 665, 1)
(1792, 120, 1)
(1793, 1735, 1)
(1794, 1146, 1)
(1795, 852, 1)
(1796, 692, 1)
(1797, 112, 1)
(1798, 5, 1)
(1799, 112, 1)
(1800, 1173, 1)
(1801, 100, 1)
(1802, 82, 1)
(1803, 132, 1)
(1804, 551, 1)
(1805, 551, 1)
(1806, 1116, 1)
(1807, 897, 1)
(1808, 427, 1)
(1809, 1125, 1)
(1810, 792, 1)
(1813, 803, 1)
(1814, 1008, 1)
(1815, 123, 1)
(1816, 103, 1)
(1817, 884, 1)
(1818, 897, 1)
(1819, 1740, 1)
(1820, 122, 1)
(1821, 114, 1)
(1822, 1200, 1)
(1823, 481, 1)
(1824, 343, 1)
(1825, 100, 1)
(1826, 1475, 1)
(1827, 100, 1)
(1828, 692, 1)
(1829, 692, 1)
(1830, 899, 1)
(1831, 129, 1)
(1832, 361, 1)
(1834, 457, 1)
(1835, 195, 1)
(1836, 403, 1)
(1837, 832, 1)
(1838, 832, 1)
(1839, 832, 1)
(1840, 832, 1)
(1841, 124, 1)
(1842, 86, 1)
(1843, 496, 1)
(1844, 5, 1)
(1845, 329, 1)
(1848, 329, 1)
(1849, 120, 1)
(1850, 329, 1)
(1851, 5, 1)
(1852, 227, 1)
(1853, 1555, 1)
(1854, 461, 1)
(1855, 176, 1)
(1857, 124, 1)
(1858, 1111, 1)
(1859, 132, 1)
(1860, 132, 1)
(1861, 1146, 1)
(1863, 120, 1)
(1864, 1904, 1)
(1865, 399, 1)
(1867, 105, 1)
(1868, 1866, 1)
(1869, 254, 1)
(1870, 114, 1)
(1871, 106, 1)
(1872, 120, 1)
(1873, 120, 1)
(1874, 120, 1)
(1875, 120, 1)
(1876, 1756, 1)
(1877, 873, 1)
(1878, 876, 1)
(1879, 117, 1)
(1880, 105, 1)
(1881, 75, 1)
(1882, 419, 1)
(1883, 82, 1)
(1884, 106, 1)
(1885, 876, 1)
(1886, 672, 1)
(1887, 457, 1)
(1888, 295, 1)
(1889, 126, 1)
(1890, 621, 1)
(1891, 129, 1)
(1892, 129, 1)
(1893, 1856, 1)
(1894, 5, 1)
(1895, 1101, 1)
(1896, 615, 1)
(1897, 106, 1)
(1898, 457, 1)
(1899, 106, 1)
(1900, 621, 1)
(1901, 122, 1)
(1902, 931, 1)
(1903, 39, 1)
(1905, 457, 1)
(1906, 170, 1)
(1907, 1396, 1)
(1908, 641, 1)
(1910, 531, 1)
(1911, 103, 1)
