file_path: C:\akcijanje\nauka\moji radovi\aktivno\wtdp\instances\Snap\raw-weighted\tvshow_edges.wtdp
num_iters: 3900
time_seconds: 18000
kmin: 20
kmax_func: ndiv5
kmax_max: 40
perform_ls2: False
solution_value: 0.21953294885128108
cost: 4644
num_incorrect_nodes: 0
time_elapsed: 1014.4736136
solution_nodes:
507
2980
2795
1841
2775
2395
3059
301
2595
1218
3216
3030
143
1447
204
579
3352
586
1229
1292
2340
1631
3290
1311
24
3393
3856
2852
1007
3131
802
798
3179
2277
705
2063
2284
3609
1137
163
3648
2882
3653
2537
1459
2219
3129
1759
3710
1636
2601
74
2087
309
1938
3426
1178
1568
1177
3169
2828
673
1780
1727
1798
1286
2318
547
1198
2481
3784
1874
588
997
766
1348
362
2800
3465
894
2078
68
685
2662
3879
3055
3492
714
1308
266
926
1563
3097
343
2627
1931
2107
703
1146
1777
3487
1869
3777
2464
1157
2146
2021
2209
3627
1443
689
3270
1657
3675
558
2281
2553
3130
2262
3681
2137
1525
521
3422
2115
2991
3555
2192
3405
1736
3325
467
1677
93
274
875
409
2057
3550
1981
3417
3416
3245
2923
2842
520
1070
3287
1204
375
3086
1272
1740
1226
433
3812
2039
1057
615
3396
1497
1809
605
2484
397
399
827
1964
528
530
3699
1135
1707
3674
1501
2492
1402
1461
1326
221
1551
2502
378
3882
3072
2013
107
3314
3301
2432
3532
597
529
1698
1269
3022
1812
1164
611
259
2160
196
3303
2836
324
2014
3262
2125
3049
2237
2867
1629
1477
1313
1188
3458
393
2934
2439
3412
3582
1703
3517
2896
2878
2363
3001
2608
3009
136
1933
383
3103
1491
188
1036
2136
1089
1299
1367
2944
2475
3217
1298
967
1205
3875
3563
2253
3728
984
1004
276
744
3576
269
710
3712
2776
1803
3844
718
1562
3561
3724
3420
2656
1162
1830
2680
3473
1107
3292
2293
494
3165
834
2206
2001
2388
2885
800
1225
2644
251
1800
1950
2261
3801
3663
2019
2588
394
1263
2131
413
1538
1363
731
311
2399
1141
1258
1460
2489
471
2503
1866
3594
1119
2195
2985
2820
1042
1611
282
523
1821
3338
2450
1962
986
3247
1120
3730
1877
1034
2414
2698
462
2394
2112
1124
571
1979
233
2144
3011
734
435
713
1837
1839
1062
2817
2674
1828
1074
1332
3296
3706
134
2324
2725
3827
1192
3872
2417
2587
993
1134
2915
3831
466
328
1183
3354
1804
973
2823
541
441
1889
1580
2783
1012
1268
496
2673
659
779
676
961
937
99
2541
953
3554
982
167
1816
2023
764
2404
21
1150
2214
3558
1289
414
2496
1248
2254
2173
237
1654
1474
2060
594
2
3523
1104
3248
3544
2843
2105
1273
193
1961
3601
931
2030
3840
1255
3083
2853
3559
3619
1421
1444
194
601
2766
519
262
1379
3192
1322
928
2163
37
1275
2948
252
1610
2183
2330
1762
2397
1599
2169
1335
888
3040
765
1995
2598
3207
912
1073
2803
1243
2764
3678
2533
1665
1805
2080
2730
729
1393
2797
3542
2447
1958
13
639
3643
2015
2643
2997
398
1518
1601
2560
1969
3032
3119
2968
516
2434
2476
423
1090
3521
2250
2296
2745
2581
2458
2583
2403
3656
1075
1250
1864
3552
3316
897
1434
2977
3739
1479
3705
2309
3006
2742
606
2493
854
2959
2748
372
1165
3224
739
1578
2321
1346
50
3830
2466
321
1603
1219
302
2983
3108
966
2729
1688
2614
1153
333
3799
135
1519
2470
2051
1052
1371
1384
1810
2351
1735
2621
939
3818
2005
1846
2931
2738
314
2839
3361
3099
1380
2623
3488
1303
3091
371
662
2826
1282
1252
2049
1487
1532
396
2217
864
1883
3628
1944
829
1552
1489
64
1902
3806
1504
3232
1358
2875
3223
1213
2734
720
3470
2879
3608
3307
3333
3670
3153
1131
355
3878
1891
1448
2499
1471
1690
964
127
8
1035
3120
16
438
336
364
3273
369
2937
590
3606
2713
1429
1398
1451
3574
2016
1859
1863
1084
859
1686
2617
890
388
949
2780
273
1773
3236
913
2946
2156
2020
2243
787
873
3721
2517
3851
1172
3044
2335
1283
1571
2520
3377
613
487
1673
3250
1971
723
1463
2743
3471
403
1835
2229
910
2240
1669
624
2343
2753
3033
160
2765
1200
2657
3822
3567
958
2866
963
3090
3117
3704
2056
1699
477
3041
2769
2012
2951
712
593
1815
2480
2406
3277
1111
2292
1041
1766
1984
1318
790
783
66
3253
1266
1469
2837
3638
1853
3454
95
1458
1831
2003
137
2754
2342
2268
536
377
2737
1559
3264
2228
254
911
374
2702
2411
2038
2505
671
2454
3837
1394
3477
2205
1596
15
1577
139
2678
3419
563
1023
1413
2573
661
1881
1758
1868
656
2714
257
749
2313
1206
3110
3673
1795
3111
2241
1708
1032
3087
202
1396
1067
1195
819
2266
1616
353
509
255
2694
3105
2383
1066
3821
533
1063
1600
1437
2763
3604
2257
560
2671
2158
847
598
1278
2138
2779
2134
916
637
3696
2260
1530
2123
1550
1918
1672
2478
1942
2939
2354
1974
3332
1861
1791
2477
3116
2196
349
3519
2443
1207
2190
742
solution_internal_edges:
(2, 3277, 1)
(8, 2131, 1)
(8, 13, 1)
(8, 16, 1)
(8, 1669, 1)
(8, 15, 1)
(13, 802, 1)
(13, 8, 1)
(13, 16, 1)
(13, 1669, 1)
(15, 1727, 1)
(15, 8, 1)
(16, 13, 1)
(16, 8, 1)
(21, 24, 1)
(24, 21, 1)
(37, 1292, 1)
(37, 68, 1)
(37, 1205, 1)
(37, 1804, 1)
(37, 194, 1)
(37, 50, 1)
(50, 74, 1)
(50, 68, 1)
(50, 194, 1)
(50, 37, 1)
(50, 2447, 1)
(50, 2977, 1)
(50, 939, 1)
(50, 64, 1)
(50, 66, 1)
(64, 74, 1)
(64, 68, 1)
(64, 1562, 1)
(64, 1804, 1)
(64, 50, 1)
(64, 66, 1)
(66, 74, 1)
(66, 68, 1)
(66, 50, 1)
(66, 64, 1)
(68, 74, 1)
(68, 37, 1)
(68, 50, 1)
(68, 64, 1)
(68, 66, 1)
(74, 68, 1)
(74, 50, 1)
(74, 64, 1)
(74, 66, 1)
(93, 274, 1)
(95, 107, 1)
(95, 99, 1)
(95, 127, 1)
(99, 982, 1)
(99, 127, 1)
(99, 95, 1)
(107, 95, 1)
(107, 637, 1)
(127, 99, 1)
(127, 95, 1)
(134, 802, 1)
(134, 2173, 1)
(134, 194, 1)
(134, 2330, 1)
(134, 2351, 1)
(134, 1063, 1)
(135, 967, 1)
(135, 1804, 1)
(135, 982, 1)
(135, 1150, 1)
(135, 237, 1)
(135, 2330, 1)
(135, 2466, 1)
(135, 438, 1)
(135, 1413, 1)
(136, 1727, 1)
(136, 2330, 1)
(137, 3523, 1)
(137, 1762, 1)
(137, 438, 1)
(137, 273, 1)
(139, 1205, 1)
(139, 2253, 1)
(139, 710, 1)
(139, 718, 1)
(139, 2823, 1)
(139, 1275, 1)
(139, 2643, 1)
(139, 423, 1)
(139, 1603, 1)
(139, 859, 1)
(139, 1766, 1)
(139, 533, 1)
(143, 343, 1)
(143, 233, 1)
(143, 160, 1)
(160, 143, 1)
(160, 204, 1)
(160, 221, 1)
(160, 413, 1)
(160, 233, 1)
(160, 237, 1)
(160, 2466, 1)
(160, 939, 1)
(163, 2115, 1)
(163, 1804, 1)
(163, 167, 1)
(163, 2012, 1)
(167, 163, 1)
(188, 466, 1)
(188, 1248, 1)
(188, 193, 1)
(188, 888, 1)
(188, 1243, 1)
(188, 1250, 1)
(188, 1252, 1)
(188, 890, 1)
(193, 2800, 1)
(193, 188, 1)
(194, 134, 1)
(194, 37, 1)
(194, 50, 1)
(196, 1292, 1)
(202, 314, 1)
(204, 2842, 1)
(204, 221, 1)
(204, 1225, 1)
(204, 233, 1)
(204, 237, 1)
(204, 594, 1)
(204, 160, 1)
(221, 204, 1)
(221, 233, 1)
(221, 237, 1)
(221, 160, 1)
(233, 143, 1)
(233, 204, 1)
(233, 221, 1)
(233, 237, 1)
(233, 601, 1)
(233, 160, 1)
(237, 204, 1)
(237, 221, 1)
(237, 1698, 1)
(237, 233, 1)
(237, 135, 1)
(237, 160, 1)
(251, 252, 1)
(252, 251, 1)
(254, 255, 1)
(255, 254, 1)
(257, 423, 1)
(259, 262, 1)
(259, 477, 1)
(262, 259, 1)
(266, 1258, 1)
(269, 274, 1)
(269, 276, 1)
(269, 273, 1)
(273, 2192, 1)
(273, 269, 1)
(273, 137, 1)
(274, 93, 1)
(274, 269, 1)
(274, 1532, 1)
(274, 1530, 1)
(276, 269, 1)
(276, 2051, 1)
(276, 2753, 1)
(282, 2049, 1)
(301, 1964, 1)
(301, 364, 1)
(302, 1292, 1)
(302, 802, 1)
(302, 1812, 1)
(302, 372, 1)
(302, 819, 1)
(302, 847, 1)
(309, 1057, 1)
(309, 311, 1)
(311, 309, 1)
(311, 1057, 1)
(314, 413, 1)
(314, 1134, 1)
(314, 1444, 1)
(314, 1073, 1)
(314, 3120, 1)
(314, 202, 1)
(321, 1252, 1)
(324, 507, 1)
(324, 2107, 1)
(324, 1657, 1)
(324, 3325, 1)
(324, 639, 1)
(324, 656, 1)
(328, 1177, 1)
(328, 1146, 1)
(333, 1089, 1)
(333, 336, 1)
(336, 1089, 1)
(336, 1090, 1)
(336, 333, 1)
(343, 143, 1)
(349, 1004, 1)
(353, 714, 1)
(355, 362, 1)
(362, 547, 1)
(362, 2136, 1)
(362, 355, 1)
(364, 301, 1)
(369, 371, 1)
(371, 1551, 1)
(371, 1810, 1)
(371, 369, 1)
(372, 594, 1)
(372, 302, 1)
(372, 2753, 1)
(372, 819, 1)
(374, 1874, 1)
(375, 615, 1)
(375, 611, 1)
(375, 1654, 1)
(375, 594, 1)
(375, 2499, 1)
(375, 1413, 1)
(375, 916, 1)
(377, 1984, 1)
(377, 377, 1)
(378, 393, 1)
(378, 383, 1)
(378, 394, 1)
(378, 388, 1)
(383, 378, 1)
(388, 378, 1)
(388, 393, 1)
(388, 3420, 1)
(393, 378, 1)
(393, 388, 1)
(394, 378, 1)
(394, 597, 1)
(394, 594, 1)
(396, 397, 1)
(397, 1447, 1)
(397, 2817, 1)
(397, 396, 1)
(398, 399, 1)
(399, 1141, 1)
(399, 398, 1)
(403, 409, 1)
(403, 571, 1)
(403, 1889, 1)
(409, 403, 1)
(413, 1292, 1)
(413, 827, 1)
(413, 1551, 1)
(413, 1812, 1)
(413, 611, 1)
(413, 2896, 1)
(413, 3001, 1)
(413, 3217, 1)
(413, 713, 1)
(413, 1134, 1)
(413, 414, 1)
(413, 594, 1)
(413, 3619, 1)
(413, 1805, 1)
(413, 2983, 1)
(413, 314, 1)
(413, 2937, 1)
(413, 1673, 1)
(413, 160, 1)
(413, 563, 1)
(413, 847, 1)
(413, 2354, 1)
(414, 413, 1)
(423, 1525, 1)
(423, 139, 1)
(423, 257, 1)
(433, 3851, 1)
(435, 1308, 1)
(435, 1299, 1)
(435, 1298, 1)
(435, 1303, 1)
(438, 441, 1)
(438, 135, 1)
(438, 137, 1)
(441, 438, 1)
(462, 533, 1)
(466, 467, 1)
(466, 188, 1)
(467, 466, 1)
(471, 827, 1)
(471, 739, 1)
(477, 259, 1)
(477, 477, 1)
(487, 1124, 1)
(494, 496, 1)
(496, 3055, 1)
(496, 494, 1)
(496, 1084, 1)
(496, 819, 1)
(507, 2395, 1)
(507, 1931, 1)
(507, 1657, 1)
(507, 324, 1)
(507, 1004, 1)
(507, 1821, 1)
(507, 1828, 1)
(507, 1889, 1)
(507, 1322, 1)
(507, 1665, 1)
(507, 897, 1)
(507, 854, 1)
(507, 509, 1)
(507, 2138, 1)
(509, 507, 1)
(516, 2923, 1)
(516, 1877, 1)
(516, 2657, 1)
(519, 1004, 1)
(520, 521, 1)
(520, 523, 1)
(521, 520, 1)
(521, 764, 1)
(523, 520, 1)
(523, 764, 1)
(523, 2254, 1)
(523, 2743, 1)
(523, 1469, 1)
(528, 800, 1)
(528, 1538, 1)
(528, 2169, 1)
(528, 2012, 1)
(529, 530, 1)
(530, 529, 1)
(530, 2383, 1)
(533, 3422, 1)
(533, 462, 1)
(533, 2023, 1)
(533, 139, 1)
(536, 2196, 1)
(541, 1322, 1)
(547, 1137, 1)
(547, 362, 1)
(558, 1074, 1)
(558, 1073, 1)
(558, 560, 1)
(560, 558, 1)
(563, 802, 1)
(563, 827, 1)
(563, 413, 1)
(563, 2587, 1)
(563, 1804, 1)
(563, 594, 1)
(563, 739, 1)
(563, 829, 1)
(563, 819, 1)
(563, 847, 1)
(571, 590, 1)
(571, 403, 1)
(579, 2318, 1)
(579, 1313, 1)
(586, 588, 1)
(588, 586, 1)
(590, 1461, 1)
(590, 571, 1)
(590, 2617, 1)
(593, 2991, 1)
(593, 779, 1)
(593, 1518, 1)
(593, 1519, 1)
(593, 3721, 1)
(593, 783, 1)
(594, 204, 1)
(594, 802, 1)
(594, 894, 1)
(594, 375, 1)
(594, 1812, 1)
(594, 611, 1)
(594, 2388, 1)
(594, 800, 1)
(594, 394, 1)
(594, 413, 1)
(594, 1610, 1)
(594, 1335, 1)
(594, 372, 1)
(594, 563, 1)
(594, 1195, 1)
(594, 819, 1)
(594, 1437, 1)
(597, 1292, 1)
(597, 967, 1)
(597, 394, 1)
(597, 1332, 1)
(597, 1335, 1)
(597, 2217, 1)
(598, 2662, 1)
(601, 233, 1)
(601, 3099, 1)
(601, 2335, 1)
(605, 802, 1)
(605, 1135, 1)
(605, 2388, 1)
(605, 2060, 1)
(605, 1863, 1)
(606, 3550, 1)
(611, 375, 1)
(611, 615, 1)
(611, 413, 1)
(611, 594, 1)
(613, 615, 1)
(615, 1759, 1)
(615, 375, 1)
(615, 1497, 1)
(615, 3699, 1)
(615, 611, 1)
(615, 613, 1)
(624, 3724, 1)
(637, 107, 1)
(637, 1812, 1)
(637, 1073, 1)
(637, 1458, 1)
(639, 324, 1)
(656, 324, 1)
(659, 662, 1)
(659, 2946, 1)
(659, 661, 1)
(661, 3354, 1)
(661, 659, 1)
(661, 662, 1)
(662, 659, 1)
(662, 661, 1)
(671, 673, 1)
(673, 671, 1)
(676, 685, 1)
(676, 689, 1)
(685, 689, 1)
(685, 2934, 1)
(685, 676, 1)
(685, 1861, 1)
(689, 685, 1)
(689, 676, 1)
(689, 1861, 1)
(703, 705, 1)
(703, 2063, 1)
(703, 1204, 1)
(703, 3165, 1)
(703, 2019, 1)
(703, 1837, 1)
(703, 2764, 1)
(703, 1971, 1)
(703, 1023, 1)
(705, 703, 1)
(705, 2019, 1)
(705, 1837, 1)
(705, 2016, 1)
(710, 1275, 1)
(710, 139, 1)
(712, 2087, 1)
(712, 1981, 1)
(712, 1629, 1)
(712, 2959, 1)
(712, 1282, 1)
(713, 413, 1)
(713, 2330, 1)
(713, 1131, 1)
(713, 2517, 1)
(714, 353, 1)
(714, 2671, 1)
(718, 139, 1)
(720, 961, 1)
(720, 3554, 1)
(720, 1861, 1)
(723, 2105, 1)
(729, 1444, 1)
(731, 2464, 1)
(734, 834, 1)
(734, 993, 1)
(739, 827, 1)
(739, 471, 1)
(739, 563, 1)
(742, 1568, 1)
(742, 2195, 1)
(742, 913, 1)
(744, 1275, 1)
(749, 3103, 1)
(749, 961, 1)
(764, 521, 1)
(764, 523, 1)
(764, 2254, 1)
(764, 2743, 1)
(765, 766, 1)
(765, 2160, 1)
(766, 765, 1)
(766, 2411, 1)
(779, 593, 1)
(783, 593, 1)
(787, 2678, 1)
(790, 1292, 1)
(798, 802, 1)
(798, 800, 1)
(800, 798, 1)
(800, 528, 1)
(800, 1363, 1)
(800, 1124, 1)
(800, 2254, 1)
(800, 594, 1)
(800, 2533, 1)
(800, 1398, 1)
(802, 798, 1)
(802, 1727, 1)
(802, 605, 1)
(802, 134, 1)
(802, 1804, 1)
(802, 594, 1)
(802, 2080, 1)
(802, 13, 1)
(802, 897, 1)
(802, 302, 1)
(802, 2051, 1)
(802, 2754, 1)
(802, 563, 1)
(802, 819, 1)
(802, 847, 1)
(802, 2443, 1)
(819, 802, 1)
(819, 1727, 1)
(819, 1363, 1)
(819, 1804, 1)
(819, 496, 1)
(819, 594, 1)
(819, 2977, 1)
(819, 372, 1)
(819, 302, 1)
(819, 563, 1)
(819, 847, 1)
(827, 413, 1)
(827, 471, 1)
(827, 739, 1)
(827, 563, 1)
(827, 1616, 1)
(829, 563, 1)
(834, 734, 1)
(834, 939, 1)
(847, 802, 1)
(847, 413, 1)
(847, 302, 1)
(847, 563, 1)
(847, 819, 1)
(854, 507, 1)
(854, 1707, 1)
(854, 1971, 1)
(859, 139, 1)
(864, 3032, 1)
(864, 1252, 1)
(864, 1673, 1)
(873, 875, 1)
(875, 1007, 1)
(875, 3248, 1)
(875, 1421, 1)
(875, 873, 1)
(888, 188, 1)
(888, 890, 1)
(890, 188, 1)
(890, 888, 1)
(894, 594, 1)
(894, 2313, 1)
(897, 507, 1)
(897, 802, 1)
(910, 3030, 1)
(911, 912, 1)
(911, 913, 1)
(912, 911, 1)
(913, 911, 1)
(913, 742, 1)
(916, 375, 1)
(926, 1165, 1)
(928, 3837, 1)
(931, 2112, 1)
(937, 3710, 1)
(937, 3487, 1)
(937, 1165, 1)
(939, 834, 1)
(939, 50, 1)
(939, 1902, 1)
(939, 160, 1)
(949, 953, 1)
(953, 2852, 1)
(953, 949, 1)
(958, 3555, 1)
(958, 2015, 1)
(961, 720, 1)
(961, 964, 1)
(961, 963, 1)
(961, 749, 1)
(963, 961, 1)
(964, 961, 1)
(966, 3072, 1)
(967, 597, 1)
(967, 135, 1)
(973, 3405, 1)
(973, 1805, 1)
(982, 2115, 1)
(982, 1188, 1)
(982, 2644, 1)
(982, 99, 1)
(982, 1255, 1)
(982, 2643, 1)
(982, 135, 1)
(984, 986, 1)
(986, 984, 1)
(993, 734, 1)
(993, 1552, 1)
(993, 1559, 1)
(993, 1550, 1)
(997, 3473, 1)
(1004, 507, 1)
(1004, 2595, 1)
(1004, 519, 1)
(1004, 349, 1)
(1007, 875, 1)
(1007, 1421, 1)
(1012, 3290, 1)
(1012, 1398, 1)
(1023, 703, 1)
(1023, 1434, 1)
(1032, 2885, 1)
(1032, 2268, 1)
(1034, 1036, 1)
(1034, 1035, 1)
(1035, 1034, 1)
(1036, 1034, 1)
(1041, 3561, 1)
(1042, 3777, 1)
(1042, 2656, 1)
(1042, 2183, 1)
(1042, 2517, 1)
(1052, 3517, 1)
(1057, 309, 1)
(1057, 311, 1)
(1062, 2983, 1)
(1063, 134, 1)
(1063, 2997, 1)
(1063, 2434, 1)
(1063, 2977, 1)
(1063, 2351, 1)
(1063, 1735, 1)
(1066, 3262, 1)
(1067, 1070, 1)
(1070, 1067, 1)
(1073, 558, 1)
(1073, 1074, 1)
(1073, 1444, 1)
(1073, 1075, 1)
(1073, 314, 1)
(1073, 637, 1)
(1074, 558, 1)
(1074, 1073, 1)
(1074, 1075, 1)
(1075, 1074, 1)
(1075, 1073, 1)
(1084, 496, 1)
(1084, 2493, 1)
(1084, 3153, 1)
(1089, 1090, 1)
(1089, 333, 1)
(1089, 336, 1)
(1090, 1089, 1)
(1090, 336, 1)
(1104, 1107, 1)
(1107, 1104, 1)
(1111, 1580, 1)
(1111, 2447, 1)
(1119, 1120, 1)
(1120, 1119, 1)
(1124, 1459, 1)
(1124, 1461, 1)
(1124, 800, 1)
(1124, 1460, 1)
(1124, 487, 1)
(1124, 1463, 1)
(1124, 1458, 1)
(1131, 1137, 1)
(1131, 1135, 1)
(1131, 713, 1)
(1131, 1134, 1)
(1134, 413, 1)
(1134, 1332, 1)
(1134, 1335, 1)
(1134, 2614, 1)
(1134, 2005, 1)
(1134, 314, 1)
(1134, 1131, 1)
(1134, 1437, 1)
(1134, 2190, 1)
(1135, 605, 1)
(1135, 1131, 1)
(1137, 547, 1)
(1137, 2475, 1)
(1137, 2533, 1)
(1137, 1131, 1)
(1141, 399, 1)
(1146, 1177, 1)
(1146, 328, 1)
(1150, 135, 1)
(1153, 1157, 1)
(1157, 1153, 1)
(1162, 1491, 1)
(1162, 2780, 1)
(1162, 2520, 1)
(1164, 1165, 1)
(1165, 926, 1)
(1165, 1164, 1)
(1165, 937, 1)
(1172, 3696, 1)
(1177, 1146, 1)
(1177, 328, 1)
(1178, 1889, 1)
(1178, 1891, 1)
(1183, 2063, 1)
(1183, 1780, 1)
(1188, 982, 1)
(1192, 3477, 1)
(1195, 3217, 1)
(1195, 594, 1)
(1195, 1735, 1)
(1195, 1846, 1)
(1198, 3420, 1)
(1198, 2702, 1)
(1200, 2702, 1)
(1204, 703, 1)
(1204, 2019, 1)
(1204, 1837, 1)
(1204, 1971, 1)
(1205, 37, 1)
(1205, 139, 1)
(1206, 1207, 1)
(1207, 1463, 1)
(1207, 1206, 1)
(1207, 2694, 1)
(1213, 2134, 1)
(1218, 1219, 1)
(1218, 1791, 1)
(1219, 1218, 1)
(1219, 1791, 1)
(1225, 204, 1)
(1225, 1804, 1)
(1226, 3097, 1)
(1229, 3604, 1)
(1243, 188, 1)
(1248, 3314, 1)
(1248, 188, 1)
(1250, 188, 1)
(1250, 2493, 1)
(1252, 188, 1)
(1252, 321, 1)
(1252, 864, 1)
(1255, 982, 1)
(1258, 266, 1)
(1258, 1429, 1)
(1263, 1326, 1)
(1263, 1269, 1)
(1263, 1263, 1)
(1266, 1268, 1)
(1268, 1266, 1)
(1269, 1263, 1)
(1272, 1273, 1)
(1273, 1272, 1)
(1275, 744, 1)
(1275, 710, 1)
(1275, 2293, 1)
(1275, 2296, 1)
(1275, 2292, 1)
(1275, 139, 1)
(1278, 3519, 1)
(1282, 2087, 1)
(1282, 1981, 1)
(1282, 712, 1)
(1283, 1286, 1)
(1286, 1283, 1)
(1289, 1868, 1)
(1292, 597, 1)
(1292, 196, 1)
(1292, 413, 1)
(1292, 1538, 1)
(1292, 37, 1)
(1292, 302, 1)
(1292, 1673, 1)
(1292, 790, 1)
(1292, 2678, 1)
(1298, 1299, 1)
(1298, 435, 1)
(1299, 1938, 1)
(1299, 1308, 1)
(1299, 1298, 1)
(1299, 435, 1)
(1299, 1303, 1)
(1303, 1938, 1)
(1303, 1299, 1)
(1303, 435, 1)
(1308, 1299, 1)
(1308, 435, 1)
(1311, 2063, 1)
(1311, 1780, 1)
(1311, 1777, 1)
(1313, 579, 1)
(1318, 3420, 1)
(1318, 1571, 1)
(1322, 507, 1)
(1322, 2340, 1)
(1322, 1657, 1)
(1322, 541, 1)
(1322, 2309, 1)
(1326, 1263, 1)
(1332, 597, 1)
(1332, 1134, 1)
(1332, 1335, 1)
(1332, 2614, 1)
(1332, 1437, 1)
(1332, 2190, 1)
(1335, 1568, 1)
(1335, 597, 1)
(1335, 1332, 1)
(1335, 1134, 1)
(1335, 594, 1)
(1335, 2614, 1)
(1335, 1437, 1)
(1335, 2354, 1)
(1335, 2190, 1)
(1346, 1348, 1)
(1346, 2173, 1)
(1348, 2601, 1)
(1348, 1346, 1)
(1358, 3169, 1)
(1358, 1773, 1)
(1363, 3049, 1)
(1363, 800, 1)
(1363, 819, 1)
(1367, 2206, 1)
(1371, 2745, 1)
(1379, 2439, 1)
(1380, 1393, 1)
(1380, 1384, 1)
(1384, 1380, 1)
(1393, 1380, 1)
(1394, 1398, 1)
(1394, 1396, 1)
(1396, 1394, 1)
(1398, 800, 1)
(1398, 1012, 1)
(1398, 1394, 1)
(1402, 3049, 1)
(1413, 375, 1)
(1413, 135, 1)
(1413, 3818, 1)
(1413, 2713, 1)
(1421, 1007, 1)
(1421, 1869, 1)
(1421, 875, 1)
(1429, 1258, 1)
(1434, 1023, 1)
(1437, 2896, 1)
(1437, 1332, 1)
(1437, 1134, 1)
(1437, 594, 1)
(1437, 1335, 1)
(1437, 2614, 1)
(1443, 3542, 1)
(1444, 1073, 1)
(1444, 729, 1)
(1444, 314, 1)
(1447, 3179, 1)
(1447, 397, 1)
(1447, 3638, 1)
(1448, 1708, 1)
(1451, 2432, 1)
(1458, 1124, 1)
(1458, 2931, 1)
(1458, 2754, 1)
(1458, 2678, 1)
(1458, 637, 1)
(1459, 1124, 1)
(1459, 1758, 1)
(1460, 2680, 1)
(1460, 1124, 1)
(1460, 2173, 1)
(1460, 2351, 1)
(1461, 1124, 1)
(1461, 590, 1)
(1461, 2617, 1)
(1463, 1124, 1)
(1463, 1207, 1)
(1463, 2190, 1)
(1469, 523, 1)
(1469, 2414, 1)
(1469, 1837, 1)
(1469, 2743, 1)
(1471, 1550, 1)
(1474, 1477, 1)
(1477, 1474, 1)
(1479, 1846, 1)
(1479, 1487, 1)
(1479, 2678, 1)
(1487, 1479, 1)
(1487, 1489, 1)
(1489, 1487, 1)
(1491, 1162, 1)
(1497, 615, 1)
(1501, 1504, 1)
(1504, 1501, 1)
(1518, 2991, 1)
(1518, 593, 1)
(1519, 593, 1)
(1525, 423, 1)
(1530, 274, 1)
(1530, 1532, 1)
(1532, 274, 1)
(1532, 1530, 1)
(1538, 1292, 1)
(1538, 528, 1)
(1538, 2939, 1)
(1550, 993, 1)
(1550, 1471, 1)
(1551, 413, 1)
(1551, 371, 1)
(1552, 993, 1)
(1559, 993, 1)
(1562, 1563, 1)
(1562, 64, 1)
(1563, 1562, 1)
(1563, 2354, 1)
(1568, 1335, 1)
(1568, 742, 1)
(1571, 2560, 1)
(1571, 1318, 1)
(1577, 3224, 1)
(1578, 2321, 1)
(1580, 1111, 1)
(1596, 3253, 1)
(1599, 3253, 1)
(1600, 1601, 1)
(1600, 1603, 1)
(1601, 1603, 1)
(1601, 1600, 1)
(1603, 2643, 1)
(1603, 1601, 1)
(1603, 139, 1)
(1603, 1600, 1)
(1610, 1611, 1)
(1610, 594, 1)
(1611, 1610, 1)
(1616, 827, 1)
(1629, 1636, 1)
(1629, 1981, 1)
(1629, 712, 1)
(1631, 1636, 1)
(1636, 1631, 1)
(1636, 1981, 1)
(1636, 1629, 1)
(1654, 375, 1)
(1654, 1654, 1)
(1657, 507, 1)
(1657, 324, 1)
(1657, 1322, 1)
(1665, 507, 1)
(1669, 13, 1)
(1669, 8, 1)
(1672, 2598, 1)
(1673, 1292, 1)
(1673, 1677, 1)
(1673, 413, 1)
(1673, 864, 1)
(1677, 1673, 1)
(1686, 3799, 1)
(1688, 1690, 1)
(1690, 1688, 1)
(1698, 237, 1)
(1699, 1703, 1)
(1703, 1699, 1)
(1703, 3454, 1)
(1707, 854, 1)
(1708, 1448, 1)
(1727, 802, 1)
(1727, 136, 1)
(1727, 2753, 1)
(1727, 15, 1)
(1727, 819, 1)
(1735, 1195, 1)
(1735, 1063, 1)
(1736, 1740, 1)
(1740, 1736, 1)
(1758, 1459, 1)
(1758, 1798, 1)
(1758, 1795, 1)
(1759, 615, 1)
(1762, 2875, 1)
(1762, 137, 1)
(1766, 139, 1)
(1773, 3022, 1)
(1773, 2125, 1)
(1773, 1358, 1)
(1777, 1311, 1)
(1780, 1311, 1)
(1780, 2063, 1)
(1780, 1183, 1)
(1791, 1218, 1)
(1791, 1219, 1)
(1795, 1758, 1)
(1798, 1944, 1)
(1798, 1758, 1)
(1800, 1950, 1)
(1803, 3488, 1)
(1804, 802, 1)
(1804, 163, 1)
(1804, 1225, 1)
(1804, 2588, 1)
(1804, 37, 1)
(1804, 135, 1)
(1804, 64, 1)
(1804, 563, 1)
(1804, 819, 1)
(1805, 413, 1)
(1805, 973, 1)
(1809, 2937, 1)
(1809, 3033, 1)
(1810, 371, 1)
(1812, 413, 1)
(1812, 594, 1)
(1812, 2330, 1)
(1812, 302, 1)
(1812, 637, 1)
(1815, 1816, 1)
(1816, 1815, 1)
(1821, 507, 1)
(1821, 1828, 1)
(1828, 507, 1)
(1828, 1821, 1)
(1830, 3040, 1)
(1830, 3264, 1)
(1831, 1835, 1)
(1835, 1831, 1)
(1837, 705, 1)
(1837, 703, 1)
(1837, 1204, 1)
(1837, 2019, 1)
(1837, 1469, 1)
(1839, 1841, 1)
(1841, 1839, 1)
(1846, 1479, 1)
(1846, 1195, 1)
(1853, 1859, 1)
(1859, 3648, 1)
(1859, 1961, 1)
(1859, 3083, 1)
(1859, 2853, 1)
(1859, 2560, 1)
(1859, 1853, 1)
(1861, 685, 1)
(1861, 689, 1)
(1861, 2030, 1)
(1861, 720, 1)
(1863, 2137, 1)
(1863, 605, 1)
(1864, 1866, 1)
(1866, 1864, 1)
(1868, 1289, 1)
(1869, 1421, 1)
(1874, 374, 1)
(1877, 516, 1)
(1881, 1883, 1)
(1883, 1881, 1)
(1889, 507, 1)
(1889, 1178, 1)
(1889, 1891, 1)
(1889, 403, 1)
(1891, 3426, 1)
(1891, 1178, 1)
(1891, 1889, 1)
(1902, 939, 1)
(1918, 3301, 1)
(1931, 507, 1)
(1931, 1933, 1)
(1933, 1931, 1)
(1938, 1299, 1)
(1938, 1303, 1)
(1942, 1944, 1)
(1944, 1798, 1)
(1944, 1942, 1)
(1950, 1800, 1)
(1958, 2195, 1)
(1961, 1859, 1)
(1962, 3119, 1)
(1964, 301, 1)
(1969, 1971, 1)
(1971, 703, 1)
(1971, 1204, 1)
(1971, 1969, 1)
(1971, 854, 1)
(1971, 1971, 1)
(1971, 2196, 1)
(1974, 1979, 1)
(1979, 1974, 1)
(1981, 1636, 1)
(1981, 1629, 1)
(1981, 1282, 1)
(1981, 712, 1)
(1984, 1984, 1)
(1984, 377, 1)
(1995, 2030, 1)
(1995, 2839, 1)
(2001, 2003, 1)
(2003, 2001, 1)
(2005, 2725, 1)
(2005, 1134, 1)
(2005, 2080, 1)
(2012, 163, 1)
(2012, 528, 1)
(2013, 2014, 1)
(2014, 2013, 1)
(2015, 3555, 1)
(2015, 958, 1)
(2016, 705, 1)
(2016, 2019, 1)
(2019, 705, 1)
(2019, 703, 1)
(2019, 1204, 1)
(2019, 1837, 1)
(2019, 2016, 1)
(2019, 2196, 1)
(2020, 2021, 1)
(2021, 2020, 1)
(2023, 533, 1)
(2030, 2214, 1)
(2030, 1995, 1)
(2030, 1861, 1)
(2038, 2039, 1)
(2039, 2038, 1)
(2049, 282, 1)
(2051, 802, 1)
(2051, 276, 1)
(2051, 2959, 1)
(2056, 2057, 1)
(2057, 2056, 1)
(2060, 605, 1)
(2063, 1311, 1)
(2063, 1780, 1)
(2063, 703, 1)
(2063, 1183, 1)
(2063, 2505, 1)
(2078, 2968, 1)
(2080, 802, 1)
(2080, 2005, 1)
(2087, 1282, 1)
(2087, 712, 1)
(2105, 3307, 1)
(2105, 723, 1)
(2107, 324, 1)
(2112, 931, 1)
(2115, 163, 1)
(2115, 2644, 1)
(2115, 982, 1)
(2123, 3653, 1)
(2125, 3022, 1)
(2125, 1773, 1)
(2131, 8, 1)
(2134, 1213, 1)
(2136, 362, 1)
(2137, 1863, 1)
(2137, 2343, 1)
(2138, 507, 1)
(2144, 2980, 1)
(2146, 3724, 1)
(2146, 3552, 1)
(2156, 3270, 1)
(2156, 2403, 1)
(2156, 2158, 1)
(2158, 2156, 1)
(2160, 765, 1)
(2163, 3872, 1)
(2169, 528, 1)
(2173, 2680, 1)
(2173, 1460, 1)
(2173, 134, 1)
(2173, 1346, 1)
(2173, 2351, 1)
(2183, 1042, 1)
(2190, 1332, 1)
(2190, 1134, 1)
(2190, 1335, 1)
(2190, 1463, 1)
(2192, 273, 1)
(2195, 3338, 1)
(2195, 1958, 1)
(2195, 2499, 1)
(2195, 742, 1)
(2196, 2019, 1)
(2196, 1971, 1)
(2196, 536, 1)
(2205, 2206, 1)
(2206, 1367, 1)
(2206, 3712, 1)
(2206, 2205, 1)
(2209, 2627, 1)
(2214, 2030, 1)
(2217, 2219, 1)
(2217, 597, 1)
(2219, 2217, 1)
(2228, 2229, 1)
(2229, 2228, 1)
(2237, 2763, 1)
(2240, 3296, 1)
(2241, 2243, 1)
(2243, 2776, 1)
(2243, 2241, 1)
(2250, 3840, 1)
(2253, 139, 1)
(2254, 800, 1)
(2254, 523, 1)
(2254, 764, 1)
(2257, 3247, 1)
(2260, 2261, 1)
(2261, 2260, 1)
(2262, 2678, 1)
(2266, 2277, 1)
(2268, 1032, 1)
(2277, 2266, 1)
(2281, 2284, 1)
(2284, 2281, 1)
(2292, 1275, 1)
(2293, 2698, 1)
(2293, 1275, 1)
(2296, 1275, 1)
(2309, 1322, 1)
(2313, 894, 1)
(2313, 3377, 1)
(2318, 579, 1)
(2321, 1578, 1)
(2324, 3316, 1)
(2330, 1812, 1)
(2330, 136, 1)
(2330, 713, 1)
(2330, 134, 1)
(2330, 135, 1)
(2335, 3129, 1)
(2335, 3245, 1)
(2335, 601, 1)
(2335, 3567, 1)
(2340, 1322, 1)
(2342, 2343, 1)
(2343, 2137, 1)
(2343, 2342, 1)
(2351, 1460, 1)
(2351, 134, 1)
(2351, 2173, 1)
(2351, 1063, 1)
(2354, 1563, 1)
(2354, 413, 1)
(2354, 1335, 1)
(2363, 2496, 1)
(2383, 530, 1)
(2388, 605, 1)
(2388, 594, 1)
(2394, 2734, 1)
(2395, 507, 1)
(2397, 2399, 1)
(2399, 2397, 1)
(2403, 2156, 1)
(2404, 3606, 1)
(2406, 2882, 1)
(2411, 766, 1)
(2414, 1469, 1)
(2417, 3090, 1)
(2432, 1451, 1)
(2434, 1063, 1)
(2439, 2867, 1)
(2439, 1379, 1)
(2439, 2866, 1)
(2443, 802, 1)
(2447, 3314, 1)
(2447, 50, 1)
(2447, 1111, 1)
(2450, 2454, 1)
(2454, 2450, 1)
(2458, 3784, 1)
(2464, 731, 1)
(2466, 135, 1)
(2466, 160, 1)
(2470, 2484, 1)
(2475, 1137, 1)
(2476, 2478, 1)
(2476, 2477, 1)
(2477, 2476, 1)
(2478, 2775, 1)
(2478, 2476, 1)
(2480, 2481, 1)
(2481, 2480, 1)
(2484, 2489, 1)
(2484, 2470, 1)
(2489, 2484, 1)
(2492, 3086, 1)
(2492, 3087, 1)
(2493, 1250, 1)
(2493, 1084, 1)
(2496, 2363, 1)
(2499, 375, 1)
(2499, 2195, 1)
(2502, 2503, 1)
(2503, 2502, 1)
(2505, 2063, 1)
(2517, 2656, 1)
(2517, 1042, 1)
(2517, 713, 1)
(2520, 1162, 1)
(2533, 1137, 1)
(2533, 800, 1)
(2537, 3292, 1)
(2541, 3582, 1)
(2553, 3492, 1)
(2560, 1859, 1)
(2560, 1571, 1)
(2573, 2776, 1)
(2581, 2583, 1)
(2583, 2581, 1)
(2587, 563, 1)
(2588, 3001, 1)
(2588, 1804, 1)
(2595, 1004, 1)
(2595, 2803, 1)
(2598, 1672, 1)
(2601, 1348, 1)
(2608, 2959, 1)
(2614, 1332, 1)
(2614, 1134, 1)
(2614, 1335, 1)
(2614, 1437, 1)
(2617, 1461, 1)
(2617, 590, 1)
(2621, 2623, 1)
(2623, 2621, 1)
(2627, 2209, 1)
(2643, 2823, 1)
(2643, 982, 1)
(2643, 1603, 1)
(2643, 139, 1)
(2644, 2115, 1)
(2644, 982, 1)
(2656, 1042, 1)
(2656, 2517, 1)
(2657, 516, 1)
(2657, 2951, 1)
(2662, 598, 1)
(2671, 714, 1)
(2673, 2674, 1)
(2674, 2673, 1)
(2678, 1292, 1)
(2678, 2262, 1)
(2678, 1479, 1)
(2678, 787, 1)
(2678, 1458, 1)
(2680, 1460, 1)
(2680, 2173, 1)
(2694, 1207, 1)
(2698, 2293, 1)
(2702, 1198, 1)
(2702, 1200, 1)
(2713, 2748, 1)
(2713, 1413, 1)
(2714, 3844, 1)
(2714, 3011, 1)
(2725, 2005, 1)
(2729, 2730, 1)
(2730, 2742, 1)
(2730, 2729, 1)
(2734, 2394, 1)
(2737, 2738, 1)
(2738, 2737, 1)
(2742, 2730, 1)
(2743, 523, 1)
(2743, 764, 1)
(2743, 1469, 1)
(2745, 1371, 1)
(2748, 2713, 1)
(2753, 1727, 1)
(2753, 276, 1)
(2753, 3656, 1)
(2753, 372, 1)
(2753, 2754, 1)
(2754, 802, 1)
(2754, 2753, 1)
(2754, 1458, 1)
(2763, 2237, 1)
(2764, 703, 1)
(2765, 2766, 1)
(2766, 2765, 1)
(2769, 3059, 1)
(2775, 2478, 1)
(2776, 2243, 1)
(2776, 2573, 1)
(2779, 3663, 1)
(2780, 1162, 1)
(2783, 3458, 1)
(2795, 2797, 1)
(2797, 2795, 1)
(2800, 193, 1)
(2803, 2595, 1)
(2817, 397, 1)
(2820, 2843, 1)
(2823, 2643, 1)
(2823, 139, 1)
(2826, 2828, 1)
(2828, 2826, 1)
(2836, 2837, 1)
(2837, 2836, 1)
(2839, 1995, 1)
(2842, 204, 1)
(2842, 3812, 1)
(2843, 2820, 1)
(2852, 953, 1)
(2853, 1859, 1)
(2866, 2867, 1)
(2866, 2439, 1)
(2867, 2439, 1)
(2867, 2866, 1)
(2875, 1762, 1)
(2878, 2879, 1)
(2879, 2878, 1)
(2882, 2406, 1)
(2885, 1032, 1)
(2896, 413, 1)
(2896, 1437, 1)
(2915, 3396, 1)
(2923, 516, 1)
(2931, 1458, 1)
(2934, 685, 1)
(2937, 1809, 1)
(2937, 413, 1)
(2937, 3033, 1)
(2939, 1538, 1)
(2944, 3412, 1)
(2946, 659, 1)
(2946, 2948, 1)
(2948, 2946, 1)
(2951, 2657, 1)
(2959, 2608, 1)
(2959, 2051, 1)
(2959, 712, 1)
(2968, 2078, 1)
(2968, 3192, 1)
(2977, 50, 1)
(2977, 819, 1)
(2977, 1063, 1)
(2980, 2144, 1)
(2983, 413, 1)
(2983, 2985, 1)
(2983, 1062, 1)
(2985, 2983, 1)
(2991, 1518, 1)
(2991, 593, 1)
(2997, 1063, 1)
(3001, 2588, 1)
(3001, 413, 1)
(3006, 3009, 1)
(3009, 3006, 1)
(3011, 2714, 1)
(3022, 2125, 1)
(3022, 1773, 1)
(3030, 910, 1)
(3032, 864, 1)
(3033, 1809, 1)
(3033, 2937, 1)
(3040, 1830, 1)
(3041, 3393, 1)
(3044, 3223, 1)
(3049, 1402, 1)
(3049, 1363, 1)
(3055, 496, 1)
(3059, 2769, 1)
(3072, 966, 1)
(3083, 1859, 1)
(3086, 2492, 1)
(3086, 3087, 1)
(3087, 3086, 1)
(3087, 2492, 1)
(3090, 2417, 1)
(3090, 3091, 1)
(3091, 3675, 1)
(3091, 3090, 1)
(3097, 1226, 1)
(3099, 601, 1)
(3103, 749, 1)
(3105, 3108, 1)
(3108, 3517, 1)
(3108, 3105, 1)
(3110, 3111, 1)
(3111, 3110, 1)
(3116, 3117, 1)
(3117, 3806, 1)
(3117, 3116, 1)
(3119, 1962, 1)
(3119, 3471, 1)
(3120, 314, 1)
(3129, 2335, 1)
(3130, 3130, 1)
(3131, 3594, 1)
(3153, 1084, 1)
(3165, 703, 1)
(3169, 1358, 1)
(3179, 1447, 1)
(3192, 2968, 1)
(3207, 3273, 1)
(3216, 3882, 1)
(3217, 413, 1)
(3217, 1195, 1)
(3223, 3044, 1)
(3224, 1577, 1)
(3232, 3521, 1)
(3236, 3552, 1)
(3245, 2335, 1)
(3247, 2257, 1)
(3248, 875, 1)
(3250, 3670, 1)
(3253, 3303, 1)
(3253, 1599, 1)
(3253, 1596, 1)
(3262, 1066, 1)
(3264, 1830, 1)
(3270, 2156, 1)
(3273, 3207, 1)
(3277, 2, 1)
(3287, 3601, 1)
(3290, 1012, 1)
(3292, 2537, 1)
(3296, 2240, 1)
(3301, 1918, 1)
(3303, 3253, 1)
(3307, 2105, 1)
(3314, 1248, 1)
(3314, 2447, 1)
(3316, 2324, 1)
(3325, 324, 1)
(3332, 3333, 1)
(3333, 3332, 1)
(3338, 2195, 1)
(3352, 3878, 1)
(3354, 661, 1)
(3361, 3730, 1)
(3377, 2313, 1)
(3393, 3041, 1)
(3396, 2915, 1)
(3405, 973, 1)
(3412, 2944, 1)
(3416, 3417, 1)
(3417, 3416, 1)
(3419, 3856, 1)
(3420, 1198, 1)
(3420, 388, 1)
(3420, 1318, 1)
(3422, 533, 1)
(3426, 1891, 1)
(3454, 1703, 1)
(3458, 2783, 1)
(3465, 3555, 1)
(3470, 3827, 1)
(3471, 3119, 1)
(3473, 997, 1)
(3477, 1192, 1)
(3487, 937, 1)
(3488, 1803, 1)
(3492, 2553, 1)
(3517, 3108, 1)
(3517, 1052, 1)
(3519, 1278, 1)
(3521, 3232, 1)
(3523, 137, 1)
(3532, 3739, 1)
(3542, 1443, 1)
(3544, 3544, 1)
(3550, 606, 1)
(3552, 2146, 1)
(3552, 3236, 1)
(3554, 720, 1)
(3555, 3465, 1)
(3555, 2015, 1)
(3555, 958, 1)
(3558, 3559, 1)
(3559, 3558, 1)
(3561, 1041, 1)
(3563, 3704, 1)
(3567, 2335, 1)
(3574, 3576, 1)
(3576, 3574, 1)
(3582, 2541, 1)
(3594, 3131, 1)
(3601, 3287, 1)
(3604, 1229, 1)
(3606, 2404, 1)
(3608, 3609, 1)
(3609, 3608, 1)
(3619, 413, 1)
(3627, 3628, 1)
(3628, 3627, 1)
(3638, 1447, 1)
(3643, 3801, 1)
(3648, 1859, 1)
(3653, 2123, 1)
(3656, 2753, 1)
(3663, 2779, 1)
(3670, 3250, 1)
(3673, 3674, 1)
(3674, 3673, 1)
(3675, 3091, 1)
(3678, 3681, 1)
(3681, 3678, 1)
(3696, 1172, 1)
(3699, 615, 1)
(3704, 3563, 1)
(3705, 3706, 1)
(3706, 3705, 1)
(3710, 937, 1)
(3712, 2206, 1)
(3721, 593, 1)
(3724, 2146, 1)
(3724, 624, 1)
(3728, 3875, 1)
(3730, 3361, 1)
(3739, 3532, 1)
(3777, 1042, 1)
(3784, 2458, 1)
(3799, 1686, 1)
(3801, 3643, 1)
(3806, 3117, 1)
(3812, 2842, 1)
(3818, 1413, 1)
(3821, 3822, 1)
(3822, 3821, 1)
(3827, 3470, 1)
(3830, 3831, 1)
(3831, 3830, 1)
(3837, 928, 1)
(3840, 2250, 1)
(3844, 2714, 1)
(3851, 433, 1)
(3856, 3419, 1)
(3872, 2163, 1)
(3875, 3728, 1)
(3878, 3352, 1)
(3879, 3879, 1)
(3882, 3216, 1)
solution_external_edges:
(0, 2, 1)
(1, 3544, 1)
(3, 3653, 1)
(4, 1134, 1)
(5, 13, 1)
(6, 13, 1)
(7, 375, 1)
(9, 13, 1)
(10, 802, 1)
(11, 547, 1)
(12, 13, 1)
(14, 1654, 1)
(17, 13, 1)
(18, 13, 1)
(19, 2087, 1)
(20, 13, 1)
(22, 24, 1)
(23, 21, 1)
(25, 413, 1)
(26, 74, 1)
(27, 74, 1)
(28, 74, 1)
(29, 74, 1)
(30, 74, 1)
(31, 74, 1)
(32, 74, 1)
(33, 163, 1)
(34, 74, 1)
(35, 74, 1)
(36, 74, 1)
(38, 74, 1)
(39, 74, 1)
(40, 74, 1)
(41, 74, 1)
(42, 74, 1)
(43, 74, 1)
(44, 74, 1)
(45, 74, 1)
(46, 74, 1)
(47, 74, 1)
(48, 74, 1)
(49, 74, 1)
(51, 74, 1)
(52, 74, 1)
(53, 74, 1)
(54, 74, 1)
(55, 74, 1)
(56, 74, 1)
(57, 74, 1)
(58, 74, 1)
(59, 74, 1)
(60, 74, 1)
(61, 74, 1)
(62, 74, 1)
(63, 74, 1)
(65, 74, 1)
(67, 74, 1)
(69, 74, 1)
(70, 74, 1)
(71, 74, 1)
(72, 74, 1)
(73, 74, 1)
(75, 74, 1)
(76, 74, 1)
(77, 74, 1)
(78, 74, 1)
(79, 74, 1)
(80, 74, 1)
(81, 74, 1)
(82, 74, 1)
(83, 74, 1)
(84, 74, 1)
(85, 74, 1)
(86, 74, 1)
(87, 74, 1)
(88, 74, 1)
(89, 74, 1)
(90, 74, 1)
(91, 74, 1)
(92, 93, 1)
(94, 93, 1)
(96, 99, 1)
(97, 107, 1)
(98, 95, 1)
(100, 107, 1)
(101, 95, 1)
(102, 107, 1)
(103, 95, 1)
(104, 107, 1)
(105, 99, 1)
(106, 107, 1)
(108, 95, 1)
(109, 107, 1)
(110, 99, 1)
(111, 107, 1)
(112, 99, 1)
(113, 99, 1)
(114, 107, 1)
(115, 2944, 1)
(116, 1192, 1)
(117, 107, 1)
(118, 107, 1)
(119, 107, 1)
(120, 107, 1)
(121, 99, 1)
(122, 99, 1)
(123, 413, 1)
(124, 99, 1)
(125, 95, 1)
(126, 99, 1)
(128, 99, 1)
(129, 107, 1)
(130, 107, 1)
(131, 95, 1)
(132, 99, 1)
(133, 136, 1)
(138, 139, 1)
(140, 2014, 1)
(141, 143, 1)
(142, 143, 1)
(144, 143, 1)
(145, 143, 1)
(146, 143, 1)
(147, 143, 1)
(148, 143, 1)
(149, 143, 1)
(150, 143, 1)
(151, 143, 1)
(152, 143, 1)
(153, 143, 1)
(154, 143, 1)
(155, 143, 1)
(156, 143, 1)
(157, 143, 1)
(158, 143, 1)
(159, 143, 1)
(161, 163, 1)
(162, 163, 1)
(164, 301, 1)
(165, 163, 1)
(166, 301, 1)
(168, 163, 1)
(169, 163, 1)
(170, 301, 1)
(171, 163, 1)
(172, 163, 1)
(173, 301, 1)
(174, 301, 1)
(175, 301, 1)
(176, 301, 1)
(177, 163, 1)
(178, 301, 1)
(179, 163, 1)
(180, 301, 1)
(181, 163, 1)
(182, 802, 1)
(183, 50, 1)
(184, 301, 1)
(185, 188, 1)
(186, 188, 1)
(187, 188, 1)
(189, 188, 1)
(190, 188, 1)
(191, 188, 1)
(192, 188, 1)
(195, 68, 1)
(197, 68, 1)
(198, 68, 1)
(199, 1292, 1)
(200, 202, 1)
(201, 202, 1)
(203, 204, 1)
(205, 204, 1)
(206, 204, 1)
(207, 204, 1)
(208, 143, 1)
(209, 143, 1)
(210, 143, 1)
(211, 204, 1)
(212, 204, 1)
(213, 204, 1)
(214, 204, 1)
(215, 204, 1)
(216, 204, 1)
(217, 204, 1)
(218, 204, 1)
(219, 204, 1)
(220, 204, 1)
(222, 143, 1)
(223, 204, 1)
(224, 204, 1)
(225, 143, 1)
(226, 204, 1)
(227, 204, 1)
(228, 204, 1)
(229, 143, 1)
(230, 204, 1)
(231, 204, 1)
(232, 204, 1)
(234, 204, 1)
(235, 233, 1)
(236, 204, 1)
(238, 204, 1)
(239, 204, 1)
(240, 204, 1)
(241, 204, 1)
(242, 204, 1)
(243, 188, 1)
(244, 188, 1)
(245, 188, 1)
(246, 188, 1)
(247, 188, 1)
(248, 251, 1)
(249, 252, 1)
(250, 251, 1)
(253, 251, 1)
(256, 257, 1)
(258, 259, 1)
(260, 259, 1)
(261, 259, 1)
(263, 259, 1)
(264, 266, 1)
(265, 1258, 1)
(267, 266, 1)
(268, 266, 1)
(270, 605, 1)
(271, 2192, 1)
(272, 24, 1)
(275, 2192, 1)
(277, 269, 1)
(278, 269, 1)
(279, 269, 1)
(280, 282, 1)
(281, 1177, 1)
(283, 99, 1)
(284, 99, 1)
(285, 99, 1)
(286, 99, 1)
(287, 99, 1)
(288, 99, 1)
(289, 1124, 1)
(290, 99, 1)
(291, 99, 1)
(292, 99, 1)
(293, 99, 1)
(294, 99, 1)
(295, 99, 1)
(296, 127, 1)
(297, 301, 1)
(298, 301, 1)
(299, 135, 1)
(300, 1538, 1)
(303, 135, 1)
(304, 1964, 1)
(305, 1964, 1)
(306, 309, 1)
(307, 309, 1)
(308, 311, 1)
(310, 309, 1)
(312, 309, 1)
(313, 309, 1)
(315, 202, 1)
(316, 202, 1)
(317, 314, 1)
(318, 321, 1)
(319, 3420, 1)
(320, 1252, 1)
(322, 324, 1)
(323, 1146, 1)
(325, 1177, 1)
(326, 2502, 1)
(327, 507, 1)
(329, 507, 1)
(330, 333, 1)
(331, 1089, 1)
(332, 1688, 1)
(334, 1089, 1)
(335, 1089, 1)
(337, 1090, 1)
(338, 1089, 1)
(339, 1089, 1)
(340, 1090, 1)
(341, 1089, 1)
(342, 343, 1)
(344, 143, 1)
(345, 143, 1)
(346, 349, 1)
(347, 2595, 1)
(348, 2595, 1)
(350, 353, 1)
(351, 714, 1)
(352, 1007, 1)
(354, 714, 1)
(356, 547, 1)
(357, 362, 1)
(358, 355, 1)
(359, 362, 1)
(360, 1447, 1)
(361, 1447, 1)
(363, 364, 1)
(365, 364, 1)
(366, 364, 1)
(367, 371, 1)
(368, 1551, 1)
(370, 371, 1)
(373, 375, 1)
(376, 377, 1)
(379, 378, 1)
(380, 378, 1)
(381, 378, 1)
(382, 378, 1)
(384, 378, 1)
(385, 378, 1)
(386, 378, 1)
(387, 378, 1)
(389, 378, 1)
(390, 378, 1)
(391, 2209, 1)
(392, 378, 1)
(395, 397, 1)
(400, 1762, 1)
(401, 398, 1)
(402, 409, 1)
(404, 409, 1)
(405, 798, 1)
(406, 409, 1)
(407, 598, 1)
(408, 409, 1)
(410, 413, 1)
(411, 2713, 1)
(412, 413, 1)
(415, 1292, 1)
(416, 423, 1)
(417, 423, 1)
(418, 1525, 1)
(419, 423, 1)
(420, 423, 1)
(421, 1525, 1)
(422, 1525, 1)
(424, 1525, 1)
(425, 423, 1)
(426, 1525, 1)
(427, 1525, 1)
(428, 423, 1)
(429, 433, 1)
(430, 433, 1)
(431, 433, 1)
(432, 433, 1)
(434, 435, 1)
(436, 441, 1)
(437, 143, 1)
(439, 1538, 1)
(440, 413, 1)
(442, 143, 1)
(443, 204, 1)
(444, 204, 1)
(445, 204, 1)
(446, 143, 1)
(447, 143, 1)
(448, 204, 1)
(449, 204, 1)
(450, 143, 1)
(451, 204, 1)
(452, 143, 1)
(453, 204, 1)
(454, 204, 1)
(455, 204, 1)
(456, 143, 1)
(457, 143, 1)
(458, 204, 1)
(459, 204, 1)
(460, 462, 1)
(461, 462, 1)
(463, 1447, 1)
(464, 462, 1)
(465, 462, 1)
(468, 188, 1)
(469, 471, 1)
(470, 2828, 1)
(472, 259, 1)
(473, 259, 1)
(474, 259, 1)
(475, 259, 1)
(476, 259, 1)
(478, 259, 1)
(479, 259, 1)
(480, 259, 1)
(481, 259, 1)
(482, 259, 1)
(483, 259, 1)
(484, 259, 1)
(485, 259, 1)
(486, 487, 1)
(488, 487, 1)
(489, 375, 1)
(490, 1292, 1)
(491, 615, 1)
(492, 916, 1)
(493, 916, 1)
(495, 494, 1)
(497, 494, 1)
(498, 494, 1)
(499, 494, 1)
(500, 494, 1)
(501, 494, 1)
(502, 494, 1)
(503, 494, 1)
(504, 507, 1)
(505, 507, 1)
(506, 507, 1)
(508, 507, 1)
(510, 509, 1)
(511, 1657, 1)
(512, 509, 1)
(513, 507, 1)
(514, 516, 1)
(515, 516, 1)
(517, 519, 1)
(518, 1004, 1)
(522, 520, 1)
(524, 520, 1)
(525, 520, 1)
(526, 528, 1)
(527, 528, 1)
(531, 529, 1)
(532, 462, 1)
(534, 2776, 1)
(535, 536, 1)
(537, 1393, 1)
(538, 685, 1)
(539, 362, 1)
(540, 362, 1)
(542, 2340, 1)
(543, 507, 1)
(544, 362, 1)
(545, 362, 1)
(546, 1657, 1)
(548, 558, 1)
(549, 558, 1)
(550, 2944, 1)
(551, 558, 1)
(552, 558, 1)
(553, 558, 1)
(554, 558, 1)
(555, 558, 1)
(556, 558, 1)
(557, 558, 1)
(559, 558, 1)
(561, 558, 1)
(562, 413, 1)
(564, 409, 1)
(565, 571, 1)
(566, 571, 1)
(567, 409, 1)
(568, 409, 1)
(569, 571, 1)
(570, 409, 1)
(572, 409, 1)
(573, 571, 1)
(574, 409, 1)
(575, 571, 1)
(576, 409, 1)
(577, 441, 1)
(578, 579, 1)
(580, 579, 1)
(581, 579, 1)
(582, 1313, 1)
(583, 579, 1)
(584, 579, 1)
(585, 309, 1)
(587, 586, 1)
(589, 590, 1)
(591, 593, 1)
(592, 2991, 1)
(595, 68, 1)
(596, 68, 1)
(599, 68, 1)
(600, 601, 1)
(602, 605, 1)
(603, 547, 1)
(604, 2680, 1)
(607, 802, 1)
(608, 1131, 1)
(609, 375, 1)
(610, 375, 1)
(612, 1759, 1)
(614, 802, 1)
(616, 1759, 1)
(617, 1759, 1)
(618, 68, 1)
(619, 68, 1)
(620, 68, 1)
(621, 68, 1)
(622, 68, 1)
(623, 68, 1)
(625, 68, 1)
(626, 68, 1)
(627, 68, 1)
(628, 68, 1)
(629, 107, 1)
(630, 107, 1)
(631, 107, 1)
(632, 107, 1)
(633, 107, 1)
(634, 107, 1)
(635, 107, 1)
(636, 107, 1)
(638, 507, 1)
(640, 507, 1)
(641, 507, 1)
(642, 507, 1)
(643, 507, 1)
(644, 744, 1)
(645, 507, 1)
(646, 507, 1)
(647, 507, 1)
(648, 507, 1)
(649, 507, 1)
(650, 507, 1)
(651, 1657, 1)
(652, 1263, 1)
(653, 507, 1)
(654, 2107, 1)
(655, 507, 1)
(657, 507, 1)
(658, 659, 1)
(660, 662, 1)
(663, 659, 1)
(664, 659, 1)
(665, 2553, 1)
(666, 560, 1)
(667, 673, 1)
(668, 673, 1)
(669, 673, 1)
(670, 673, 1)
(672, 671, 1)
(674, 671, 1)
(675, 673, 1)
(677, 685, 1)
(678, 685, 1)
(679, 685, 1)
(680, 676, 1)
(681, 689, 1)
(682, 689, 1)
(683, 685, 1)
(684, 685, 1)
(686, 676, 1)
(687, 689, 1)
(688, 676, 1)
(690, 676, 1)
(691, 2915, 1)
(692, 685, 1)
(693, 689, 1)
(694, 689, 1)
(695, 2915, 1)
(696, 685, 1)
(697, 676, 1)
(698, 3049, 1)
(699, 676, 1)
(700, 685, 1)
(701, 802, 1)
(702, 705, 1)
(704, 705, 1)
(706, 703, 1)
(707, 705, 1)
(708, 1204, 1)
(709, 710, 1)
(711, 713, 1)
(715, 353, 1)
(716, 2313, 1)
(717, 718, 1)
(719, 720, 1)
(721, 723, 1)
(722, 2105, 1)
(724, 2105, 1)
(725, 2105, 1)
(726, 2105, 1)
(727, 731, 1)
(728, 1205, 1)
(730, 3606, 1)
(732, 3521, 1)
(733, 397, 1)
(735, 1950, 1)
(736, 68, 1)
(737, 739, 1)
(738, 802, 1)
(740, 375, 1)
(741, 2499, 1)
(743, 744, 1)
(745, 744, 1)
(746, 507, 1)
(747, 1821, 1)
(748, 1657, 1)
(750, 309, 1)
(751, 961, 1)
(752, 2803, 1)
(753, 3103, 1)
(754, 3103, 1)
(755, 507, 1)
(756, 766, 1)
(757, 766, 1)
(758, 766, 1)
(759, 766, 1)
(760, 766, 1)
(761, 766, 1)
(762, 766, 1)
(763, 766, 1)
(767, 766, 1)
(768, 766, 1)
(769, 766, 1)
(770, 766, 1)
(771, 766, 1)
(772, 766, 1)
(773, 139, 1)
(774, 764, 1)
(775, 1292, 1)
(776, 779, 1)
(777, 779, 1)
(778, 779, 1)
(780, 779, 1)
(781, 779, 1)
(782, 783, 1)
(784, 779, 1)
(785, 593, 1)
(786, 787, 1)
(788, 790, 1)
(789, 790, 1)
(791, 790, 1)
(792, 790, 1)
(793, 790, 1)
(794, 790, 1)
(795, 790, 1)
(796, 68, 1)
(797, 74, 1)
(799, 798, 1)
(801, 798, 1)
(803, 68, 1)
(804, 68, 1)
(805, 68, 1)
(806, 68, 1)
(807, 68, 1)
(808, 68, 1)
(809, 68, 1)
(810, 802, 1)
(811, 563, 1)
(812, 734, 1)
(813, 802, 1)
(814, 802, 1)
(815, 2769, 1)
(816, 802, 1)
(817, 563, 1)
(818, 204, 1)
(820, 734, 1)
(821, 802, 1)
(822, 802, 1)
(823, 563, 1)
(824, 802, 1)
(825, 802, 1)
(826, 563, 1)
(828, 973, 1)
(830, 802, 1)
(831, 802, 1)
(832, 802, 1)
(833, 802, 1)
(835, 802, 1)
(836, 563, 1)
(837, 563, 1)
(838, 413, 1)
(839, 1402, 1)
(840, 563, 1)
(841, 563, 1)
(842, 802, 1)
(843, 802, 1)
(844, 1460, 1)
(845, 827, 1)
(846, 802, 1)
(848, 764, 1)
(849, 1707, 1)
(850, 1707, 1)
(851, 1707, 1)
(852, 2214, 1)
(853, 1707, 1)
(855, 1707, 1)
(856, 1707, 1)
(857, 859, 1)
(858, 859, 1)
(860, 859, 1)
(861, 864, 1)
(862, 864, 1)
(863, 864, 1)
(865, 864, 1)
(866, 864, 1)
(867, 864, 1)
(868, 864, 1)
(869, 864, 1)
(870, 864, 1)
(871, 864, 1)
(872, 560, 1)
(874, 873, 1)
(876, 873, 1)
(877, 1869, 1)
(878, 188, 1)
(879, 188, 1)
(880, 188, 1)
(881, 2828, 1)
(882, 188, 1)
(883, 802, 1)
(884, 188, 1)
(885, 188, 1)
(886, 188, 1)
(887, 188, 1)
(889, 188, 1)
(891, 188, 1)
(892, 188, 1)
(893, 894, 1)
(895, 894, 1)
(896, 894, 1)
(898, 897, 1)
(899, 897, 1)
(900, 897, 1)
(901, 507, 1)
(902, 507, 1)
(903, 897, 1)
(904, 507, 1)
(905, 897, 1)
(906, 897, 1)
(907, 507, 1)
(908, 910, 1)
(909, 3030, 1)
(914, 516, 1)
(915, 516, 1)
(917, 594, 1)
(918, 375, 1)
(919, 916, 1)
(920, 615, 1)
(921, 611, 1)
(922, 916, 1)
(923, 374, 1)
(924, 916, 1)
(925, 926, 1)
(927, 928, 1)
(929, 931, 1)
(930, 2112, 1)
(932, 2112, 1)
(933, 2112, 1)
(934, 2112, 1)
(935, 937, 1)
(936, 3710, 1)
(938, 939, 1)
(940, 834, 1)
(941, 834, 1)
(942, 953, 1)
(943, 413, 1)
(944, 413, 1)
(945, 953, 1)
(946, 413, 1)
(947, 2852, 1)
(948, 413, 1)
(950, 953, 1)
(951, 953, 1)
(952, 953, 1)
(954, 953, 1)
(955, 953, 1)
(956, 958, 1)
(957, 958, 1)
(959, 958, 1)
(960, 2015, 1)
(962, 961, 1)
(965, 961, 1)
(968, 221, 1)
(969, 973, 1)
(970, 1727, 1)
(971, 973, 1)
(972, 802, 1)
(974, 982, 1)
(975, 2537, 1)
(976, 2644, 1)
(977, 188, 1)
(978, 2115, 1)
(979, 2115, 1)
(980, 2115, 1)
(981, 1780, 1)
(983, 1162, 1)
(985, 984, 1)
(987, 984, 1)
(988, 984, 1)
(989, 984, 1)
(990, 984, 1)
(991, 984, 1)
(992, 993, 1)
(994, 703, 1)
(995, 1551, 1)
(996, 997, 1)
(998, 507, 1)
(999, 507, 1)
(1000, 507, 1)
(1001, 507, 1)
(1002, 507, 1)
(1003, 349, 1)
(1005, 507, 1)
(1006, 1007, 1)
(1008, 875, 1)
(1009, 1012, 1)
(1010, 3290, 1)
(1011, 3290, 1)
(1013, 68, 1)
(1014, 68, 1)
(1015, 68, 1)
(1016, 2063, 1)
(1017, 703, 1)
(1018, 594, 1)
(1019, 68, 1)
(1020, 68, 1)
(1021, 68, 1)
(1022, 703, 1)
(1024, 68, 1)
(1025, 579, 1)
(1026, 939, 1)
(1027, 1032, 1)
(1028, 3555, 1)
(1029, 3117, 1)
(1030, 3117, 1)
(1031, 3117, 1)
(1033, 802, 1)
(1037, 1034, 1)
(1038, 1034, 1)
(1039, 1042, 1)
(1040, 1042, 1)
(1043, 533, 1)
(1044, 2023, 1)
(1045, 1800, 1)
(1046, 2023, 1)
(1047, 2277, 1)
(1048, 2023, 1)
(1049, 2023, 1)
(1050, 2023, 1)
(1051, 1052, 1)
(1053, 685, 1)
(1054, 309, 1)
(1055, 309, 1)
(1056, 309, 1)
(1058, 413, 1)
(1059, 1551, 1)
(1060, 1551, 1)
(1061, 1062, 1)
(1064, 163, 1)
(1065, 163, 1)
(1068, 1067, 1)
(1069, 2484, 1)
(1071, 1074, 1)
(1072, 558, 1)
(1076, 1074, 1)
(1077, 558, 1)
(1078, 1074, 1)
(1079, 558, 1)
(1080, 413, 1)
(1081, 1074, 1)
(1082, 615, 1)
(1083, 1084, 1)
(1085, 1089, 1)
(1086, 1089, 1)
(1087, 336, 1)
(1088, 333, 1)
(1091, 1089, 1)
(1092, 1090, 1)
(1093, 1089, 1)
(1094, 1089, 1)
(1095, 333, 1)
(1096, 1089, 1)
(1097, 333, 1)
(1098, 1107, 1)
(1099, 1107, 1)
(1100, 1107, 1)
(1101, 1107, 1)
(1102, 1107, 1)
(1103, 710, 1)
(1105, 802, 1)
(1106, 1707, 1)
(1108, 1107, 1)
(1109, 1107, 1)
(1110, 1111, 1)
(1112, 766, 1)
(1113, 251, 1)
(1114, 188, 1)
(1115, 1243, 1)
(1116, 188, 1)
(1117, 1119, 1)
(1118, 718, 1)
(1121, 1119, 1)
(1122, 1119, 1)
(1123, 1459, 1)
(1125, 1205, 1)
(1126, 1459, 1)
(1127, 441, 1)
(1128, 563, 1)
(1129, 1459, 1)
(1130, 1459, 1)
(1132, 1131, 1)
(1133, 605, 1)
(1136, 301, 1)
(1138, 1131, 1)
(1139, 597, 1)
(1140, 1141, 1)
(1142, 135, 1)
(1143, 605, 1)
(1144, 1146, 1)
(1145, 1177, 1)
(1147, 1177, 1)
(1148, 1177, 1)
(1149, 1150, 1)
(1151, 413, 1)
(1152, 637, 1)
(1154, 1157, 1)
(1155, 1157, 1)
(1156, 1153, 1)
(1158, 1157, 1)
(1159, 1157, 1)
(1160, 1162, 1)
(1161, 1491, 1)
(1163, 1491, 1)
(1166, 1164, 1)
(1167, 1487, 1)
(1168, 3696, 1)
(1169, 611, 1)
(1170, 328, 1)
(1171, 3696, 1)
(1173, 2146, 1)
(1174, 393, 1)
(1175, 394, 1)
(1176, 324, 1)
(1179, 1146, 1)
(1180, 507, 1)
(1181, 1188, 1)
(1182, 982, 1)
(1184, 1780, 1)
(1185, 1780, 1)
(1186, 982, 1)
(1187, 2063, 1)
(1189, 1780, 1)
(1190, 1192, 1)
(1191, 1192, 1)
(1193, 1192, 1)
(1194, 413, 1)
(1196, 1198, 1)
(1197, 2702, 1)
(1199, 2702, 1)
(1201, 2209, 1)
(1202, 2702, 1)
(1203, 705, 1)
(1208, 1206, 1)
(1209, 2195, 1)
(1210, 2195, 1)
(1211, 1206, 1)
(1212, 1213, 1)
(1214, 1218, 1)
(1215, 1218, 1)
(1216, 1218, 1)
(1217, 1218, 1)
(1220, 1218, 1)
(1221, 1218, 1)
(1222, 1218, 1)
(1223, 1226, 1)
(1224, 1866, 1)
(1227, 68, 1)
(1228, 1229, 1)
(1230, 413, 1)
(1231, 894, 1)
(1232, 894, 1)
(1233, 894, 1)
(1234, 894, 1)
(1235, 894, 1)
(1236, 894, 1)
(1237, 413, 1)
(1238, 894, 1)
(1239, 50, 1)
(1240, 413, 1)
(1241, 894, 1)
(1242, 188, 1)
(1244, 188, 1)
(1245, 188, 1)
(1246, 188, 1)
(1247, 188, 1)
(1249, 188, 1)
(1251, 188, 1)
(1253, 829, 1)
(1254, 1255, 1)
(1256, 1188, 1)
(1257, 3131, 1)
(1259, 266, 1)
(1260, 266, 1)
(1261, 1269, 1)
(1262, 1263, 1)
(1264, 1269, 1)
(1265, 1269, 1)
(1267, 1269, 1)
(1270, 558, 1)
(1271, 558, 1)
(1274, 1275, 1)
(1276, 2823, 1)
(1277, 1278, 1)
(1279, 496, 1)
(1280, 1282, 1)
(1281, 1636, 1)
(1284, 579, 1)
(1285, 1283, 1)
(1287, 1283, 1)
(1288, 1289, 1)
(1290, 15, 1)
(1291, 1292, 1)
(1293, 413, 1)
(1294, 435, 1)
(1295, 435, 1)
(1296, 1299, 1)
(1297, 1308, 1)
(1300, 1299, 1)
(1301, 1740, 1)
(1302, 1308, 1)
(1304, 1299, 1)
(1305, 1299, 1)
(1306, 1299, 1)
(1307, 1299, 1)
(1309, 1308, 1)
(1310, 1311, 1)
(1312, 1313, 1)
(1314, 859, 1)
(1315, 859, 1)
(1316, 859, 1)
(1317, 1318, 1)
(1319, 579, 1)
(1320, 579, 1)
(1321, 1322, 1)
(1323, 1698, 1)
(1324, 1269, 1)
(1325, 1269, 1)
(1327, 1269, 1)
(1328, 1269, 1)
(1329, 1269, 1)
(1330, 1269, 1)
(1331, 1269, 1)
(1333, 2662, 1)
(1334, 597, 1)
(1336, 24, 1)
(1337, 1292, 1)
(1338, 24, 1)
(1339, 2730, 1)
(1340, 2896, 1)
(1341, 1538, 1)
(1342, 1348, 1)
(1343, 1346, 1)
(1344, 1348, 1)
(1345, 1798, 1)
(1347, 1346, 1)
(1349, 779, 1)
(1350, 593, 1)
(1351, 593, 1)
(1352, 3721, 1)
(1353, 689, 1)
(1354, 689, 1)
(1355, 685, 1)
(1356, 993, 1)
(1357, 3169, 1)
(1359, 3169, 1)
(1360, 800, 1)
(1361, 2662, 1)
(1362, 800, 1)
(1364, 1402, 1)
(1365, 800, 1)
(1366, 1367, 1)
(1368, 1371, 1)
(1369, 1371, 1)
(1370, 3422, 1)
(1372, 1371, 1)
(1373, 1371, 1)
(1374, 1371, 1)
(1375, 1371, 1)
(1376, 1371, 1)
(1377, 1379, 1)
(1378, 2439, 1)
(1381, 1393, 1)
(1382, 3130, 1)
(1383, 1393, 1)
(1385, 1380, 1)
(1386, 1393, 1)
(1387, 1393, 1)
(1388, 3130, 1)
(1389, 1393, 1)
(1390, 1393, 1)
(1391, 1393, 1)
(1392, 3130, 1)
(1395, 1394, 1)
(1397, 1394, 1)
(1399, 1012, 1)
(1400, 800, 1)
(1401, 1402, 1)
(1403, 800, 1)
(1404, 2934, 1)
(1405, 800, 1)
(1406, 800, 1)
(1407, 204, 1)
(1408, 2313, 1)
(1409, 1805, 1)
(1410, 1727, 1)
(1411, 1032, 1)
(1412, 1413, 1)
(1414, 1007, 1)
(1415, 1007, 1)
(1416, 1007, 1)
(1417, 1007, 1)
(1418, 1007, 1)
(1419, 1007, 1)
(1420, 1007, 1)
(1422, 1007, 1)
(1423, 1007, 1)
(1424, 1007, 1)
(1425, 1007, 1)
(1426, 1007, 1)
(1427, 1007, 1)
(1428, 1007, 1)
(1430, 2484, 1)
(1431, 1429, 1)
(1432, 2484, 1)
(1433, 1434, 1)
(1435, 1023, 1)
(1436, 1437, 1)
(1438, 1332, 1)
(1439, 1443, 1)
(1440, 1444, 1)
(1441, 729, 1)
(1442, 729, 1)
(1445, 1447, 1)
(1446, 397, 1)
(1449, 1708, 1)
(1450, 397, 1)
(1452, 397, 1)
(1453, 1447, 1)
(1454, 598, 1)
(1455, 1124, 1)
(1456, 1809, 1)
(1457, 1124, 1)
(1462, 2063, 1)
(1464, 1402, 1)
(1465, 1563, 1)
(1466, 802, 1)
(1467, 204, 1)
(1468, 1469, 1)
(1470, 1471, 1)
(1472, 926, 1)
(1473, 953, 1)
(1475, 1477, 1)
(1476, 1474, 1)
(1478, 1479, 1)
(1480, 1299, 1)
(1481, 1479, 1)
(1482, 1479, 1)
(1483, 1487, 1)
(1484, 1299, 1)
(1485, 1487, 1)
(1486, 1479, 1)
(1488, 1479, 1)
(1490, 1491, 1)
(1492, 383, 1)
(1493, 1759, 1)
(1494, 1759, 1)
(1495, 615, 1)
(1496, 615, 1)
(1498, 1933, 1)
(1499, 615, 1)
(1500, 204, 1)
(1502, 1501, 1)
(1503, 685, 1)
(1505, 1501, 1)
(1506, 1183, 1)
(1507, 1780, 1)
(1508, 1780, 1)
(1509, 1089, 1)
(1510, 93, 1)
(1511, 1089, 1)
(1512, 1089, 1)
(1513, 2595, 1)
(1514, 2595, 1)
(1515, 1104, 1)
(1516, 1104, 1)
(1517, 593, 1)
(1520, 779, 1)
(1521, 593, 1)
(1522, 779, 1)
(1523, 593, 1)
(1524, 1525, 1)
(1526, 1165, 1)
(1527, 3487, 1)
(1528, 3487, 1)
(1529, 167, 1)
(1531, 1530, 1)
(1533, 1530, 1)
(1534, 1530, 1)
(1535, 135, 1)
(1536, 135, 1)
(1537, 967, 1)
(1539, 541, 1)
(1540, 135, 1)
(1541, 967, 1)
(1542, 137, 1)
(1543, 441, 1)
(1544, 967, 1)
(1545, 135, 1)
(1546, 2826, 1)
(1547, 135, 1)
(1548, 1810, 1)
(1549, 1111, 1)
(1553, 993, 1)
(1554, 1188, 1)
(1555, 3609, 1)
(1556, 993, 1)
(1557, 734, 1)
(1558, 993, 1)
(1560, 1563, 1)
(1561, 1563, 1)
(1564, 1563, 1)
(1565, 1461, 1)
(1566, 1568, 1)
(1567, 204, 1)
(1569, 1413, 1)
(1570, 1571, 1)
(1572, 2560, 1)
(1573, 1578, 1)
(1574, 1578, 1)
(1575, 1578, 1)
(1576, 2321, 1)
(1579, 1578, 1)
(1581, 1580, 1)
(1582, 1580, 1)
(1583, 1580, 1)
(1584, 1580, 1)
(1585, 1580, 1)
(1586, 1580, 1)
(1587, 1580, 1)
(1588, 1135, 1)
(1589, 1525, 1)
(1590, 423, 1)
(1591, 423, 1)
(1592, 1525, 1)
(1593, 423, 1)
(1594, 1525, 1)
(1595, 1599, 1)
(1597, 1599, 1)
(1598, 1599, 1)
(1602, 1600, 1)
(1604, 1600, 1)
(1605, 1477, 1)
(1606, 1477, 1)
(1607, 1477, 1)
(1608, 413, 1)
(1609, 1611, 1)
(1612, 135, 1)
(1613, 1610, 1)
(1614, 1611, 1)
(1615, 1616, 1)
(1617, 409, 1)
(1618, 409, 1)
(1619, 571, 1)
(1620, 409, 1)
(1621, 571, 1)
(1622, 321, 1)
(1623, 1447, 1)
(1624, 3117, 1)
(1625, 3117, 1)
(1626, 1447, 1)
(1627, 2343, 1)
(1628, 1631, 1)
(1630, 1636, 1)
(1632, 1636, 1)
(1633, 1981, 1)
(1634, 1981, 1)
(1635, 1981, 1)
(1637, 1981, 1)
(1638, 973, 1)
(1639, 3405, 1)
(1640, 1805, 1)
(1641, 507, 1)
(1642, 541, 1)
(1643, 541, 1)
(1644, 541, 1)
(1645, 2340, 1)
(1646, 528, 1)
(1647, 507, 1)
(1648, 2980, 1)
(1649, 1654, 1)
(1650, 3179, 1)
(1651, 1654, 1)
(1652, 1654, 1)
(1653, 397, 1)
(1655, 1654, 1)
(1656, 1654, 1)
(1658, 507, 1)
(1659, 507, 1)
(1660, 1821, 1)
(1661, 2595, 1)
(1662, 1004, 1)
(1663, 1004, 1)
(1664, 1004, 1)
(1666, 1821, 1)
(1667, 1657, 1)
(1668, 13, 1)
(1670, 13, 1)
(1671, 1672, 1)
(1674, 1677, 1)
(1675, 1673, 1)
(1676, 864, 1)
(1678, 1677, 1)
(1679, 1673, 1)
(1680, 413, 1)
(1681, 864, 1)
(1682, 864, 1)
(1683, 1686, 1)
(1684, 1686, 1)
(1685, 1686, 1)
(1687, 1688, 1)
(1689, 1688, 1)
(1691, 1688, 1)
(1692, 1525, 1)
(1693, 1688, 1)
(1694, 1688, 1)
(1695, 1447, 1)
(1696, 1447, 1)
(1697, 397, 1)
(1700, 1699, 1)
(1701, 1162, 1)
(1702, 1699, 1)
(1704, 671, 1)
(1705, 671, 1)
(1706, 1707, 1)
(1709, 1448, 1)
(1710, 673, 1)
(1711, 673, 1)
(1712, 953, 1)
(1713, 953, 1)
(1714, 953, 1)
(1715, 953, 1)
(1716, 413, 1)
(1717, 1421, 1)
(1718, 8, 1)
(1719, 1363, 1)
(1720, 15, 1)
(1721, 802, 1)
(1722, 2753, 1)
(1723, 1727, 1)
(1724, 802, 1)
(1725, 802, 1)
(1726, 3361, 1)
(1728, 800, 1)
(1729, 800, 1)
(1730, 597, 1)
(1731, 800, 1)
(1732, 800, 1)
(1733, 1735, 1)
(1734, 413, 1)
(1737, 1308, 1)
(1738, 1736, 1)
(1739, 1736, 1)
(1741, 1736, 1)
(1742, 1736, 1)
(1743, 1736, 1)
(1744, 1736, 1)
(1745, 1736, 1)
(1746, 1437, 1)
(1747, 1332, 1)
(1748, 413, 1)
(1749, 597, 1)
(1750, 1332, 1)
(1751, 1332, 1)
(1752, 314, 1)
(1753, 1459, 1)
(1754, 1459, 1)
(1755, 1459, 1)
(1756, 1459, 1)
(1757, 1459, 1)
(1760, 233, 1)
(1761, 1762, 1)
(1763, 2875, 1)
(1764, 3576, 1)
(1765, 689, 1)
(1767, 1766, 1)
(1768, 521, 1)
(1769, 1766, 1)
(1770, 1766, 1)
(1771, 1766, 1)
(1772, 1773, 1)
(1774, 712, 1)
(1775, 2063, 1)
(1776, 1780, 1)
(1778, 1311, 1)
(1779, 1777, 1)
(1781, 1780, 1)
(1782, 1311, 1)
(1783, 1780, 1)
(1784, 1311, 1)
(1785, 1780, 1)
(1786, 1497, 1)
(1787, 1218, 1)
(1788, 1219, 1)
(1789, 1218, 1)
(1790, 1218, 1)
(1792, 1218, 1)
(1793, 107, 1)
(1794, 1758, 1)
(1796, 1758, 1)
(1797, 2262, 1)
(1799, 1800, 1)
(1801, 1800, 1)
(1802, 1698, 1)
(1806, 163, 1)
(1807, 1810, 1)
(1808, 1810, 1)
(1811, 1810, 1)
(1813, 1629, 1)
(1814, 1218, 1)
(1817, 1815, 1)
(1818, 135, 1)
(1819, 1292, 1)
(1820, 1816, 1)
(1822, 1821, 1)
(1823, 507, 1)
(1824, 507, 1)
(1825, 507, 1)
(1826, 507, 1)
(1827, 507, 1)
(1829, 1830, 1)
(1832, 1831, 1)
(1833, 1835, 1)
(1834, 1831, 1)
(1836, 1837, 1)
(1838, 1041, 1)
(1840, 1839, 1)
(1842, 1839, 1)
(1843, 1846, 1)
(1844, 594, 1)
(1845, 413, 1)
(1847, 441, 1)
(1848, 441, 1)
(1849, 441, 1)
(1850, 1631, 1)
(1851, 1981, 1)
(1852, 1636, 1)
(1854, 3083, 1)
(1855, 1853, 1)
(1856, 1859, 1)
(1857, 2853, 1)
(1858, 1859, 1)
(1860, 1859, 1)
(1862, 1863, 1)
(1865, 1866, 1)
(1867, 1868, 1)
(1870, 1869, 1)
(1871, 1869, 1)
(1872, 1869, 1)
(1873, 1869, 1)
(1875, 864, 1)
(1876, 1877, 1)
(1878, 321, 1)
(1879, 321, 1)
(1880, 1252, 1)
(1882, 1332, 1)
(1884, 1298, 1)
(1885, 894, 1)
(1886, 894, 1)
(1887, 894, 1)
(1888, 1074, 1)
(1890, 1889, 1)
(1892, 1889, 1)
(1893, 507, 1)
(1894, 1178, 1)
(1895, 1889, 1)
(1896, 1889, 1)
(1897, 1178, 1)
(1898, 1889, 1)
(1899, 1889, 1)
(1900, 571, 1)
(1901, 413, 1)
(1903, 1471, 1)
(1904, 1471, 1)
(1905, 1471, 1)
(1906, 1471, 1)
(1907, 1550, 1)
(1908, 1471, 1)
(1909, 1471, 1)
(1910, 1471, 1)
(1911, 1471, 1)
(1912, 1471, 1)
(1913, 1550, 1)
(1914, 1487, 1)
(1915, 1918, 1)
(1916, 703, 1)
(1917, 703, 1)
(1919, 3301, 1)
(1920, 3301, 1)
(1921, 1563, 1)
(1922, 139, 1)
(1923, 1804, 1)
(1924, 1804, 1)
(1925, 1213, 1)
(1926, 802, 1)
(1927, 802, 1)
(1928, 1213, 1)
(1929, 2134, 1)
(1930, 1213, 1)
(1932, 1931, 1)
(1934, 1931, 1)
(1935, 507, 1)
(1936, 1931, 1)
(1937, 1299, 1)
(1939, 1299, 1)
(1940, 1299, 1)
(1941, 1299, 1)
(1943, 1942, 1)
(1945, 507, 1)
(1946, 328, 1)
(1947, 507, 1)
(1948, 2340, 1)
(1949, 1950, 1)
(1951, 139, 1)
(1952, 371, 1)
(1953, 533, 1)
(1954, 135, 1)
(1955, 135, 1)
(1956, 135, 1)
(1957, 1958, 1)
(1959, 1962, 1)
(1960, 1961, 1)
(1963, 1962, 1)
(1965, 2351, 1)
(1966, 1859, 1)
(1967, 349, 1)
(1968, 1447, 1)
(1970, 703, 1)
(1972, 703, 1)
(1973, 1969, 1)
(1975, 1974, 1)
(1976, 1974, 1)
(1977, 1974, 1)
(1978, 196, 1)
(1980, 1629, 1)
(1982, 1981, 1)
(1983, 1282, 1)
(1985, 1984, 1)
(1986, 2324, 1)
(1987, 1984, 1)
(1988, 926, 1)
(1989, 864, 1)
(1990, 864, 1)
(1991, 1677, 1)
(1992, 1995, 1)
(1993, 2173, 1)
(1994, 2214, 1)
(1996, 1326, 1)
(1997, 1326, 1)
(1998, 1326, 1)
(1999, 834, 1)
(2000, 2725, 1)
(2002, 1042, 1)
(2004, 2001, 1)
(2006, 2012, 1)
(2007, 2012, 1)
(2008, 2012, 1)
(2009, 2012, 1)
(2010, 2012, 1)
(2011, 301, 1)
(2017, 705, 1)
(2018, 2016, 1)
(2022, 661, 1)
(2024, 2023, 1)
(2025, 3777, 1)
(2026, 834, 1)
(2027, 834, 1)
(2028, 2030, 1)
(2029, 2214, 1)
(2031, 2214, 1)
(2032, 2214, 1)
(2033, 611, 1)
(2034, 3721, 1)
(2035, 2039, 1)
(2036, 2039, 1)
(2037, 2039, 1)
(2040, 2039, 1)
(2041, 2039, 1)
(2042, 2039, 1)
(2043, 2039, 1)
(2044, 1207, 1)
(2045, 1207, 1)
(2046, 1654, 1)
(2047, 1601, 1)
(2048, 282, 1)
(2050, 2051, 1)
(2052, 713, 1)
(2053, 712, 1)
(2054, 712, 1)
(2055, 409, 1)
(2058, 605, 1)
(2059, 1863, 1)
(2061, 2137, 1)
(2062, 1311, 1)
(2064, 1311, 1)
(2065, 1311, 1)
(2066, 1311, 1)
(2067, 2063, 1)
(2068, 1311, 1)
(2069, 1311, 1)
(2070, 2063, 1)
(2071, 516, 1)
(2072, 371, 1)
(2073, 371, 1)
(2074, 1810, 1)
(2075, 371, 1)
(2076, 99, 1)
(2077, 2078, 1)
(2079, 1107, 1)
(2081, 2080, 1)
(2082, 1568, 1)
(2083, 1568, 1)
(2084, 1568, 1)
(2085, 1568, 1)
(2086, 1568, 1)
(2088, 1636, 1)
(2089, 1636, 1)
(2090, 2087, 1)
(2091, 2087, 1)
(2092, 2087, 1)
(2093, 2087, 1)
(2094, 1938, 1)
(2095, 705, 1)
(2096, 967, 1)
(2097, 2039, 1)
(2098, 2038, 1)
(2099, 890, 1)
(2100, 890, 1)
(2101, 2800, 1)
(2102, 1252, 1)
(2103, 2105, 1)
(2104, 3307, 1)
(2106, 282, 1)
(2108, 1332, 1)
(2109, 1332, 1)
(2110, 413, 1)
(2111, 136, 1)
(2113, 802, 1)
(2114, 1165, 1)
(2116, 163, 1)
(2117, 163, 1)
(2118, 163, 1)
(2119, 163, 1)
(2120, 163, 1)
(2121, 163, 1)
(2122, 163, 1)
(2124, 2125, 1)
(2126, 1773, 1)
(2127, 1773, 1)
(2128, 2131, 1)
(2129, 2131, 1)
(2130, 2131, 1)
(2132, 2131, 1)
(2133, 301, 1)
(2135, 601, 1)
(2139, 2138, 1)
(2140, 2138, 1)
(2141, 2138, 1)
(2142, 2394, 1)
(2143, 2144, 1)
(2145, 2146, 1)
(2147, 1298, 1)
(2148, 1204, 1)
(2149, 705, 1)
(2150, 1961, 1)
(2151, 1962, 1)
(2152, 2853, 1)
(2153, 2156, 1)
(2154, 3417, 1)
(2155, 3417, 1)
(2157, 3417, 1)
(2159, 2160, 1)
(2161, 1318, 1)
(2162, 204, 1)
(2164, 1562, 1)
(2165, 1562, 1)
(2166, 1562, 1)
(2167, 2169, 1)
(2168, 2169, 1)
(2170, 742, 1)
(2171, 2195, 1)
(2172, 2173, 1)
(2174, 2680, 1)
(2175, 2680, 1)
(2176, 1538, 1)
(2177, 547, 1)
(2178, 1525, 1)
(2179, 423, 1)
(2180, 1688, 1)
(2181, 834, 1)
(2182, 2447, 1)
(2184, 2183, 1)
(2185, 1042, 1)
(2186, 2183, 1)
(2187, 1042, 1)
(2188, 1042, 1)
(2189, 2190, 1)
(2191, 3675, 1)
(2193, 2192, 1)
(2194, 2195, 1)
(2197, 705, 1)
(2198, 703, 1)
(2199, 705, 1)
(2200, 705, 1)
(2201, 705, 1)
(2202, 2196, 1)
(2203, 875, 1)
(2204, 1398, 1)
(2207, 2205, 1)
(2208, 912, 1)
(2210, 2627, 1)
(2211, 2627, 1)
(2212, 2627, 1)
(2213, 2627, 1)
(2215, 1036, 1)
(2216, 1218, 1)
(2218, 2217, 1)
(2220, 438, 1)
(2221, 438, 1)
(2222, 1073, 1)
(2223, 409, 1)
(2224, 1471, 1)
(2225, 705, 1)
(2226, 1918, 1)
(2227, 1603, 1)
(2230, 2228, 1)
(2231, 1805, 1)
(2232, 2608, 1)
(2233, 194, 1)
(2234, 1805, 1)
(2235, 2237, 1)
(2236, 2237, 1)
(2238, 1669, 1)
(2239, 2240, 1)
(2242, 2241, 1)
(2244, 397, 1)
(2245, 2776, 1)
(2246, 2776, 1)
(2247, 2250, 1)
(2248, 2250, 1)
(2249, 3840, 1)
(2251, 1471, 1)
(2252, 2253, 1)
(2255, 2254, 1)
(2256, 2254, 1)
(2258, 2800, 1)
(2259, 2800, 1)
(2263, 766, 1)
(2264, 2277, 1)
(2265, 2277, 1)
(2267, 2277, 1)
(2269, 2277, 1)
(2270, 2277, 1)
(2271, 1032, 1)
(2272, 2277, 1)
(2273, 1032, 1)
(2274, 2277, 1)
(2275, 2277, 1)
(2276, 2277, 1)
(2278, 2277, 1)
(2279, 2277, 1)
(2280, 639, 1)
(2282, 2284, 1)
(2283, 2281, 1)
(2285, 477, 1)
(2286, 1275, 1)
(2287, 1275, 1)
(2288, 1275, 1)
(2289, 1275, 1)
(2290, 1275, 1)
(2291, 2293, 1)
(2294, 1004, 1)
(2295, 2795, 1)
(2297, 3663, 1)
(2298, 1275, 1)
(2299, 24, 1)
(2300, 24, 1)
(2301, 24, 1)
(2302, 24, 1)
(2303, 24, 1)
(2304, 894, 1)
(2305, 894, 1)
(2306, 1393, 1)
(2307, 2309, 1)
(2308, 2309, 1)
(2310, 2078, 1)
(2311, 894, 1)
(2312, 894, 1)
(2314, 1902, 1)
(2315, 2115, 1)
(2316, 2828, 1)
(2317, 579, 1)
(2319, 311, 1)
(2320, 1578, 1)
(2322, 1062, 1)
(2323, 1062, 1)
(2325, 413, 1)
(2326, 523, 1)
(2327, 521, 1)
(2328, 713, 1)
(2329, 3129, 1)
(2331, 3129, 1)
(2332, 2517, 1)
(2333, 3129, 1)
(2334, 2517, 1)
(2336, 1471, 1)
(2337, 639, 1)
(2338, 639, 1)
(2339, 507, 1)
(2341, 507, 1)
(2344, 2342, 1)
(2345, 2343, 1)
(2346, 953, 1)
(2347, 135, 1)
(2348, 1157, 1)
(2349, 134, 1)
(2350, 413, 1)
(2352, 134, 1)
(2353, 136, 1)
(2355, 2136, 1)
(2356, 2136, 1)
(2357, 2340, 1)
(2358, 507, 1)
(2359, 2112, 1)
(2360, 2363, 1)
(2361, 2363, 1)
(2362, 2363, 1)
(2364, 413, 1)
(2365, 471, 1)
(2366, 471, 1)
(2367, 827, 1)
(2368, 471, 1)
(2369, 413, 1)
(2370, 471, 1)
(2371, 471, 1)
(2372, 471, 1)
(2373, 471, 1)
(2374, 471, 1)
(2375, 471, 1)
(2376, 471, 1)
(2377, 471, 1)
(2378, 471, 1)
(2379, 471, 1)
(2380, 471, 1)
(2381, 471, 1)
(2382, 471, 1)
(2384, 2383, 1)
(2385, 2383, 1)
(2386, 1698, 1)
(2387, 2388, 1)
(2389, 639, 1)
(2390, 507, 1)
(2391, 507, 1)
(2392, 1657, 1)
(2393, 2595, 1)
(2396, 639, 1)
(2398, 2399, 1)
(2400, 2195, 1)
(2401, 2397, 1)
(2402, 2404, 1)
(2405, 2277, 1)
(2407, 982, 1)
(2408, 2644, 1)
(2409, 333, 1)
(2410, 2411, 1)
(2412, 523, 1)
(2413, 3582, 1)
(2415, 2417, 1)
(2416, 3091, 1)
(2418, 3090, 1)
(2419, 3563, 1)
(2420, 523, 1)
(2421, 523, 1)
(2422, 2743, 1)
(2423, 2743, 1)
(2424, 523, 1)
(2425, 536, 1)
(2426, 1073, 1)
(2427, 3032, 1)
(2428, 1371, 1)
(2429, 2292, 1)
(2430, 2293, 1)
(2431, 3169, 1)
(2433, 2434, 1)
(2435, 107, 1)
(2436, 107, 1)
(2437, 107, 1)
(2438, 2439, 1)
(2440, 1379, 1)
(2441, 2443, 1)
(2442, 802, 1)
(2444, 1204, 1)
(2445, 2443, 1)
(2446, 3721, 1)
(2448, 1146, 1)
(2449, 2394, 1)
(2451, 2450, 1)
(2452, 2450, 1)
(2453, 2450, 1)
(2455, 2450, 1)
(2456, 2450, 1)
(2457, 516, 1)
(2459, 1286, 1)
(2460, 2395, 1)
(2461, 2395, 1)
(2462, 1437, 1)
(2463, 1332, 1)
(2465, 2464, 1)
(2467, 2466, 1)
(2468, 2470, 1)
(2469, 2484, 1)
(2471, 2484, 1)
(2472, 1195, 1)
(2473, 2173, 1)
(2474, 2475, 1)
(2479, 739, 1)
(2482, 2480, 1)
(2483, 2484, 1)
(2485, 3879, 1)
(2486, 2484, 1)
(2487, 2484, 1)
(2488, 2598, 1)
(2490, 2492, 1)
(2491, 3087, 1)
(2494, 1250, 1)
(2495, 2493, 1)
(2497, 1243, 1)
(2498, 2499, 1)
(2500, 1981, 1)
(2501, 533, 1)
(2504, 2063, 1)
(2506, 1311, 1)
(2507, 1311, 1)
(2508, 563, 1)
(2509, 536, 1)
(2510, 1444, 1)
(2511, 1444, 1)
(2512, 1444, 1)
(2513, 1444, 1)
(2514, 1444, 1)
(2515, 1444, 1)
(2516, 1444, 1)
(2518, 1846, 1)
(2519, 2060, 1)
(2521, 2520, 1)
(2522, 2520, 1)
(2523, 1162, 1)
(2524, 2520, 1)
(2525, 2520, 1)
(2526, 2780, 1)
(2527, 2780, 1)
(2528, 800, 1)
(2529, 800, 1)
(2530, 800, 1)
(2531, 800, 1)
(2532, 3216, 1)
(2534, 800, 1)
(2535, 800, 1)
(2536, 2537, 1)
(2538, 93, 1)
(2539, 2541, 1)
(2540, 3582, 1)
(2542, 2447, 1)
(2543, 1379, 1)
(2544, 2439, 1)
(2545, 2439, 1)
(2546, 394, 1)
(2547, 1226, 1)
(2548, 2608, 1)
(2549, 414, 1)
(2550, 1226, 1)
(2551, 413, 1)
(2552, 1226, 1)
(2554, 143, 1)
(2555, 143, 1)
(2556, 1226, 1)
(2557, 2195, 1)
(2558, 1460, 1)
(2559, 2560, 1)
(2561, 894, 1)
(2562, 894, 1)
(2563, 894, 1)
(2564, 894, 1)
(2565, 894, 1)
(2566, 894, 1)
(2567, 1292, 1)
(2568, 93, 1)
(2569, 93, 1)
(2570, 93, 1)
(2571, 8, 1)
(2572, 2573, 1)
(2574, 1165, 1)
(2575, 1165, 1)
(2576, 1165, 1)
(2577, 1165, 1)
(2578, 1165, 1)
(2579, 1165, 1)
(2580, 2581, 1)
(2582, 2581, 1)
(2584, 1311, 1)
(2585, 1828, 1)
(2586, 1828, 1)
(2589, 594, 1)
(2590, 563, 1)
(2591, 2030, 1)
(2592, 2030, 1)
(2593, 2030, 1)
(2594, 2030, 1)
(2596, 2598, 1)
(2597, 2598, 1)
(2599, 1672, 1)
(2600, 1348, 1)
(2602, 1348, 1)
(2603, 1348, 1)
(2604, 413, 1)
(2605, 496, 1)
(2606, 496, 1)
(2607, 3405, 1)
(2609, 139, 1)
(2610, 864, 1)
(2611, 1519, 1)
(2612, 1335, 1)
(2613, 1332, 1)
(2615, 136, 1)
(2616, 438, 1)
(2618, 1461, 1)
(2619, 1461, 1)
(2620, 2617, 1)
(2622, 2621, 1)
(2624, 369, 1)
(2625, 369, 1)
(2626, 2209, 1)
(2628, 2209, 1)
(2629, 2209, 1)
(2630, 2209, 1)
(2631, 2627, 1)
(2632, 2627, 1)
(2633, 2209, 1)
(2634, 1104, 1)
(2635, 1090, 1)
(2636, 2313, 1)
(2637, 894, 1)
(2638, 2395, 1)
(2639, 1489, 1)
(2640, 1489, 1)
(2641, 1981, 1)
(2642, 2644, 1)
(2645, 237, 1)
(2646, 375, 1)
(2647, 854, 1)
(2648, 1707, 1)
(2649, 854, 1)
(2650, 3296, 1)
(2651, 3352, 1)
(2652, 1289, 1)
(2653, 1289, 1)
(2654, 1226, 1)
(2655, 2656, 1)
(2658, 2608, 1)
(2659, 1861, 1)
(2660, 413, 1)
(2661, 413, 1)
(2663, 1036, 1)
(2664, 598, 1)
(2665, 127, 1)
(2666, 1192, 1)
(2667, 477, 1)
(2668, 1841, 1)
(2669, 1070, 1)
(2670, 2671, 1)
(2672, 1273, 1)
(2675, 2019, 1)
(2676, 2019, 1)
(2677, 2678, 1)
(2679, 1460, 1)
(2681, 2753, 1)
(2682, 516, 1)
(2683, 139, 1)
(2684, 2517, 1)
(2685, 1137, 1)
(2686, 2517, 1)
(2687, 2517, 1)
(2688, 2517, 1)
(2689, 1036, 1)
(2690, 982, 1)
(2691, 311, 1)
(2692, 2505, 1)
(2693, 1538, 1)
(2695, 1207, 1)
(2696, 1207, 1)
(2697, 336, 1)
(2699, 2292, 1)
(2700, 720, 1)
(2701, 2968, 1)
(2703, 1198, 1)
(2704, 1809, 1)
(2705, 413, 1)
(2706, 1809, 1)
(2707, 1195, 1)
(2708, 143, 1)
(2709, 3217, 1)
(2710, 1816, 1)
(2711, 1654, 1)
(2712, 1654, 1)
(2715, 1463, 1)
(2716, 1137, 1)
(2717, 1137, 1)
(2718, 1809, 1)
(2719, 1809, 1)
(2720, 1525, 1)
(2721, 1525, 1)
(2722, 2005, 1)
(2723, 2725, 1)
(2724, 2005, 1)
(2726, 2725, 1)
(2727, 2005, 1)
(2728, 2005, 1)
(2731, 2729, 1)
(2732, 764, 1)
(2733, 2734, 1)
(2735, 1812, 1)
(2736, 1800, 1)
(2739, 2737, 1)
(2740, 2737, 1)
(2741, 2742, 1)
(2744, 413, 1)
(2746, 2745, 1)
(2747, 764, 1)
(2749, 2748, 1)
(2750, 2748, 1)
(2751, 2748, 1)
(2752, 2753, 1)
(2755, 1073, 1)
(2756, 1205, 1)
(2757, 558, 1)
(2758, 1073, 1)
(2759, 1074, 1)
(2760, 558, 1)
(2761, 558, 1)
(2762, 2237, 1)
(2767, 2765, 1)
(2768, 2763, 1)
(2770, 262, 1)
(2771, 37, 1)
(2772, 1363, 1)
(2773, 1363, 1)
(2774, 2775, 1)
(2777, 2776, 1)
(2778, 2779, 1)
(2781, 2780, 1)
(2782, 2783, 1)
(2784, 349, 1)
(2785, 2795, 1)
(2786, 2795, 1)
(2787, 2795, 1)
(2788, 2795, 1)
(2789, 2795, 1)
(2790, 2795, 1)
(2791, 2795, 1)
(2792, 2795, 1)
(2793, 2795, 1)
(2794, 2795, 1)
(2796, 2797, 1)
(2798, 2795, 1)
(2799, 2795, 1)
(2801, 2595, 1)
(2802, 2595, 1)
(2804, 1192, 1)
(2805, 1192, 1)
(2806, 3477, 1)
(2807, 1804, 1)
(2808, 802, 1)
(2809, 802, 1)
(2810, 2296, 1)
(2811, 2296, 1)
(2812, 2296, 1)
(2813, 2296, 1)
(2814, 2296, 1)
(2815, 2296, 1)
(2816, 1447, 1)
(2818, 2817, 1)
(2819, 2820, 1)
(2821, 2843, 1)
(2822, 2115, 1)
(2824, 2644, 1)
(2825, 2643, 1)
(2827, 2826, 1)
(2829, 765, 1)
(2830, 2219, 1)
(2831, 964, 1)
(2832, 964, 1)
(2833, 964, 1)
(2834, 1204, 1)
(2835, 1322, 1)
(2838, 1995, 1)
(2840, 1995, 1)
(2841, 3314, 1)
(2844, 1812, 1)
(2845, 1596, 1)
(2846, 24, 1)
(2847, 1861, 1)
(2848, 953, 1)
(2849, 413, 1)
(2850, 685, 1)
(2851, 2852, 1)
(2854, 2853, 1)
(2855, 594, 1)
(2856, 2503, 1)
(2857, 859, 1)
(2858, 1269, 1)
(2859, 1269, 1)
(2860, 1269, 1)
(2861, 396, 1)
(2862, 1447, 1)
(2863, 396, 1)
(2864, 1447, 1)
(2865, 523, 1)
(2868, 685, 1)
(2869, 689, 1)
(2870, 1846, 1)
(2871, 1846, 1)
(2872, 2678, 1)
(2873, 1458, 1)
(2874, 2678, 1)
(2876, 1762, 1)
(2877, 1332, 1)
(2880, 2878, 1)
(2881, 864, 1)
(2883, 1798, 1)
(2884, 1861, 1)
(2886, 2885, 1)
(2887, 3561, 1)
(2888, 1434, 1)
(2889, 1434, 1)
(2890, 1434, 1)
(2891, 1434, 1)
(2892, 547, 1)
(2893, 1332, 1)
(2894, 1332, 1)
(2895, 1332, 1)
(2897, 1332, 1)
(2898, 1332, 1)
(2899, 1332, 1)
(2900, 1437, 1)
(2901, 1332, 1)
(2902, 1332, 1)
(2903, 705, 1)
(2904, 705, 1)
(2905, 705, 1)
(2906, 2730, 1)
(2907, 729, 1)
(2908, 1266, 1)
(2909, 1073, 1)
(2910, 2764, 1)
(2911, 734, 1)
(2912, 734, 1)
(2913, 734, 1)
(2914, 1629, 1)
(2916, 2915, 1)
(2917, 1962, 1)
(2918, 413, 1)
(2919, 2775, 1)
(2920, 2775, 1)
(2921, 2775, 1)
(2922, 2923, 1)
(2924, 516, 1)
(2925, 1183, 1)
(2926, 1183, 1)
(2927, 1183, 1)
(2928, 1471, 1)
(2929, 3040, 1)
(2930, 3040, 1)
(2932, 1458, 1)
(2933, 1332, 1)
(2935, 2934, 1)
(2936, 2937, 1)
(2938, 2939, 1)
(2940, 2470, 1)
(2941, 2944, 1)
(2942, 3412, 1)
(2943, 3412, 1)
(2945, 3412, 1)
(2947, 2946, 1)
(2949, 1447, 1)
(2950, 364, 1)
(2952, 516, 1)
(2953, 2657, 1)
(2954, 2951, 1)
(2955, 2657, 1)
(2956, 2484, 1)
(2957, 2484, 1)
(2958, 2489, 1)
(2960, 2959, 1)
(2961, 2146, 1)
(2962, 2608, 1)
(2963, 2195, 1)
(2964, 2195, 1)
(2965, 1074, 1)
(2966, 1074, 1)
(2967, 937, 1)
(2969, 2078, 1)
(2970, 2078, 1)
(2971, 2078, 1)
(2972, 364, 1)
(2973, 364, 1)
(2974, 3030, 1)
(2975, 2725, 1)
(2976, 3049, 1)
(2978, 1041, 1)
(2979, 3561, 1)
(2981, 2144, 1)
(2982, 982, 1)
(2984, 2983, 1)
(2986, 2983, 1)
(2987, 1863, 1)
(2988, 1518, 1)
(2989, 2991, 1)
(2990, 1518, 1)
(2992, 605, 1)
(2993, 143, 1)
(2994, 1962, 1)
(2995, 1654, 1)
(2996, 2997, 1)
(2998, 2588, 1)
(2999, 2588, 1)
(3000, 2588, 1)
(3002, 2588, 1)
(3003, 2588, 1)
(3004, 2454, 1)
(3005, 720, 1)
(3007, 3006, 1)
(3008, 3006, 1)
(3010, 3011, 1)
(3012, 2803, 1)
(3013, 847, 1)
(3014, 2039, 1)
(3015, 2414, 1)
(3016, 2680, 1)
(3017, 875, 1)
(3018, 3248, 1)
(3019, 875, 1)
(3020, 1981, 1)
(3021, 3022, 1)
(3023, 262, 1)
(3024, 262, 1)
(3025, 1318, 1)
(3026, 2266, 1)
(3027, 16, 1)
(3028, 139, 1)
(3029, 1798, 1)
(3031, 3032, 1)
(3034, 1809, 1)
(3035, 135, 1)
(3036, 135, 1)
(3037, 135, 1)
(3038, 135, 1)
(3039, 135, 1)
(3042, 1063, 1)
(3043, 516, 1)
(3045, 1146, 1)
(3046, 1146, 1)
(3047, 1146, 1)
(3048, 2481, 1)
(3050, 409, 1)
(3051, 409, 1)
(3052, 1491, 1)
(3053, 2411, 1)
(3054, 523, 1)
(3056, 496, 1)
(3057, 2313, 1)
(3058, 2313, 1)
(3060, 3059, 1)
(3061, 1727, 1)
(3062, 1727, 1)
(3063, 2931, 1)
(3064, 894, 1)
(3065, 894, 1)
(3066, 1367, 1)
(3067, 3422, 1)
(3068, 2115, 1)
(3069, 1995, 1)
(3070, 827, 1)
(3071, 827, 1)
(3073, 1041, 1)
(3074, 2698, 1)
(3075, 2698, 1)
(3076, 2293, 1)
(3077, 2293, 1)
(3078, 2293, 1)
(3079, 2293, 1)
(3080, 273, 1)
(3081, 467, 1)
(3082, 2866, 1)
(3084, 1961, 1)
(3085, 3083, 1)
(3088, 3086, 1)
(3089, 3086, 1)
(3092, 2293, 1)
(3093, 528, 1)
(3094, 3055, 1)
(3095, 3055, 1)
(3096, 1962, 1)
(3098, 3097, 1)
(3100, 3099, 1)
(3101, 3099, 1)
(3102, 3103, 1)
(3104, 1198, 1)
(3106, 3105, 1)
(3107, 3105, 1)
(3109, 372, 1)
(3112, 2403, 1)
(3113, 2292, 1)
(3114, 2730, 1)
(3115, 1735, 1)
(3118, 3116, 1)
(3121, 314, 1)
(3122, 314, 1)
(3123, 388, 1)
(3124, 1073, 1)
(3125, 282, 1)
(3126, 2049, 1)
(3127, 282, 1)
(3128, 393, 1)
(3132, 3131, 1)
(3133, 2980, 1)
(3134, 685, 1)
(3135, 1525, 1)
(3136, 423, 1)
(3137, 1795, 1)
(3138, 1795, 1)
(3139, 1995, 1)
(3140, 237, 1)
(3141, 1861, 1)
(3142, 1004, 1)
(3143, 1004, 1)
(3144, 1004, 1)
(3145, 301, 1)
(3146, 301, 1)
(3147, 301, 1)
(3148, 301, 1)
(3149, 712, 1)
(3150, 1292, 1)
(3151, 1335, 1)
(3152, 3153, 1)
(3154, 521, 1)
(3155, 928, 1)
(3156, 2414, 1)
(3157, 1469, 1)
(3158, 2414, 1)
(3159, 888, 1)
(3160, 343, 1)
(3161, 597, 1)
(3162, 1292, 1)
(3163, 64, 1)
(3164, 594, 1)
(3166, 3165, 1)
(3167, 1188, 1)
(3168, 2293, 1)
(3170, 1358, 1)
(3171, 3169, 1)
(3172, 1358, 1)
(3173, 3169, 1)
(3174, 204, 1)
(3175, 1447, 1)
(3176, 1447, 1)
(3177, 1447, 1)
(3178, 397, 1)
(3180, 703, 1)
(3181, 413, 1)
(3182, 742, 1)
(3183, 742, 1)
(3184, 3470, 1)
(3185, 2195, 1)
(3186, 403, 1)
(3187, 2484, 1)
(3188, 967, 1)
(3189, 1780, 1)
(3190, 1918, 1)
(3191, 1204, 1)
(3193, 3192, 1)
(3194, 910, 1)
(3195, 3032, 1)
(3196, 3032, 1)
(3197, 1225, 1)
(3198, 1225, 1)
(3199, 1225, 1)
(3200, 194, 1)
(3201, 1141, 1)
(3202, 3250, 1)
(3203, 413, 1)
(3204, 790, 1)
(3205, 3207, 1)
(3206, 3273, 1)
(3208, 3273, 1)
(3209, 611, 1)
(3210, 894, 1)
(3211, 2447, 1)
(3212, 3119, 1)
(3213, 1961, 1)
(3214, 3119, 1)
(3215, 282, 1)
(3218, 3217, 1)
(3219, 3223, 1)
(3220, 516, 1)
(3221, 516, 1)
(3222, 516, 1)
(3225, 2318, 1)
(3226, 3521, 1)
(3227, 2583, 1)
(3228, 1379, 1)
(3229, 2583, 1)
(3230, 1703, 1)
(3231, 3232, 1)
(3233, 2253, 1)
(3234, 783, 1)
(3235, 2146, 1)
(3237, 1859, 1)
(3238, 1995, 1)
(3239, 1995, 1)
(3240, 1995, 1)
(3241, 2839, 1)
(3242, 1995, 1)
(3243, 1252, 1)
(3244, 1795, 1)
(3246, 3245, 1)
(3249, 3250, 1)
(3251, 3086, 1)
(3252, 3086, 1)
(3254, 3303, 1)
(3255, 3517, 1)
(3256, 1804, 1)
(3257, 2852, 1)
(3258, 764, 1)
(3259, 1962, 1)
(3260, 2537, 1)
(3261, 321, 1)
(3263, 1902, 1)
(3265, 1859, 1)
(3266, 2268, 1)
(3267, 2268, 1)
(3268, 2268, 1)
(3269, 1835, 1)
(3271, 3270, 1)
(3272, 3273, 1)
(3274, 1322, 1)
(3275, 2484, 1)
(3276, 779, 1)
(3278, 2, 1)
(3279, 3277, 1)
(3280, 2537, 1)
(3281, 276, 1)
(3282, 3405, 1)
(3283, 910, 1)
(3284, 1795, 1)
(3285, 2879, 1)
(3286, 372, 1)
(3288, 1981, 1)
(3289, 662, 1)
(3291, 397, 1)
(3293, 3292, 1)
(3294, 1657, 1)
(3295, 939, 1)
(3297, 2240, 1)
(3298, 1918, 1)
(3299, 1918, 1)
(3300, 1918, 1)
(3302, 3303, 1)
(3304, 2313, 1)
(3305, 2598, 1)
(3306, 1773, 1)
(3308, 2105, 1)
(3309, 2105, 1)
(3310, 413, 1)
(3311, 787, 1)
(3312, 605, 1)
(3313, 1460, 1)
(3315, 3314, 1)
(3317, 349, 1)
(3318, 1248, 1)
(3319, 394, 1)
(3320, 2324, 1)
(3321, 1057, 1)
(3322, 1657, 1)
(3323, 3325, 1)
(3324, 3325, 1)
(3326, 3325, 1)
(3327, 2146, 1)
(3328, 516, 1)
(3329, 516, 1)
(3330, 516, 1)
(3331, 973, 1)
(3334, 2354, 1)
(3335, 136, 1)
(3336, 1707, 1)
(3337, 3338, 1)
(3339, 1740, 1)
(3340, 413, 1)
(3341, 1809, 1)
(3342, 1471, 1)
(3343, 1471, 1)
(3344, 3674, 1)
(3345, 3674, 1)
(3346, 3207, 1)
(3347, 3273, 1)
(3348, 624, 1)
(3349, 2627, 1)
(3350, 1780, 1)
(3351, 1780, 1)
(3353, 3643, 1)
(3355, 2411, 1)
(3356, 2560, 1)
(3357, 1601, 1)
(3358, 1603, 1)
(3359, 1603, 1)
(3360, 3361, 1)
(3362, 521, 1)
(3363, 1303, 1)
(3364, 1962, 1)
(3365, 2754, 1)
(3366, 2754, 1)
(3367, 1657, 1)
(3368, 963, 1)
(3369, 963, 1)
(3370, 963, 1)
(3371, 1601, 1)
(3372, 3777, 1)
(3373, 718, 1)
(3374, 2313, 1)
(3375, 3377, 1)
(3376, 438, 1)
(3378, 2313, 1)
(3379, 160, 1)
(3380, 1665, 1)
(3381, 3396, 1)
(3382, 3130, 1)
(3383, 413, 1)
(3384, 1282, 1)
(3385, 99, 1)
(3386, 2560, 1)
(3387, 1837, 1)
(3388, 50, 1)
(3389, 1809, 1)
(3390, 2985, 1)
(3391, 1292, 1)
(3392, 1042, 1)
(3394, 703, 1)
(3395, 2262, 1)
(3397, 1032, 1)
(3398, 1032, 1)
(3399, 2003, 1)
(3400, 1192, 1)
(3401, 2330, 1)
(3402, 516, 1)
(3403, 3674, 1)
(3404, 3354, 1)
(3406, 2414, 1)
(3407, 2414, 1)
(3408, 2414, 1)
(3409, 2414, 1)
(3410, 1727, 1)
(3411, 1402, 1)
(3413, 1035, 1)
(3414, 1035, 1)
(3415, 1035, 1)
(3418, 1859, 1)
(3421, 3108, 1)
(3423, 1798, 1)
(3424, 2694, 1)
(3425, 413, 1)
(3427, 3426, 1)
(3428, 2484, 1)
(3429, 2470, 1)
(3430, 516, 1)
(3431, 1962, 1)
(3432, 1868, 1)
(3433, 477, 1)
(3434, 477, 1)
(3435, 413, 1)
(3436, 1532, 1)
(3437, 3287, 1)
(3438, 3287, 1)
(3439, 3287, 1)
(3440, 3287, 1)
(3441, 413, 1)
(3442, 2146, 1)
(3443, 1804, 1)
(3444, 1195, 1)
(3445, 377, 1)
(3446, 516, 1)
(3447, 1393, 1)
(3448, 2021, 1)
(3449, 2021, 1)
(3450, 593, 1)
(3451, 3117, 1)
(3452, 1891, 1)
(3453, 3117, 1)
(3455, 1703, 1)
(3456, 3458, 1)
(3457, 3419, 1)
(3459, 1066, 1)
(3460, 1654, 1)
(3461, 1654, 1)
(3462, 1654, 1)
(3463, 3303, 1)
(3464, 3465, 1)
(3466, 1322, 1)
(3467, 723, 1)
(3468, 3009, 1)
(3469, 3470, 1)
(3472, 3471, 1)
(3474, 1178, 1)
(3475, 2012, 1)
(3476, 375, 1)
(3478, 2560, 1)
(3479, 2560, 1)
(3480, 1810, 1)
(3481, 1810, 1)
(3482, 744, 1)
(3483, 744, 1)
(3484, 744, 1)
(3485, 744, 1)
(3486, 1286, 1)
(3489, 1346, 1)
(3490, 521, 1)
(3491, 2553, 1)
(3493, 3032, 1)
(3494, 273, 1)
(3495, 1798, 1)
(3496, 274, 1)
(3497, 274, 1)
(3498, 274, 1)
(3499, 274, 1)
(3500, 3458, 1)
(3501, 1479, 1)
(3502, 2573, 1)
(3503, 2296, 1)
(3504, 1461, 1)
(3505, 2156, 1)
(3506, 3307, 1)
(3507, 3130, 1)
(3508, 3130, 1)
(3509, 3087, 1)
(3510, 1791, 1)
(3511, 1384, 1)
(3512, 894, 1)
(3513, 2021, 1)
(3514, 3532, 1)
(3515, 1629, 1)
(3516, 2292, 1)
(3518, 1278, 1)
(3520, 1278, 1)
(3522, 2867, 1)
(3524, 3523, 1)
(3525, 1204, 1)
(3526, 1798, 1)
(3527, 1859, 1)
(3528, 713, 1)
(3529, 1134, 1)
(3530, 2656, 1)
(3531, 3739, 1)
(3533, 3739, 1)
(3534, 528, 1)
(3535, 1938, 1)
(3536, 1938, 1)
(3537, 1460, 1)
(3538, 2049, 1)
(3539, 1971, 1)
(3540, 1971, 1)
(3541, 1971, 1)
(3543, 1443, 1)
(3545, 321, 1)
(3546, 2173, 1)
(3547, 2115, 1)
(3548, 193, 1)
(3549, 99, 1)
(3551, 3552, 1)
(3553, 720, 1)
(3556, 3465, 1)
(3557, 3555, 1)
(3560, 2879, 1)
(3562, 1041, 1)
(3564, 2896, 1)
(3565, 2896, 1)
(3566, 3567, 1)
(3568, 3458, 1)
(3569, 1962, 1)
(3570, 1198, 1)
(3571, 659, 1)
(3572, 3179, 1)
(3573, 523, 1)
(3575, 3574, 1)
(3577, 2823, 1)
(3578, 2764, 1)
(3579, 1036, 1)
(3580, 3517, 1)
(3581, 949, 1)
(3583, 2115, 1)
(3584, 1298, 1)
(3585, 1487, 1)
(3586, 3454, 1)
(3587, 3169, 1)
(3588, 1859, 1)
(3589, 605, 1)
(3590, 2948, 1)
(3591, 2769, 1)
(3592, 371, 1)
(3593, 371, 1)
(3595, 343, 1)
(3596, 2403, 1)
(3597, 749, 1)
(3598, 1562, 1)
(3599, 1057, 1)
(3600, 1654, 1)
(3602, 2443, 1)
(3603, 2160, 1)
(3605, 1229, 1)
(3607, 3033, 1)
(3610, 413, 1)
(3611, 413, 1)
(3612, 413, 1)
(3613, 413, 1)
(3614, 413, 1)
(3615, 136, 1)
(3616, 413, 1)
(3617, 413, 1)
(3618, 413, 1)
(3620, 413, 1)
(3621, 413, 1)
(3622, 413, 1)
(3623, 413, 1)
(3624, 2541, 1)
(3625, 1150, 1)
(3626, 1559, 1)
(3629, 3627, 1)
(3630, 2795, 1)
(3631, 1654, 1)
(3632, 1654, 1)
(3633, 913, 1)
(3634, 2725, 1)
(3635, 2330, 1)
(3636, 1654, 1)
(3637, 3307, 1)
(3639, 1995, 1)
(3640, 1812, 1)
(3641, 1292, 1)
(3642, 611, 1)
(3644, 3458, 1)
(3645, 3458, 1)
(3646, 2783, 1)
(3647, 196, 1)
(3649, 3648, 1)
(3650, 1962, 1)
(3651, 1859, 1)
(3652, 516, 1)
(3654, 3653, 1)
(3655, 372, 1)
(3657, 2753, 1)
(3658, 2753, 1)
(3659, 3822, 1)
(3660, 875, 1)
(3661, 1611, 1)
(3662, 2803, 1)
(3664, 2931, 1)
(3665, 3120, 1)
(3666, 1183, 1)
(3667, 2277, 1)
(3668, 2852, 1)
(3669, 593, 1)
(3671, 2477, 1)
(3672, 372, 1)
(3676, 875, 1)
(3677, 1421, 1)
(3679, 2537, 1)
(3680, 3678, 1)
(3682, 1183, 1)
(3683, 2125, 1)
(3684, 2354, 1)
(3685, 311, 1)
(3686, 139, 1)
(3687, 139, 1)
(3688, 139, 1)
(3689, 139, 1)
(3690, 139, 1)
(3691, 139, 1)
(3692, 3844, 1)
(3693, 139, 1)
(3694, 2169, 1)
(3695, 324, 1)
(3697, 605, 1)
(3698, 615, 1)
(3700, 615, 1)
(3701, 1379, 1)
(3702, 507, 1)
(3703, 982, 1)
(3707, 375, 1)
(3708, 926, 1)
(3709, 2156, 1)
(3711, 731, 1)
(3713, 3712, 1)
(3714, 1162, 1)
(3715, 1248, 1)
(3716, 1252, 1)
(3717, 3296, 1)
(3718, 3296, 1)
(3719, 3296, 1)
(3720, 593, 1)
(3722, 314, 1)
(3723, 2644, 1)
(3725, 3487, 1)
(3726, 528, 1)
(3727, 1035, 1)
(3729, 819, 1)
(3731, 3730, 1)
(3732, 3638, 1)
(3733, 3287, 1)
(3734, 3287, 1)
(3735, 3287, 1)
(3736, 507, 1)
(3737, 639, 1)
(3738, 656, 1)
(3740, 875, 1)
(3741, 2484, 1)
(3742, 3567, 1)
(3743, 875, 1)
(3744, 1402, 1)
(3745, 3656, 1)
(3746, 3656, 1)
(3747, 1690, 1)
(3748, 1654, 1)
(3749, 137, 1)
(3750, 2146, 1)
(3751, 703, 1)
(3752, 3420, 1)
(3753, 1198, 1)
(3754, 1111, 1)
(3755, 2587, 1)
(3756, 1677, 1)
(3757, 1178, 1)
(3758, 3609, 1)
(3759, 3554, 1)
(3760, 2404, 1)
(3761, 3606, 1)
(3762, 1654, 1)
(3763, 1075, 1)
(3764, 712, 1)
(3765, 2484, 1)
(3766, 507, 1)
(3767, 2146, 1)
(3768, 2828, 1)
(3769, 1654, 1)
(3770, 3675, 1)
(3771, 2107, 1)
(3772, 2351, 1)
(3773, 2021, 1)
(3774, 1479, 1)
(3775, 2335, 1)
(3776, 613, 1)
(3778, 3236, 1)
(3779, 3706, 1)
(3780, 3519, 1)
(3781, 3619, 1)
(3782, 766, 1)
(3783, 2458, 1)
(3785, 718, 1)
(3786, 2296, 1)
(3787, 3454, 1)
(3788, 2879, 1)
(3789, 1178, 1)
(3790, 1525, 1)
(3791, 1837, 1)
(3792, 1332, 1)
(3793, 507, 1)
(3794, 507, 1)
(3795, 1654, 1)
(3796, 1654, 1)
(3797, 1654, 1)
(3798, 1654, 1)
(3800, 2614, 1)
(3802, 3801, 1)
(3803, 1213, 1)
(3804, 1213, 1)
(3805, 1178, 1)
(3807, 3806, 1)
(3808, 3806, 1)
(3809, 3032, 1)
(3810, 2533, 1)
(3811, 3812, 1)
(3813, 2173, 1)
(3814, 3032, 1)
(3815, 160, 1)
(3816, 2158, 1)
(3817, 2601, 1)
(3819, 3818, 1)
(3820, 1837, 1)
(3823, 196, 1)
(3824, 3108, 1)
(3825, 3784, 1)
(3826, 1552, 1)
(3828, 276, 1)
(3829, 1303, 1)
(3832, 3022, 1)
(3833, 2173, 1)
(3834, 1204, 1)
(3835, 3465, 1)
(3836, 1311, 1)
(3838, 3001, 1)
(3839, 718, 1)
(3841, 1396, 1)
(3842, 1111, 1)
(3843, 66, 1)
(3845, 3844, 1)
(3846, 2404, 1)
(3847, 1200, 1)
(3848, 2160, 1)
(3849, 1672, 1)
(3850, 3851, 1)
(3852, 2156, 1)
(3853, 2015, 1)
(3854, 2015, 1)
(3855, 1318, 1)
(3857, 3273, 1)
(3858, 3264, 1)
(3859, 2021, 1)
(3860, 160, 1)
(3861, 1308, 1)
(3862, 2195, 1)
(3863, 2852, 1)
(3864, 528, 1)
(3865, 1841, 1)
(3866, 3648, 1)
(3867, 639, 1)
(3868, 3377, 1)
(3869, 2977, 1)
(3870, 713, 1)
(3871, 3032, 1)
(3873, 399, 1)
(3874, 3108, 1)
(3876, 1707, 1)
(3877, 2195, 1)
(3880, 3878, 1)
(3881, 3458, 1)
(3883, 136, 1)
(3884, 3699, 1)
(3885, 2713, 1)
(3886, 2195, 1)
(3887, 703, 1)
(3888, 2003, 1)
(3889, 302, 1)
(3890, 547, 1)
(3891, 2003, 1)
